0
100
0
101
1
2
J101
J100
1
0
1...2...............3...4
1...2...............3...4
1
1.A.2...............3...4
0
1
1
.1A.2...............3...4
1
0
1
.1AB2...............3...4
0
1
1
.1AB2..............43....
1
0
1
C1AB2..............43....
0
1
1
C1AB2..........3...4.....
1
0
1
C1AB2..........3...4D....
0
1
1
C1AB2.....3........4D....
1
0
1
C1AB2.....3........4D...E
0
1
1
C1AB2.....3...4.....D...E
1
0
1
C1AB2.....3...4.....DF..E
0
1
1
C1AB23........4.....DF..E
1
0
1
C1AB23........4.....DF.GE
0
1
1
C1AB23...4..........DF.GE
1
0
1
C1AB23...4......H...DF.GE
0
1
1
C1AB2.3..4......H...DF.GE
1
0
1
C1AB2.3..4......H.I.DF.GE
0
1
1
C1AB2.3.4.......H.I.DF.GE
1
0
1
C1AB2.3.4......JH.I.DF.GE
0
1
1
C1AB2...4..3...JH.I.DF.GE
1
0
1
C1AB2...4..3...JH.IKDF.GE
0
1
1
C1AB2......3.4.JH.IKDF.GE
1
C1AB2L.....3.4.JH.IKDF.GE
1
C1AB2L....3..4.JH.IKDF.GE
1
C1AB2L....3..4.JH.IKDFMGE
1
C1AB2L....3...4JH.IKDFMGE
1
C1AB2L...N3...4JH.IKDFMGE
1
C.AB2L1..N3...4JH.IKDFMGE
1
COAB2L1..N3...4JH.IKDFMGE
1
COAB.L1.2N3...4JH.IKDFMGE
1
COABPL1.2N3...4JH.IKDFMGE
1
COABPL.12N3...4JH.IKDFMGE
1
COABPL.12N3...4JHQIKDFMGE
1
COABPL.1.N3..24JHQIKDFMGE
1
COABPLR1.N3..24JHQIKDFMGE
1
COABPLR..N3.124JHQIKDFMGE
1
COABPLR.SN3.124JHQIKDFMGE
1
COABPLR.SN31.24JHQIKDFMGE
1
COABPLR.SN31T24JHQIKDFMGE
2
3
0
0
0
102
0
103
1
2
J103
J102
1
0
1...2...............3...4
1...2...............3...4
-4
-3
-3
0
1
0
1
1...2.......A.......3...4
1
....2.1.....A.......3...4
1
....2.1.....A.....B.3...4
1
....2.1.....A.....B.3..4.
1
....2.1.....AC....B.3..4.
1
....2.1.....AC..3.B....4.
1
....2.1.....AC..3DB....4.
1
....2.1.3....C...DB....4.
1
....2.1.3....CE..DB....4.
1
....2.1..3...CE..DB....4.
1
....2.1..3...CE..DBF...4.
0
1
....2....3..1CE..DBF...4.
1
....2....3..1CE..DBF...4G
1
....2....3...CE...BF..14G
1
....2....3...CE...BFH.14G
1
....2....3...CE...BFH1.4G
0
1
....2....3...CE...BFH1I4G
1
........23...CE...BFH1I4G
1
........23...CEJ..BFH1I4G
1
.........3..2CEJ..BFH1I4G
1
.........3K.2CEJ..BFH1I4G
1
......2..3K..CEJ..BFH1I4G
1
.....L2..3K..CEJ..BFH1I4G
1
2....L...3K..CEJ..BFH1I4G
1
2...ML...3K..CEJ..BFH1I4G
1
2...ML...3K..CEJ1.BFH.I4G
1
2...ML...3K..CEJ1.BFHNI4G
1
2...ML..3.K..CEJ1.BFHNI4G
1
2...ML..3OK..CEJ1.BFHNI4G
0
0
0
0
0
0
0
1
....ML2.3OK..CEJ1.BFHNI4G
1
P...ML2.3OK..CEJ1.BFHNI4G
1
P2..ML..3OK..CEJ1.BFHNI4G
1
P2.QML..3OK..CEJ1.BFHNI4G
1
P.2QML..3OK..CEJ1.BFHNI4G
1
PR2QML..3OK..CEJ1.BFHNI4G
1
PR2QML.3.OK..CEJ1.BFHNI4G
1
PR2QML.3SOK..CEJ1.BFHNI4G
1
PR2QML3.SOK..CEJ1.BFHNI4G
1
PR2QML3.SOKT.CEJ1.BFHNI4G
1
PR2QML.3SOKT.CEJ1.BFHNI4G
-5
0
0
0
0
0
0
0
1
PR2QML.3SOKT.CEJ1IBFHN.4G
1
PR2QML13SOK..CEJ.IBFHN.4G
1
PR2QML13SOK..CEJNIBFH..4G
1
PR2QML13SOK..CEJNIBFH.4.G
1
PR2QML13SOKN.CEJ.IBFH.4.G
1
PR2QML13SOKN4CEJ..BFH...G
1
PR2QML13SOKN4CEJ..BFH..G.
1
PR2QML.3SOK.4CEJ1.BFH..G.
PR2QML.3SOK.4CEJ1.BFH..G.
3
2
0
0
0
104
0
105
1
2
J105
J104
1
0
1...2...............3...4
1...2...............3...4
1
1.A.2...............3...4
0
1
1
.1A.2...............3...4
1
0
1
.1AB2...............3...4
0
1
1
.1AB2..............43....
1
0
1
C1AB2..............43....
0
1
1
C1AB2..........3...4.....
1
0
1
C1AB2..........3...4D....
0
1
1
C1AB2.....3........4D....
1
0
1
C1AB2.....3........4D...E
0
1
1
C1AB2.....3...4.....D...E
1
0
1
C1AB2.....3...4.....DF..E
0
1
1
C1AB23........4.....DF..E
1
0
1
C1AB23........4.....DF.GE
0
1
1
C1AB23...4..........DF.GE
1
0
1
C1AB23...4......H...DF.GE
0
1
1
C1AB2.3..4......H...DF.GE
1
0
1
C1AB2.3..4......H.I.DF.GE
0
1
1
C1AB2.3.4.......H.I.DF.GE
1
0
1
C1AB2.3.4......JH.I.DF.GE
0
1
1
C1AB2...4..3...JH.I.DF.GE
1
0
1
C1AB2...4..3...JH.IKDF.GE
0
1
1
C1AB2......3.4.JH.IKDF.GE
1
C1AB2L.....3.4.JH.IKDF.GE
1
C1AB2L....3..4.JH.IKDF.GE
1
C1AB2L....3..4.JH.IKDFMGE
1
C1AB2L....3...4JH.IKDFMGE
1
C1AB2L...N3...4JH.IKDFMGE
1
C.AB2L1..N3...4JH.IKDFMGE
1
COAB2L1..N3...4JH.IKDFMGE
1
COAB.L1.2N3...4JH.IKDFMGE
1
COABPL1.2N3...4JH.IKDFMGE
1
COABPL.12N3...4JH.IKDFMGE
1
COABPL.12N3...4JHQIKDFMGE
1
COABPL.1.N3..24JHQIKDFMGE
1
COABPLR1.N3..24JHQIKDFMGE
1
COABPLR..N3.124JHQIKDFMGE
1
COABPLR.SN3.124JHQIKDFMGE
1
COABPLR.SN31.24JHQIKDFMGE
1
COABPLR.SN31T24JHQIKDFMGE
2
3
0
0
0
106
0
107
1
2
J107
J106
1
0
1...2...............3...4
1...2...............3...4
-4
-3
-3
0
1
0
1
1...2.......A.......3...4
1
....2.1.....A.......3...4
1
....2.1.....A.....B.3...4
1
....2.1.....A.....B.3..4.
1
....2.1.....AC....B.3..4.
1
....2.1.....AC..3.B....4.
1
....2.1.....AC..3DB....4.
1
....2.1.3....C...DB....4.
1
....2.1.3....CE..DB....4.
1
....2.1..3...CE..DB....4.
1
....2.1..3...CE..DBF...4.
0
1
....2....3..1CE..DBF...4.
1
....2....3..1CE..DBF...4G
1
....2....3...CE...BF..14G
1
....2....3...CE...BFH.14G
1
....2....3...CE...BFH1.4G
0
1
....2....3...CE...BFH1I4G
1
........23...CE...BFH1I4G
1
........23...CEJ..BFH1I4G
1
.........3..2CEJ..BFH1I4G
1
.........3K.2CEJ..BFH1I4G
1
......2..3K..CEJ..BFH1I4G
1
.....L2..3K..CEJ..BFH1I4G
1
2....L...3K..CEJ..BFH1I4G
1
2...ML...3K..CEJ..BFH1I4G
1
2...ML...3K..CEJ1.BFH.I4G
1
2...ML...3K..CEJ1.BFHNI4G
1
2...ML..3.K..CEJ1.BFHNI4G
1
2...ML..3OK..CEJ1.BFHNI4G
0
0
0
0
0
0
0
1
....ML2.3OK..CEJ1.BFHNI4G
1
P...ML2.3OK..CEJ1.BFHNI4G
1
P2..ML..3OK..CEJ1.BFHNI4G
1
P2.QML..3OK..CEJ1.BFHNI4G
1
P.2QML..3OK..CEJ1.BFHNI4G
1
PR2QML..3OK..CEJ1.BFHNI4G
1
PR2QML.3.OK..CEJ1.BFHNI4G
1
PR2QML.3SOK..CEJ1.BFHNI4G
1
PR2QML3.SOK..CEJ1.BFHNI4G
1
PR2QML3.SOKT.CEJ1.BFHNI4G
1
PR2QML.3SOKT.CEJ1.BFHNI4G
-5
0
0
0
0
0
0
0
1
PR2QML.3SOKT.CEJ1IBFHN.4G
1
PR2QML13SOK..CEJ.IBFHN.4G
1
PR2QML13SOK..CEJNIBFH..4G
1
PR2QML13SOK..CEJNIBFH.4.G
1
PR2QML13SOKN.CEJ.IBFH.4.G
1
PR2QML13SOKN4CEJ..BFH...G
1
PR2QML13SOKN4CEJ..BFH..G.
1
PR2QML.3SOK.4CEJ1.BFH..G.
PR2QML.3SOK.4CEJ1.BFH..G.
3
2
0
0
0
108
0
109
1
2
J109
J108
1
0
1...2...............3...4
1...2...............3...4
1
1.A.2...............3...4
0
1
1
.1A.2...............3...4
1
0
1
.1AB2...............3...4
0
1
1
.1AB2..............43....
1
0
1
C1AB2..............43....
0
1
1
C1AB2..........3...4.....
1
0
1
C1AB2..........3...4D....
0
1
1
C1AB2.....3........4D....
1
0
1
C1AB2.....3........4D...E
0
1
1
C1AB2.....3...4.....D...E
1
0
1
C1AB2.....3...4.....DF..E
0
1
1
C1AB23........4.....DF..E
1
0
1
C1AB23........4.....DF.GE
0
1
1
C1AB23...4..........DF.GE
1
0
1
C1AB23...4......H...DF.GE
0
1
1
C1AB2.3..4......H...DF.GE
1
0
1
C1AB2.3..4......H.I.DF.GE
0
1
1
C1AB2.3.4.......H.I.DF.GE
1
0
1
C1AB2.3.4......JH.I.DF.GE
0
1
1
C1AB2...4..3...JH.I.DF.GE
1
0
1
C1AB2...4..3...JH.IKDF.GE
0
1
1
C1AB2......3.4.JH.IKDF.GE
1
C1AB2L.....3.4.JH.IKDF.GE
1
C1AB2L....3..4.JH.IKDF.GE
1
C1AB2L....3..4.JH.IKDFMGE
1
C1AB2L....3...4JH.IKDFMGE
1
C1AB2L...N3...4JH.IKDFMGE
1
C.AB2L1..N3...4JH.IKDFMGE
1
COAB2L1..N3...4JH.IKDFMGE
1
COAB.L1.2N3...4JH.IKDFMGE
1
COABPL1.2N3...4JH.IKDFMGE
1
COABPL.12N3...4JH.IKDFMGE
1
COABPL.12N3...4JHQIKDFMGE
1
COABPL.1.N3..24JHQIKDFMGE
1
COABPLR1.N3..24JHQIKDFMGE
1
COABPLR..N3.124JHQIKDFMGE
1
COABPLR.SN3.124JHQIKDFMGE
1
COABPLR.SN31.24JHQIKDFMGE
1
COABPLR.SN31T24JHQIKDFMGE
2
3
0
0
0
110
0
111
1
2
J111
J110
1
0
1...2...............3...4
1...2...............3...4
-4
-3
-3
0
1
0
1
1...2.......A.......3...4
1
....2.1.....A.......3...4
1
....2.1.....A.....B.3...4
1
....2.1.....A.....B.3..4.
1
....2.1.....AC....B.3..4.
1
....2.1.....AC..3.B....4.
1
....2.1.....AC..3DB....4.
1
....2.1.3....C...DB....4.
1
....2.1.3....CE..DB....4.
1
....2.1..3...CE..DB....4.
1
....2.1..3...CE..DBF...4.
0
1
....2....3..1CE..DBF...4.
1
....2....3..1CE..DBF...4G
1
....2....3...CE...BF..14G
1
....2....3...CE...BFH.14G
1
....2....3...CE...BFH1.4G
0
1
....2....3...CE...BFH1I4G
1
........23...CE...BFH1I4G
1
........23...CEJ..BFH1I4G
1
.........3..2CEJ..BFH1I4G
1
.........3K.2CEJ..BFH1I4G
1
......2..3K..CEJ..BFH1I4G
1
.....L2..3K..CEJ..BFH1I4G
1
2....L...3K..CEJ..BFH1I4G
1
2...ML...3K..CEJ..BFH1I4G
1
2...ML...3K..CEJ1.BFH.I4G
1
2...ML...3K..CEJ1.BFHNI4G
1
2...ML..3.K..CEJ1.BFHNI4G
1
2...ML..3OK..CEJ1.BFHNI4G
0
0
0
0
0
0
0
1
....ML2.3OK..CEJ1.BFHNI4G
1
P...ML2.3OK..CEJ1.BFHNI4G
1
P2..ML..3OK..CEJ1.BFHNI4G
1
P2.QML..3OK..CEJ1.BFHNI4G
1
P.2QML..3OK..CEJ1.BFHNI4G
1
PR2QML..3OK..CEJ1.BFHNI4G
1
PR2QML.3.OK..CEJ1.BFHNI4G
1
PR2QML.3SOK..CEJ1.BFHNI4G
1
PR2QML3.SOK..CEJ1.BFHNI4G
1
PR2QML3.SOKT.CEJ1.BFHNI4G
1
PR2QML.3SOKT.CEJ1.BFHNI4G
-5
0
0
0
0
0
0
0
1
PR2QML.3SOKT.CEJ1IBFHN.4G
1
PR2QML13SOK..CEJ.IBFHN.4G
1
PR2QML13SOK..CEJNIBFH..4G
1
PR2QML13SOK..CEJNIBFH.4.G
1
PR2QML13SOKN.CEJ.IBFH.4.G
1
PR2QML13SOKN4CEJ..BFH...G
1
PR2QML13SOKN4CEJ..BFH..G.
1
PR2QML.3SOK.4CEJ1.BFH..G.
PR2QML.3SOK.4CEJ1.BFH..G.
3
2
0
0
0
112
0
113
1
2
J113
J112
1
0
1...2...............3...4
1...2...............3...4
1
1.A.2...............3...4
0
1
1
.1A.2...............3...4
1
0
1
.1AB2...............3...4
0
1
1
.1AB2..............43....
1
0
1
C1AB2..............43....
0
1
1
C1AB2..........3...4.....
1
0
1
C1AB2..........3...4D....
0
1
1
C1AB2.....3........4D....
1
0
1
C1AB2.....3........4D...E
0
1
1
C1AB2.....3...4.....D...E
1
0
1
C1AB2.....3...4.....DF..E
0
1
1
C1AB23........4.....DF..E
1
0
1
C1AB23........4.....DF.GE
0
1
1
C1AB23...4..........DF.GE
1
0
1
C1AB23...4......H...DF.GE
0
1
1
C1AB2.3..4......H...DF.GE
1
0
1
C1AB2.3..4......H.I.DF.GE
0
1
1
C1AB2.3.4.......H.I.DF.GE
1
0
1
C1AB2.3.4......JH.I.DF.GE
0
1
1
C1AB2...4..3...JH.I.DF.GE
1
0
1
C1AB2...4..3...JH.IKDF.GE
0
1
1
C1AB2......3.4.JH.IKDF.GE
1
C1AB2L.....3.4.JH.IKDF.GE
1
C1AB2L....3..4.JH.IKDF.GE
1
C1AB2L....3..4.JH.IKDFMGE
1
C1AB2L....3...4JH.IKDFMGE
1
C1AB2L...N3...4JH.IKDFMGE
1
C.AB2L1..N3...4JH.IKDFMGE
1
COAB2L1..N3...4JH.IKDFMGE
1
COAB.L1.2N3...4JH.IKDFMGE
1
COABPL1.2N3...4JH.IKDFMGE
1
COABPL.12N3...4JH.IKDFMGE
1
COABPL.12N3...4JHQIKDFMGE
1
COABPL.1.N3..24JHQIKDFMGE
1
COABPLR1.N3..24JHQIKDFMGE
1
COABPLR..N3.124JHQIKDFMGE
1
COABPLR.SN3.124JHQIKDFMGE
1
COABPLR.SN31.24JHQIKDFMGE
1
COABPLR.SN31T24JHQIKDFMGE
2
3
0
0
0
114
0
115
1
2
J115
J114
1
0
1...2...............3...4
1...2...............3...4
-4
-3
-3
0
1
0
1
1...2.......A.......3...4
1
....2.1.....A.......3...4
1
....2.1.....A.....B.3...4
1
....2.1.....A.....B.3..4.
1
....2.1.....AC....B.3..4.
1
....2.1.....AC..3.B....4.
1
....2.1.....AC..3DB....4.
1
....2.1.3....C...DB....4.
1
....2.1.3....CE..DB....4.
1
....2.1..3...CE..DB....4.
1
....2.1..3...CE..DBF...4.
0
1
....2....3..1CE..DBF...4.
1
....2....3..1CE..DBF...4G
1
....2....3...CE...BF..14G
1
....2....3...CE...BFH.14G
1
....2....3...CE...BFH1.4G
0
1
....2....3...CE...BFH1I4G
1
........23...CE...BFH1I4G
1
........23...CEJ..BFH1I4G
1
.........3..2CEJ..BFH1I4G
1
.........3K.2CEJ..BFH1I4G
1
......2..3K..CEJ..BFH1I4G
1
.....L2..3K..CEJ..BFH1I4G
1
2....L...3K..CEJ..BFH1I4G
1
2...ML...3K..CEJ..BFH1I4G
1
2...ML...3K..CEJ1.BFH.I4G
1
2...ML...3K..CEJ1.BFHNI4G
1
2...ML..3.K..CEJ1.BFHNI4G
1
2...ML..3OK..CEJ1.BFHNI4G
0
0
0
0
0
0
0
1
....ML2.3OK..CEJ1.BFHNI4G
1
P...ML2.3OK..CEJ1.BFHNI4G
1
P2..ML..3OK..CEJ1.BFHNI4G
1
P2.QML..3OK..CEJ1.BFHNI4G
1
P.2QML..3OK..CEJ1.BFHNI4G
1
PR2QML..3OK..CEJ1.BFHNI4G
1
PR2QML.3.OK..CEJ1.BFHNI4G
1
PR2QML.3SOK..CEJ1.BFHNI4G
1
PR2QML3.SOK..CEJ1.BFHNI4G
1
PR2QML3.SOKT.CEJ1.BFHNI4G
1
PR2QML.3SOKT.CEJ1.BFHNI4G
-5
0
0
0
0
0
0
0
1
PR2QML.3SOKT.CEJ1IBFHN.4G
1
PR2QML13SOK..CEJ.IBFHN.4G
1
PR2QML13SOK..CEJNIBFH..4G
1
PR2QML13SOK..CEJNIBFH.4.G
1
PR2QML13SOKN.CEJ.IBFH.4.G
1
PR2QML13SOKN4CEJ..BFH...G
1
PR2QML13SOKN4CEJ..BFH..G.
1
PR2QML.3SOK.4CEJ1.BFH..G.
PR2QML.3SOK.4CEJ1.BFH..G.
3
2
0
0
0
116
0
117
1
2
J117
J116
1
0
1...2...............3...4
1...2...............3...4
1
1.A.2...............3...4
0
1
1
.1A.2...............3...4
1
0
1
.1AB2...............3...4
0
1
1
.1AB2..............43....
1
0
1
C1AB2..............43....
0
1
1
C1AB2..........3...4.....
1
0
1
C1AB2..........3...4D....
0
1
1
C1AB2.....3........4D....
1
0
1
C1AB2.....3........4D...E
0
1
1
C1AB2.....3...4.....D...E
1
0
1
C1AB2.....3...4.....DF..E
0
1
1
C1AB23........4.....DF..E
1
0
1
C1AB23........4.....DF.GE
0
1
1
C1AB23...4..........DF.GE
1
0
1
C1AB23...4......H...DF.GE
0
1
1
C1AB2.3..4......H...DF.GE
1
0
1
C1AB2.3..4......H.I.DF.GE
0
1
1
C1AB2.3.4.......H.I.DF.GE
1
0
1
C1AB2.3.4......JH.I.DF.GE
0
1
1
C1AB2...4..3...JH.I.DF.GE
1
0
1
C1AB2...4..3...JH.IKDF.GE
0
1
1
C1AB2......3.4.JH.IKDF.GE
1
C1AB2L.....3.4.JH.IKDF.GE
1
C1AB2L....3..4.JH.IKDF.GE
1
C1AB2L....3..4.JH.IKDFMGE
1
C1AB2L....3...4JH.IKDFMGE
1
C1AB2L...N3...4JH.IKDFMGE
1
C.AB2L1..N3...4JH.IKDFMGE
1
COAB2L1..N3...4JH.IKDFMGE
1
COAB.L1.2N3...4JH.IKDFMGE
1
COABPL1.2N3...4JH.IKDFMGE
1
COABPL.12N3...4JH.IKDFMGE
1
COABPL.12N3...4JHQIKDFMGE
1
COABPL.1.N3..24JHQIKDFMGE
1
COABPLR1.N3..24JHQIKDFMGE
1
COABPLR..N3.124JHQIKDFMGE
1
COABPLR.SN3.124JHQIKDFMGE
1
COABPLR.SN31.24JHQIKDFMGE
1
COABPLR.SN31T24JHQIKDFMGE
2
3
0
0
0
118
0
119
1
2
J119
J118
1
0
1...2...............3...4
1...2...............3...4
-4
-3
-3
0
1
0
1
1...2.......A.......3...4
1
....2.1.....A.......3...4
1
....2.1.....A.....B.3...4
1
....2.1.....A.....B.3..4.
1
....2.1.....AC....B.3..4.
1
....2.1.....AC..3.B....4.
1
....2.1.....AC..3DB....4.
1
....2.1.3....C...DB....4.
1
....2.1.3....CE..DB....4.
1
....2.1..3...CE..DB....4.
1
....2.1..3...CE..DBF...4.
0
1
....2....3..1CE..DBF...4.
1
....2....3..1CE..DBF...4G
1
....2....3...CE...BF..14G
1
....2....3...CE...BFH.14G
1
....2....3...CE...BFH1.4G
0
1
....2....3...CE...BFH1I4G
1
........23...CE...BFH1I4G
1
........23...CEJ..BFH1I4G
1
.........3..2CEJ..BFH1I4G
1
.........3K.2CEJ..BFH1I4G
1
......2..3K..CEJ..BFH1I4G
1
.....L2..3K..CEJ..BFH1I4G
1
2....L...3K..CEJ..BFH1I4G
1
2...ML...3K..CEJ..BFH1I4G
1
2...ML...3K..CEJ1.BFH.I4G
1
2...ML...3K..CEJ1.BFHNI4G
1
2...ML..3.K..CEJ1.BFHNI4G
1
2...ML..3OK..CEJ1.BFHNI4G
0
0
0
0
0
0
0
1
....ML2.3OK..CEJ1.BFHNI4G
1
P...ML2.3OK..CEJ1.BFHNI4G
1
P2..ML..3OK..CEJ1.BFHNI4G
1
P2.QML..3OK..CEJ1.BFHNI4G
1
P.2QML..3OK..CEJ1.BFHNI4G
1
PR2QML..3OK..CEJ1.BFHNI4G
1
PR2QML.3.OK..CEJ1.BFHNI4G
1
PR2QML.3SOK..CEJ1.BFHNI4G
1
PR2QML3.SOK..CEJ1.BFHNI4G
1
PR2QML3.SOKT.CEJ1.BFHNI4G
1
PR2QML.3SOKT.CEJ1.BFHNI4G
-5
0
0
0
0
0
0
0
1
PR2QML.3SOKT.CEJ1IBFHN.4G
1
PR2QML13SOK..CEJ.IBFHN.4G
1
PR2QML13SOK..CEJNIBFH..4G
1
PR2QML13SOK..CEJNIBFH.4.G
1
PR2QML13SOKN.CEJ.IBFH.4.G
1
PR2QML13SOKN4CEJ..BFH...G
1
PR2QML13SOKN4CEJ..BFH..G.
1
PR2QML.3SOK.4CEJ1.BFH..G.
PR2QML.3SOK.4CEJ1.BFH..G.
3
2
0
0
0
120
0
121
1
2
J121
J120
1
0
1...2...............3...4
1...2...............3...4
1
1.A.2...............3...4
0
1
1
.1A.2...............3...4
1
0
1
.1AB2...............3...4
0
1
1
.1AB2..............43....
1
0
1
C1AB2..............43....
0
1
1
C1AB2..........3...4.....
1
0
1
C1AB2..........3...4D....
0
1
1
C1AB2.....3........4D....
1
0
1
C1AB2.....3........4D...E
0
1
1
C1AB2.....3...4.....D...E
1
0
1
C1AB2.....3...4.....DF..E
0
1
1
C1AB23........4.....DF..E
1
0
1
C1AB23........4.....DF.GE
0
1
1
C1AB23...4..........DF.GE
1
0
1
C1AB23...4......H...DF.GE
0
1
1
C1AB2.3..4......H...DF.GE
1
0
1
C1AB2.3..4......H.I.DF.GE
0
1
1
C1AB2.3.4.......H.I.DF.GE
1
0
1
C1AB2.3.4......JH.I.DF.GE
0
1
1
C1AB2...4..3...JH.I.DF.GE
1
0
1
C1AB2...4..3...JH.IKDF.GE
0
1
1
C1AB2......3.4.JH.IKDF.GE
1
C1AB2L.....3.4.JH.IKDF.GE
1
C1AB2L....3..4.JH.IKDF.GE
1
C1AB2L....3..4.JH.IKDFMGE
1
C1AB2L....3...4JH.IKDFMGE
1
C1AB2L...N3...4JH.IKDFMGE
1
C.AB2L1..N3...4JH.IKDFMGE
1
COAB2L1..N3...4JH.IKDFMGE
1
COAB.L1.2N3...4JH.IKDFMGE
1
COABPL1.2N3...4JH.IKDFMGE
1
COABPL.12N3...4JH.IKDFMGE
1
COABPL.12N3...4JHQIKDFMGE
1
COABPL.1.N3..24JHQIKDFMGE
1
COABPLR1.N3..24JHQIKDFMGE
1
COABPLR..N3.124JHQIKDFMGE
1
COABPLR.SN3.124JHQIKDFMGE
1
COABPLR.SN31.24JHQIKDFMGE
1
COABPLR.SN31T24JHQIKDFMGE
2
3
0
0
0
122
0
123
1
2
J123
J122
1
0
1...2...............3...4
1...2...............3...4
-4
-3
-3
0
1
0
1
1...2.......A.......3...4
1
....2.1.....A.......3...4
1
....2.1.....A.....B.3...4
1
....2.1.....A.....B.3..4.
1
....2.1.....AC....B.3..4.
1
....2.1.....AC..3.B....4.
1
....2.1.....AC..3DB....4.
1
....2.1.3....C...DB....4.
1
....2.1.3....CE..DB....4.
1
....2.1..3...CE..DB....4.
1
....2.1..3...CE..DBF...4.
0
1
....2....3..1CE..DBF...4.
1
....2....3..1CE..DBF...4G
1
....2....3...CE...BF..14G
1
....2....3...CE...BFH.14G
1
....2....3...CE...BFH1.4G
0
1
....2....3...CE...BFH1I4G
1
........23...CE...BFH1I4G
1
........23...CEJ..BFH1I4G
1
.........3..2CEJ..BFH1I4G
1
.........3K.2CEJ..BFH1I4G
1
......2..3K..CEJ..BFH1I4G
1
.....L2..3K..CEJ..BFH1I4G
1
2....L...3K..CEJ..BFH1I4G
1
2...ML...3K..CEJ..BFH1I4G
1
2...ML...3K..CEJ1.BFH.I4G
1
2...ML...3K..CEJ1.BFHNI4G
1
2...ML..3.K..CEJ1.BFHNI4G
1
2...ML..3OK..CEJ1.BFHNI4G
0
0
0
0
0
0
0
1
....ML2.3OK..CEJ1.BFHNI4G
1
P...ML2.3OK..CEJ1.BFHNI4G
1
P2..ML..3OK..CEJ1.BFHNI4G
1
P2.QML..3OK..CEJ1.BFHNI4G
1
P.2QML..3OK..CEJ1.BFHNI4G
1
PR2QML..3OK..CEJ1.BFHNI4G
1
PR2QML.3.OK..CEJ1.BFHNI4G
1
PR2QML.3SOK..CEJ1.BFHNI4G
1
PR2QML3.SOK..CEJ1.BFHNI4G
1
PR2QML3.SOKT.CEJ1.BFHNI4G
1
PR2QML.3SOKT.CEJ1.BFHNI4G
-5
0
0
0
0
0
0
0
1
PR2QML.3SOKT.CEJ1IBFHN.4G
1
PR2QML13SOK..CEJ.IBFHN.4G
1
PR2QML13SOK..CEJNIBFH..4G
1
PR2QML13SOK..CEJNIBFH.4.G
1
PR2QML13SOKN.CEJ.IBFH.4.G
1
PR2QML13SOKN4CEJ..BFH...G
1
PR2QML13SOKN4CEJ..BFH..G.
1
PR2QML.3SOK.4CEJ1.BFH..G.
PR2QML.3SOK.4CEJ1.BFH..G.
3
2
0
0
0
124
0
125
1
2
J125
J124
1
0
1...2...............3...4
1...2...............3...4
1
1.A.2...............3...4
0
1
1
.1A.2...............3...4
1
0
1
.1AB2...............3...4
0
1
1
.1AB2..............43....
1
0
1
C1AB2..............43....
0
1
1
C1AB2..........3...4.....
1
0
1
C1AB2..........3...4D....
0
1
1
C1AB2.....3........4D....
1
0
1
C1AB2.....3........4D...E
0
1
1
C1AB2.....3...4.....D...E
1
0
1
C1AB2.....3...4.....DF..E
0
1
1
C1AB23........4.....DF..E
1
0
1
C1AB23........4.....DF.GE
0
1
1
C1AB23...4..........DF.GE
1
0
1
C1AB23...4......H...DF.GE
0
1
1
C1AB2.3..4......H...DF.GE
1
0
1
C1AB2.3..4......H.I.DF.GE
0
1
1
C1AB2.3.4.......H.I.DF.GE
1
0
1
C1AB2.3.4......JH.I.DF.GE
0
1
1
C1AB2...4..3...JH.I.DF.GE
1
0
1
C1AB2...4..3...JH.IKDF.GE
0
1
1
C1AB2......3.4.JH.IKDF.GE
1
C1AB2L.....3.4.JH.IKDF.GE
1
C1AB2L....3..4.JH.IKDF.GE
1
C1AB2L....3..4.JH.IKDFMGE
1
C1AB2L....3...4JH.IKDFMGE
1
C1AB2L...N3...4JH.IKDFMGE
1
C.AB2L1..N3...4JH.IKDFMGE
1
COAB2L1..N3...4JH.IKDFMGE
1
COAB.L1.2N3...4JH.IKDFMGE
1
COABPL1.2N3...4JH.IKDFMGE
1
COABPL.12N3...4JH.IKDFMGE
1
COABPL.12N3...4JHQIKDFMGE
1
COABPL.1.N3..24JHQIKDFMGE
1
COABPLR1.N3..24JHQIKDFMGE
1
COABPLR..N3.124JHQIKDFMGE
1
COABPLR.SN3.124JHQIKDFMGE
1
COABPLR.SN31.24JHQIKDFMGE
1
COABPLR.SN31T24JHQIKDFMGE
2
3
0
0
0
126
0
127
1
2
J127
J126
1
0
1...2...............3...4
1...2...............3...4
-4
-3
-3
0
1
0
1
1...2.......A.......3...4
1
....2.1.....A.......3...4
1
....2.1.....A.....B.3...4
1
....2.1.....A.....B.3..4.
1
....2.1.....AC....B.3..4.
1
....2.1.....AC..3.B....4.
1
....2.1.....AC..3DB....4.
1
....2.1.3....C...DB....4.
1
....2.1.3....CE..DB....4.
1
....2.1..3...CE..DB....4.
1
....2.1..3...CE..DBF...4.
0
1
....2....3..1CE..DBF...4.
1
....2....3..1CE..DBF...4G
1
....2....3...CE...BF..14G
1
....2....3...CE...BFH.14G
1
....2....3...CE...BFH1.4G
0
1
....2....3...CE...BFH1I4G
1
........23...CE...BFH1I4G
1
........23...CEJ..BFH1I4G
1
.........3..2CEJ..BFH1I4G
1
.........3K.2CEJ..BFH1I4G
1
......2..3K..CEJ..BFH1I4G
1
.....L2..3K..CEJ..BFH1I4G
1
2....L...3K..CEJ..BFH1I4G
1
2...ML...3K..CEJ..BFH1I4G
1
2...ML...3K..CEJ1.BFH.I4G
1
2...ML...3K..CEJ1.BFHNI4G
1
2...ML..3.K..CEJ1.BFHNI4G
1
2...ML..3OK..CEJ1.BFHNI4G
0
0
0
0
0
0
0
1
....ML2.3OK..CEJ1.BFHNI4G
1
P...ML2.3OK..CEJ1.BFHNI4G
1
P2..ML..3OK..CEJ1.BFHNI4G
1
P2.QML..3OK..CEJ1.BFHNI4G
1
P.2QML..3OK..CEJ1.BFHNI4G
1
PR2QML..3OK..CEJ1.BFHNI4G
1
PR2QML.3.OK..CEJ1.BFHNI4G
1
PR2QML.3SOK..CEJ1.BFHNI4G
1
PR2QML3.SOK..CEJ1.BFHNI4G
1
PR2QML3.SOKT.CEJ1.BFHNI4G
1
PR2QML.3SOKT.CEJ1.BFHNI4G
-5
0
0
0
0
0
0
0
1
PR2QML.3SOKT.CEJ1IBFHN.4G
1
PR2QML13SOK..CEJ.IBFHN.4G
1
PR2QML13SOK..CEJNIBFH..4G
1
PR2QML13SOK..CEJNIBFH.4.G
1
PR2QML13SOKN.CEJ.IBFH.4.G
1
PR2QML13SOKN4CEJ..BFH...G
1
PR2QML13SOKN4CEJ..BFH..G.
1
PR2QML.3SOK.4CEJ1.BFH..G.
PR2QML.3SOK.4CEJ1.BFH..G.
3
2
0
0
0
128
0
129
1
2
J129
J128
1
0
1...2...............3...4
1...2...............3...4
1
1.A.2...............3...4
0
1
1
.1A.2...............3...4
1
0
1
.1AB2...............3...4
0
1
1
.1AB2..............43....
1
0
1
C1AB2..............43....
0
1
1
C1AB2..........3...4.....
1
0
1
C1AB2..........3...4D....
0
1
1
C1AB2.....3........4D....
1
0
1
C1AB2.....3........4D...E
0
1
1
C1AB2.....3...4.....D...E
1
0
1
C1AB2.....3...4.....DF..E
0
1
1
C1AB23........4.....DF..E
1
0
1
C1AB23........4.....DF.GE
0
1
1
C1AB23...4..........DF.GE
1
0
1
C1AB23...4......H...DF.GE
0
1
1
C1AB2.3..4......H...DF.GE
1
0
1
C1AB2.3..4......H.I.DF.GE
0
1
1
C1AB2.3.4.......H.I.DF.GE
1
0
1
C1AB2.3.4......JH.I.DF.GE
0
1
1
C1AB2...4..3...JH.I.DF.GE
1
0
1
C1AB2...4..3...JH.IKDF.GE
0
1
1
C1AB2......3.4.JH.IKDF.GE
1
C1AB2L.....3.4.JH.IKDF.GE
1
C1AB2L....3..4.JH.IKDF.GE
1
C1AB2L....3..4.JH.IKDFMGE
1
C1AB2L....3...4JH.IKDFMGE
1
C1AB2L...N3...4JH.IKDFMGE
1
C.AB2L1..N3...4JH.IKDFMGE
1
COAB2L1..N3...4JH.IKDFMGE
1
COAB.L1.2N3...4JH.IKDFMGE
1
COABPL1.2N3...4JH.IKDFMGE
1
COABPL.12N3...4JH.IKDFMGE
1
COABPL.12N3...4JHQIKDFMGE
1
COABPL.1.N3..24JHQIKDFMGE
1
COABPLR1.N3..24JHQIKDFMGE
1
COABPLR..N3.124JHQIKDFMGE
1
COABPLR.SN3.124JHQIKDFMGE
1
COABPLR.SN31.24JHQIKDFMGE
1
COABPLR.SN31T24JHQIKDFMGE
2
3
0
0
0
130
0
131
1
2
J131
J130
1
0
1...2...............3...4
1...2...............3...4
-4
-3
-3
0
1
0
1
1...2.......A.......3...4
1
....2.1.....A.......3...4
1
....2.1.....A.....B.3...4
1
....2.1.....A.....B.3..4.
1
....2.1.....AC....B.3..4.
1
....2.1.....AC..3.B....4.
1
....2.1.....AC..3DB....4.
1
....2.1.3....C...DB....4.
1
....2.1.3....CE..DB....4.
1
....2.1..3...CE..DB....4.
1
....2.1..3...CE..DBF...4.
0
1
....2....3..1CE..DBF...4.
1
....2....3..1CE..DBF...4G
1
....2....3...CE...BF..14G
1
....2....3...CE...BFH.14G
1
....2....3...CE...BFH1.4G
0
1
....2....3...CE...BFH1I4G
1
........23...CE...BFH1I4G
1
........23...CEJ..BFH1I4G
1
.........3..2CEJ..BFH1I4G
1
.........3K.2CEJ..BFH1I4G
1
......2..3K..CEJ..BFH1I4G
1
.....L2..3K..CEJ..BFH1I4G
1
2....L...3K..CEJ..BFH1I4G
1
2...ML...3K..CEJ..BFH1I4G
1
2...ML...3K..CEJ1.BFH.I4G
1
2...ML...3K..CEJ1.BFHNI4G
1
2...ML..3.K..CEJ1.BFHNI4G
1
2...ML..3OK..CEJ1.BFHNI4G
0
0
0
0
0
0
0
1
....ML2.3OK..CEJ1.BFHNI4G
1
P...ML2.3OK..CEJ1.BFHNI4G
1
P2..ML..3OK..CEJ1.BFHNI4G
1
P2.QML..3OK..CEJ1.BFHNI4G
1
P.2QML..3OK..CEJ1.BFHNI4G
1
PR2QML..3OK..CEJ1.BFHNI4G
1
PR2QML.3.OK..CEJ1.BFHNI4G
1
PR2QML.3SOK..CEJ1.BFHNI4G
1
PR2QML3.SOK..CEJ1.BFHNI4G
1
PR2QML3.SOKT.CEJ1.BFHNI4G
1
PR2QML.3SOKT.CEJ1.BFHNI4G
-5
0
0
0
0
0
0
0
1
PR2QML.3SOKT.CEJ1IBFHN.4G
1
PR2QML13SOK..CEJ.IBFHN.4G
1
PR2QML13SOK..CEJNIBFH..4G
1
PR2QML13SOK..CEJNIBFH.4.G
1
PR2QML13SOKN.CEJ.IBFH.4.G
1
PR2QML13SOKN4CEJ..BFH...G
1
PR2QML13SOKN4CEJ..BFH..G.
1
PR2QML.3SOK.4CEJ1.BFH..G.
PR2QML.3SOK.4CEJ1.BFH..G.
3
2
0
0
0
132
0
133
1
2
J133
J132
1
0
1...2...............3...4
1...2...............3...4
1
1.A.2...............3...4
0
1
1
.1A.2...............3...4
1
0
1
.1AB2...............3...4
0
1
1
.1AB2..............43....
1
0
1
C1AB2..............43....
0
1
1
C1AB2..........3...4.....
1
0
1
C1AB2..........3...4D....
0
1
1
C1AB2.....3........4D....
1
0
1
C1AB2.....3........4D...E
0
1
1
C1AB2.....3...4.....D...E
1
0
1
C1AB2.....3...4.....DF..E
0
1
1
C1AB23........4.....DF..E
1
0
1
C1AB23........4.....DF.GE
0
1
1
C1AB23...4..........DF.GE
1
0
1
C1AB23...4......H...DF.GE
0
1
1
C1AB2.3..4......H...DF.GE
1
0
1
C1AB2.3..4......H.I.DF.GE
0
1
1
C1AB2.3.4.......H.I.DF.GE
1
0
1
C1AB2.3.4......JH.I.DF.GE
0
1
1
C1AB2...4..3...JH.I.DF.GE
1
0
1
C1AB2...4..3...JH.IKDF.GE
0
1
1
C1AB2......3.4.JH.IKDF.GE
1
C1AB2L.....3.4.JH.IKDF.GE
1
C1AB2L....3..4.JH.IKDF.GE
1
C1AB2L....3..4.JH.IKDFMGE
1
C1AB2L....3...4JH.IKDFMGE
1
C1AB2L...N3...4JH.IKDFMGE
1
C.AB2L1..N3...4JH.IKDFMGE
1
COAB2L1..N3...4JH.IKDFMGE
1
COAB.L1.2N3...4JH.IKDFMGE
1
COABPL1.2N3...4JH.IKDFMGE
1
COABPL.12N3...4JH.IKDFMGE
1
COABPL.12N3...4JHQIKDFMGE
1
COABPL.1.N3..24JHQIKDFMGE
1
COABPLR1.N3..24JHQIKDFMGE
1
COABPLR..N3.124JHQIKDFMGE
1
COABPLR.SN3.124JHQIKDFMGE
1
COABPLR.SN31.24JHQIKDFMGE
1
COABPLR.SN31T24JHQIKDFMGE
2
3
0
0
0
134
0
135
1
2
J135
J134
1
0
1...2...............3...4
1...2...............3...4
-4
-3
-3
0
1
0
1
1...2.......A.......3...4
1
....2.1.....A.......3...4
1
....2.1.....A.....B.3...4
1
....2.1.....A.....B.3..4.
1
....2.1.....AC....B.3..4.
1
....2.1.....AC..3.B....4.
1
....2.1.....AC..3DB....4.
1
....2.1.3....C...DB....4.
1
....2.1.3....CE..DB....4.
1
....2.1..3...CE..DB....4.
1
....2.1..3...CE..DBF...4.
0
1
....2....3..1CE..DBF...4.
1
....2....3..1CE..DBF...4G
1
....2....3...CE...BF..14G
1
....2....3...CE...BFH.14G
1
....2....3...CE...BFH1.4G
0
1
....2....3...CE...BFH1I4G
1
........23...CE...BFH1I4G
1
........23...CEJ..BFH1I4G
1
.........3..2CEJ..BFH1I4G
1
.........3K.2CEJ..BFH1I4G
1
......2..3K..CEJ..BFH1I4G
1
.....L2..3K..CEJ..BFH1I4G
1
2....L...3K..CEJ..BFH1I4G
1
2...ML...3K..CEJ..BFH1I4G
1
2...ML...3K..CEJ1.BFH.I4G
1
2...ML...3K..CEJ1.BFHNI4G
1
2...ML..3.K..CEJ1.BFHNI4G
1
2...ML..3OK..CEJ1.BFHNI4G
0
0
0
0
0
0
0
1
....ML2.3OK..CEJ1.BFHNI4G
1
P...ML2.3OK..CEJ1.BFHNI4G
1
P2..ML..3OK..CEJ1.BFHNI4G
1
P2.QML..3OK..CEJ1.BFHNI4G
1
P.2QML..3OK..CEJ1.BFHNI4G
1
PR2QML..3OK..CEJ1.BFHNI4G
1
PR2QML.3.OK..CEJ1.BFHNI4G
1
PR2QML.3SOK..CEJ1.BFHNI4G
1
PR2QML3.SOK..CEJ1.BFHNI4G
1
PR2QML3.SOKT.CEJ1.BFHNI4G
1
PR2QML.3SOKT.CEJ1.BFHNI4G
-5
0
0
0
0
0
0
0
1
PR2QML.3SOKT.CEJ1IBFHN.4G
1
PR2QML13SOK..CEJ.IBFHN.4G
1
PR2QML13SOK..CEJNIBFH..4G
1
PR2QML13SOK..CEJNIBFH.4.G
1
PR2QML13SOKN.CEJ.IBFH.4.G
1
PR2QML13SOKN4CEJ..BFH...G
1
PR2QML13SOKN4CEJ..BFH..G.
1
PR2QML.3SOK.4CEJ1.BFH..G.
PR2QML.3SOK.4CEJ1.BFH..G.
3
2
0
0
0
136
0
137
1
2
J137
J136
1
0
1...2...............3...4
1...2...............3...4
1
1.A.2...............3...4
0
1
1
.1A.2...............3...4
1
0
1
.1AB2...............3...4
0
1
1
.1AB2..............43....
1
0
1
C1AB2..............43....
0
1
1
C1AB2..........3...4.....
1
0
1
C1AB2..........3...4D....
0
1
1
C1AB2.....3........4D....
1
0
1
C1AB2.....3........4D...E
0
1
1
C1AB2.....3...4.....D...E
1
0
1
C1AB2.....3...4.....DF..E
0
1
1
C1AB23........4.....DF..E
1
0
1
C1AB23........4.....DF.GE
0
1
1
C1AB23...4..........DF.GE
1
0
1
C1AB23...4......H...DF.GE
0
1
1
C1AB2.3..4......H...DF.GE
1
0
1
C1AB2.3..4......H.I.DF.GE
0
1
1
C1AB2.3.4.......H.I.DF.GE
1
0
1
C1AB2.3.4......JH.I.DF.GE
0
1
1
C1AB2...4..3...JH.I.DF.GE
1
0
1
C1AB2...4..3...JH.IKDF.GE
0
1
1
C1AB2......3.4.JH.IKDF.GE
1
C1AB2L.....3.4.JH.IKDF.GE
1
C1AB2L....3..4.JH.IKDF.GE
1
C1AB2L....3..4.JH.IKDFMGE
1
C1AB2L....3...4JH.IKDFMGE
1
C1AB2L...N3...4JH.IKDFMGE
1
C.AB2L1..N3...4JH.IKDFMGE
1
COAB2L1..N3...4JH.IKDFMGE
1
COAB.L1.2N3...4JH.IKDFMGE
1
COABPL1.2N3...4JH.IKDFMGE
1
COABPL.12N3...4JH.IKDFMGE
1
COABPL.12N3...4JHQIKDFMGE
1
COABPL.1.N3..24JHQIKDFMGE
1
COABPLR1.N3..24JHQIKDFMGE
1
COABPLR..N3.124JHQIKDFMGE
1
COABPLR.SN3.124JHQIKDFMGE
1
COABPLR.SN31.24JHQIKDFMGE
1
COABPLR.SN31T24JHQIKDFMGE
2
3
0
0
0
138
0
139
1
2
J139
J138
1
0
1...2...............3...4
1...2...............3...4
-4
-3
-3
0
1
0
1
1...2.......A.......3...4
1
....2.1.....A.......3...4
1
....2.1.....A.....B.3...4
1
....2.1.....A.....B.3..4.
1
....2.1.....AC....B.3..4.
1
....2.1.....AC..3.B....4.
1
....2.1.....AC..3DB....4.
1
....2.1.3....C...DB....4.
1
....2.1.3....CE..DB....4.
1
....2.1..3...CE..DB....4.
1
....2.1..3...CE..DBF...4.
0
1
....2....3..1CE..DBF...4.
1
....2....3..1CE..DBF...4G
1
....2....3...CE...BF..14G
1
....2....3...CE...BFH.14G
1
....2....3...CE...BFH1.4G
0
1
....2....3...CE...BFH1I4G
1
........23...CE...BFH1I4G
1
........23...CEJ..BFH1I4G
1
.........3..2CEJ..BFH1I4G
1
.........3K.2CEJ..BFH1I4G
1
......2..3K..CEJ..BFH1I4G
1
.....L2..3K..CEJ..BFH1I4G
1
2....L...3K..CEJ..BFH1I4G
1
2...ML...3K..CEJ..BFH1I4G
1
2...ML...3K..CEJ1.BFH.I4G
1
2...ML...3K..CEJ1.BFHNI4G
1
2...ML..3.K..CEJ1.BFHNI4G
1
2...ML..3OK..CEJ1.BFHNI4G
0
0
0
0
0
0
0
1
....ML2.3OK..CEJ1.BFHNI4G
1
P...ML2.3OK..CEJ1.BFHNI4G
1
P2..ML..3OK..CEJ1.BFHNI4G
1
P2.QML..3OK..CEJ1.BFHNI4G
1
P.2QML..3OK..CEJ1.BFHNI4G
1
PR2QML..3OK..CEJ1.BFHNI4G
1
PR2QML.3.OK..CEJ1.BFHNI4G
1
PR2QML.3SOK..CEJ1.BFHNI4G
1
PR2QML3.SOK..CEJ1.BFHNI4G
1
PR2QML3.SOKT.CEJ1.BFHNI4G
1
PR2QML.3SOKT.CEJ1.BFHNI4G
-5
0
0
0
0
0
0
0
1
PR2QML.3SOKT.CEJ1IBFHN.4G
1
PR2QML13SOK..CEJ.IBFHN.4G
1
PR2QML13SOK..CEJNIBFH..4G
1
PR2QML13SOK..CEJNIBFH.4.G
1
PR2QML13SOKN.CEJ.IBFH.4.G
1
PR2QML13SOKN4CEJ..BFH...G
1
PR2QML13SOKN4CEJ..BFH..G.
1
PR2QML.3SOK.4CEJ1.BFH..G.
PR2QML.3SOK.4CEJ1.BFH..G.
3
2
0
0
0
140
0
141
1
2
J141
J140
1
0
1...2...............3...4
1...2...............3...4
1
1.A.2...............3...4
0
1
1
.1A.2...............3...4
1
0
1
.1AB2...............3...4
0
1
1
.1AB2..............43....
1
0
1
C1AB2..............43....
0
1
1
C1AB2..........3...4.....
1
0
1
C1AB2..........3...4D....
0
1
1
C1AB2.....3........4D....
1
0
1
C1AB2.....3........4D...E
0
1
1
C1AB2.....3...4.....D...E
1
0
1
C1AB2.....3...4.....DF..E
0
1
1
C1AB23........4.....DF..E
1
0
1
C1AB23........4.....DF.GE
0
1
1
C1AB23...4..........DF.GE
1
0
1
C1AB23...4......H...DF.GE
0
1
1
C1AB2.3..4......H...DF.GE
1
0
1
C1AB2.3..4......H.I.DF.GE
0
1
1
C1AB2.3.4.......H.I.DF.GE
1
0
1
C1AB2.3.4......JH.I.DF.GE
0
1
1
C1AB2...4..3...JH.I.DF.GE
1
0
1
C1AB2...4..3...JH.IKDF.GE
0
1
1
C1AB2......3.4.JH.IKDF.GE
1
C1AB2L.....3.4.JH.IKDF.GE
1
C1AB2L....3..4.JH.IKDF.GE
1
C1AB2L....3..4.JH.IKDFMGE
1
C1AB2L....3...4JH.IKDFMGE
1
C1AB2L...N3...4JH.IKDFMGE
1
C.AB2L1..N3...4JH.IKDFMGE
1
COAB2L1..N3...4JH.IKDFMGE
1
COAB.L1.2N3...4JH.IKDFMGE
1
COABPL1.2N3...4JH.IKDFMGE
1
COABPL.12N3...4JH.IKDFMGE
1
COABPL.12N3...4JHQIKDFMGE
1
COABPL.1.N3..24JHQIKDFMGE
1
COABPLR1.N3..24JHQIKDFMGE
1
COABPLR..N3.124JHQIKDFMGE
1
COABPLR.SN3.124JHQIKDFMGE
1
COABPLR.SN31.24JHQIKDFMGE
1
COABPLR.SN31T24JHQIKDFMGE
2
3
0
0
0
142
0
143
1
2
J143
J142
1
0
1...2...............3...4
1...2...............3...4
-4
-3
-3
0
1
0
1
1...2.......A.......3...4
1
....2.1.....A.......3...4
1
....2.1.....A.....B.3...4
1
....2.1.....A.....B.3..4.
1
....2.1.....AC....B.3..4.
1
....2.1.....AC..3.B....4.
1
....2.1.....AC..3DB....4.
1
....2.1.3....C...DB....4.
1
....2.1.3....CE..DB....4.
1
....2.1..3...CE..DB....4.
1
....2.1..3...CE..DBF...4.
0
1
....2....3..1CE..DBF...4.
1
....2....3..1CE..DBF...4G
1
....2....3...CE...BF..14G
1
....2....3...CE...BFH.14G
1
....2....3...CE...BFH1.4G
0
1
....2....3...CE...BFH1I4G
1
........23...CE...BFH1I4G
1
........23...CEJ..BFH1I4G
1
.........3..2CEJ..BFH1I4G
1
.........3K.2CEJ..BFH1I4G
1
......2..3K..CEJ..BFH1I4G
1
.....L2..3K..CEJ..BFH1I4G
1
2....L...3K..CEJ..BFH1I4G
1
2...ML...3K..CEJ..BFH1I4G
1
2...ML...3K..CEJ1.BFH.I4G
1
2...ML...3K..CEJ1.BFHNI4G
1
2...ML..3.K..CEJ1.BFHNI4G
1
2...ML..3OK..CEJ1.BFHNI4G
0
0
0
0
0
0
0
1
....ML2.3OK..CEJ1.BFHNI4G
1
P...ML2.3OK..CEJ1.BFHNI4G
1
P2..ML..3OK..CEJ1.BFHNI4G
1
P2.QML..3OK..CEJ1.BFHNI4G
1
P.2QML..3OK..CEJ1.BFHNI4G
1
PR2QML..3OK..CEJ1.BFHNI4G
1
PR2QML.3.OK..CEJ1.BFHNI4G
1
PR2QML.3SOK..CEJ1.BFHNI4G
1
PR2QML3.SOK..CEJ1.BFHNI4G
1
PR2QML3.SOKT.CEJ1.BFHNI4G
1
PR2QML.3SOKT.CEJ1.BFHNI4G
-5
0
0
0
0
0
0
0
1
PR2QML.3SOKT.CEJ1IBFHN.4G
1
PR2QML13SOK..CEJ.IBFHN.4G
1
PR2QML13SOK..CEJNIBFH..4G
1
PR2QML13SOK..CEJNIBFH.4.G
1
PR2QML13SOKN.CEJ.IBFH.4.G
1
PR2QML13SOKN4CEJ..BFH...G
1
PR2QML13SOKN4CEJ..BFH..G.
1
PR2QML.3SOK.4CEJ1.BFH..G.
PR2QML.3SOK.4CEJ1.BFH..G.
3
2
0
0
0
144
0
145
1
2
J145
J144
1
0
1...2...............3...4
1...2...............3...4
1
1.A.2...............3...4
0
1
1
.1A.2...............3...4
1
0
1
.1AB2...............3...4
0
1
1
.1AB2..............43....
1
0
1
C1AB2..............43....
0
1
1
C1AB2..........3...4.....
1
0
1
C1AB2..........3...4D....
0
1
1
C1AB2.....3........4D....
1
0
1
C1AB2.....3........4D...E
0
1
1
C1AB2.....3...4.....D...E
1
0
1
C1AB2.....3...4.....DF..E
0
1
1
C1AB23........4.....DF..E
1
0
1
C1AB23........4.....DF.GE
0
1
1
C1AB23...4..........DF.GE
1
0
1
C1AB23...4......H...DF.GE
0
1
1
C1AB2.3..4......H...DF.GE
1
0
1
C1AB2.3..4......H.I.DF.GE
0
1
1
C1AB2.3.4.......H.I.DF.GE
1
0
1
C1AB2.3.4......JH.I.DF.GE
0
1
1
C1AB2...4..3...JH.I.DF.GE
1
0
1
C1AB2...4..3...JH.IKDF.GE
0
1
1
C1AB2......3.4.JH.IKDF.GE
1
C1AB2L.....3.4.JH.IKDF.GE
1
C1AB2L....3..4.JH.IKDF.GE
1
C1AB2L....3..4.JH.IKDFMGE
1
C1AB2L....3...4JH.IKDFMGE
1
C1AB2L...N3...4JH.IKDFMGE
1
C.AB2L1..N3...4JH.IKDFMGE
1
COAB2L1..N3...4JH.IKDFMGE
1
COAB.L1.2N3...4JH.IKDFMGE
1
COABPL1.2N3...4JH.IKDFMGE
1
COABPL.12N3...4JH.IKDFMGE
1
COABPL.12N3...4JHQIKDFMGE
1
COABPL.1.N3..24JHQIKDFMGE
1
COABPLR1.N3..24JHQIKDFMGE
1
COABPLR..N3.124JHQIKDFMGE
1
COABPLR.SN3.124JHQIKDFMGE
1
COABPLR.SN31.24JHQIKDFMGE
1
COABPLR.SN31T24JHQIKDFMGE
2
3
0
0
0
146
0
147
1
2
J147
J146
1
0
1...2...............3...4
1...2...............3...4
-4
-3
-3
0
1
0
1
1...2.......A.......3...4
1
....2.1.....A.......3...4
1
....2.1.....A.....B.3...4
1
....2.1.....A.....B.3..4.
1
....2.1.....AC....B.3..4.
1
....2.1.....AC..3.B....4.
1
....2.1.....AC..3DB....4.
1
....2.1.3....C...DB....4.
1
....2.1.3....CE..DB....4.
1
....2.1..3...CE..DB....4.
1
....2.1..3...CE..DBF...4.
0
1
....2....3..1CE..DBF...4.
1
....2....3..1CE..DBF...4G
1
....2....3...CE...BF..14G
1
....2....3...CE...BFH.14G
1
....2....3...CE...BFH1.4G
0
1
....2....3...CE...BFH1I4G
1
........23...CE...BFH1I4G
1
........23...CEJ..BFH1I4G
1
.........3..2CEJ..BFH1I4G
1
.........3K.2CEJ..BFH1I4G
1
......2..3K..CEJ..BFH1I4G
1
.....L2..3K..CEJ..BFH1I4G
1
2....L...3K..CEJ..BFH1I4G
1
2...ML...3K..CEJ..BFH1I4G
1
2...ML...3K..CEJ1.BFH.I4G
1
2...ML...3K..CEJ1.BFHNI4G
1
2...ML..3.K..CEJ1.BFHNI4G
1
2...ML..3OK..CEJ1.BFHNI4G
0
0
0
0
0
0
0
1
....ML2.3OK..CEJ1.BFHNI4G
1
P...ML2.3OK..CEJ1.BFHNI4G
1
P2..ML..3OK..CEJ1.BFHNI4G
1
P2.QML..3OK..CEJ1.BFHNI4G
1
P.2QML..3OK..CEJ1.BFHNI4G
1
PR2QML..3OK..CEJ1.BFHNI4G
1
PR2QML.3.OK..CEJ1.BFHNI4G
1
PR2QML.3SOK..CEJ1.BFHNI4G
1
PR2QML3.SOK..CEJ1.BFHNI4G
1
PR2QML3.SOKT.CEJ1.BFHNI4G
1
PR2QML.3SOKT.CEJ1.BFHNI4G
-5
0
0
0
0
0
0
0
1
PR2QML.3SOKT.CEJ1IBFHN.4G
1
PR2QML13SOK..CEJ.IBFHN.4G
1
PR2QML13SOK..CEJNIBFH..4G
1
PR2QML13SOK..CEJNIBFH.4.G
1
PR2QML13SOKN.CEJ.IBFH.4.G
1
PR2QML13SOKN4CEJ..BFH...G
1
PR2QML13SOKN4CEJ..BFH..G.
1
PR2QML.3SOK.4CEJ1.BFH..G.
PR2QML.3SOK.4CEJ1.BFH..G.
3
2
0
0
0
148
0
149
1
2
J149
J148
1
0
1...2...............3...4
1...2...............3...4
1
1.A.2...............3...4
0
1
1
.1A.2...............3...4
1
0
1
.1AB2...............3...4
0
1
1
.1AB2..............43....
1
0
1
C1AB2..............43....
0
1
1
C1AB2..........3...4.....
1
0
1
C1AB2..........3...4D....
0
1
1
C1AB2.....3........4D....
1
0
1
C1AB2.....3........4D...E
0
1
1
C1AB2.....3...4.....D...E
1
0
1
C1AB2.....3...4.....DF..E
0
1
1
C1AB23........4.....DF..E
1
0
1
C1AB23........4.....DF.GE
0
1
1
C1AB23...4..........DF.GE
1
0
1
C1AB23...4......H...DF.GE
0
1
1
C1AB2.3..4......H...DF.GE
1
0
1
C1AB2.3..4......H.I.DF.GE
0
1
1
C1AB2.3.4.......H.I.DF.GE
1
0
1
C1AB2.3.4......JH.I.DF.GE
0
1
1
C1AB2...4..3...JH.I.DF.GE
1
0
1
C1AB2...4..3...JH.IKDF.GE
0
1
1
C1AB2......3.4.JH.IKDF.GE
1
C1AB2L.....3.4.JH.IKDF.GE
1
C1AB2L....3..4.JH.IKDF.GE
1
C1AB2L....3..4.JH.IKDFMGE
1
C1AB2L....3...4JH.IKDFMGE
1
C1AB2L...N3...4JH.IKDFMGE
1
C.AB2L1..N3...4JH.IKDFMGE
1
COAB2L1..N3...4JH.IKDFMGE
1
COAB.L1.2N3...4JH.IKDFMGE
1
COABPL1.2N3...4JH.IKDFMGE
1
COABPL.12N3...4JH.IKDFMGE
1
COABPL.12N3...4JHQIKDFMGE
1
COABPL.1.N3..24JHQIKDFMGE
1
COABPLR1.N3..24JHQIKDFMGE
1
COABPLR..N3.124JHQIKDFMGE
1
COABPLR.SN3.124JHQIKDFMGE
1
COABPLR.SN31.24JHQIKDFMGE
1
COABPLR.SN31T24JHQIKDFMGE
2
3
0
0
