0
0
0
0
0
0
0
0
0
0
0
0
0
0
0
0
0
0
0
0
0
0
0
0
0
300
302
304
306
308
310
312
314
316
318
320
322
324
326
328
330
332
334
336
338
340
342
344
346
348
0
0
0
0
0
0
0
0
0
0
0
0
0
0
0
0
0
0
0
0
0
0
0
0
0
301
303
305
307
309
311
313
315
317
319
321
323
325
327
329
331
333
335
337
339
341
343
345
347
349
1
1
1
1
1
1
1
1
1
1
1
1
1
1
1
1
1
1
1
1
1
1
1
1
1
2
2
2
2
2
2
2
2
2
2
2
2
2
2
2
2
2
2
2
2
2
2
2
2
2
J301
J303
J305
J307
J309
J311
J313
J315
J317
J319
J321
J323
J325
J327
J329
J331
J333
J335
J337
J339
J341
J343
J345
J347
J349
J300
J302
J304
J306
J308
J310
J312
J314
J316
J318
J320
J322
J324
J326
J328
J330
J332
J334
J336
J338
J340
J342
J344
J346
J348
1
1
1
1
1
1
1
1
1
1
1
1
1
1
1
1
1
1
1
1
1
1
1
1
1
0
0
0
0
0
0
0
0
0
0
0
0
0
0
0
0
0
0
0
0
0
0
0
0
0
1...2...............3...4
1...2...............3...4
1...2...............3...4
1...2...............3...4
1...2...............3...4
1...2...............3...4
1...2...............3...4
1...2...............3...4
1...2...............3...4
1...2...............3...4
1...2...............3...4
1...2...............3...4
1...2...............3...4
1...2...............3...4
1...2...............3...4
1...2...............3...4
1...2...............3...4
1...2...............3...4
1...2...............3...4
1...2...............3...4
1...2...............3...4
1...2...............3...4
1...2...............3...4
1...2...............3...4
1...2...............3...4
1...2...............3...4
1...2...............3...4
1...2...............3...4
1...2...............3...4
1...2...............3...4
1...2...............3...4
1...2...............3...4
1...2...............3...4
1...2...............3...4
1...2...............3...4
1...2...............3...4
1...2...............3...4
1...2...............3...4
1...2...............3...4
1...2...............3...4
1...2...............3...4
1...2...............3...4
1...2...............3...4
1...2...............3...4
1...2...............3...4
1...2...............3...4
1...2...............3...4
1...2...............3...4
1...2...............3...4
1...2...............3...4
1
-4
1
-4
1
-4
1
-4
1
-4
1
-4
1
-4
1
-4
1
-4
1
-4
1
-4
1
-4
1
1.A.2...............3...4
-3
1.A.2...............3...4
-3
1.A.2...............3...4
-3
1.A.2...............3...4
-3
1.A.2...............3...4
-3
1.A.2...............3...4
-3
1.A.2...............3...4
-3
1.A.2...............3...4
-3
1.A.2...............3...4
-3
1.A.2...............3...4
-3
1.A.2...............3...4
-3
1.A.2...............3...4
-3
1.A.2...............3...4
0
-3
0
-3
0
-3
0
-3
0
-3
0
-3
0
-3
0
-3
0
-3
0
-3
0
-3
0
-3
0
1
0
1
0
1
0
1
0
1
0
1
0
1
0
1
0
1
0
1
0
1
0
1
0
1
1
1
1
1
1
1
1
1
1
1
1
1
1
1
1
1
1
1
1
1
1
1
1
1
1
.1A.2...............3...4
0
.1A.2...............3...4
0
.1A.2...............3...4
0
.1A.2...............3...4
0
.1A.2...............3...4
0
.1A.2...............3...4
0
.1A.2...............3...4
0
.1A.2...............3...4
0
.1A.2...............3...4
0
.1A.2...............3...4
0
.1A.2...............3...4
0
.1A.2...............3...4
0
.1A.2...............3...4
1
1
1
1
1
1
1
1
1
1
1
1
1
1
1
1
1
1
1
1
1
1
1
1
1
0
1...2.......A.......3...4
0
1...2.......A.......3...4
0
1...2.......A.......3...4
0
1...2.......A.......3...4
0
1...2.......A.......3...4
0
1...2.......A.......3...4
0
1...2.......A.......3...4
0
1...2.......A.......3...4
0
1...2.......A.......3...4
0
1...2.......A.......3...4
0
1...2.......A.......3...4
0
1...2.......A.......3...4
0
1
1
1
1
1
1
1
1
1
1
1
1
1
1
1
1
1
1
1
1
1
1
1
1
1
.1AB2...............3...4
....2.1.....A.......3...4
.1AB2...............3...4
....2.1.....A.......3...4
.1AB2...............3...4
....2.1.....A.......3...4
.1AB2...............3...4
....2.1.....A.......3...4
.1AB2...............3...4
....2.1.....A.......3...4
.1AB2...............3...4
....2.1.....A.......3...4
.1AB2...............3...4
....2.1.....A.......3...4
.1AB2...............3...4
....2.1.....A.......3...4
.1AB2...............3...4
....2.1.....A.......3...4
.1AB2...............3...4
....2.1.....A.......3...4
.1AB2...............3...4
....2.1.....A.......3...4
.1AB2...............3...4
....2.1.....A.......3...4
.1AB2...............3...4
0
1
0
1
0
1
0
1
0
1
0
1
0
1
0
1
0
1
0
1
0
1
0
1
0
1
....2.1.....A.....B.3...4
1
....2.1.....A.....B.3...4
1
....2.1.....A.....B.3...4
1
....2.1.....A.....B.3...4
1
....2.1.....A.....B.3...4
1
....2.1.....A.....B.3...4
1
....2.1.....A.....B.3...4
1
....2.1.....A.....B.3...4
1
....2.1.....A.....B.3...4
1
....2.1.....A.....B.3...4
1
....2.1.....A.....B.3...4
1
....2.1.....A.....B.3...4
1
1
1
1
1
1
1
1
1
1
1
1
1
1
1
1
1
1
1
1
1
1
1
1
1
1
.1AB2..............43....
....2.1.....A.....B.3..4.
.1AB2..............43....
....2.1.....A.....B.3..4.
.1AB2..............43....
....2.1.....A.....B.3..4.
.1AB2..............43....
....2.1.....A.....B.3..4.
.1AB2..............43....
....2.1.....A.....B.3..4.
.1AB2..............43....
....2.1.....A.....B.3..4.
.1AB2..............43....
....2.1.....A.....B.3..4.
.1AB2..............43....
....2.1.....A.....B.3..4.
.1AB2..............43....
....2.1.....A.....B.3..4.
.1AB2..............43....
....2.1.....A.....B.3..4.
.1AB2..............43....
....2.1.....A.....B.3..4.
.1AB2..............43....
....2.1.....A.....B.3..4.
.1AB2..............43....
1
1
1
1
1
1
1
1
1
1
1
1
1
1
1
1
1
1
1
1
1
1
1
1
1
0
....2.1.....AC....B.3..4.
0
....2.1.....AC....B.3..4.
0
....2.1.....AC....B.3..4.
0
....2.1.....AC....B.3..4.
0
....2.1.....AC....B.3..4.
0
....2.1.....AC....B.3..4.
0
....2.1.....AC....B.3..4.
0
....2.1.....AC....B.3..4.
0
....2.1.....AC....B.3..4.
0
....2.1.....AC....B.3..4.
0
....2.1.....AC....B.3..4.
0
....2.1.....AC....B.3..4.
0
1
1
1
1
1
1
1
1
1
1
1
1
1
1
1
1
1
1
1
1
1
1
1
1
1
C1AB2..............43....
....2.1.....AC..3.B....4.
C1AB2..............43....
....2.1.....AC..3.B....4.
C1AB2..............43....
....2.1.....AC..3.B....4.
C1AB2..............43....
....2.1.....AC..3.B....4.
C1AB2..............43....
....2.1.....AC..3.B....4.
C1AB2..............43....
....2.1.....AC..3.B....4.
C1AB2..............43....
....2.1.....AC..3.B....4.
C1AB2..............43....
....2.1.....AC..3.B....4.
C1AB2..............43....
....2.1.....AC..3.B....4.
C1AB2..............43....
....2.1.....AC..3.B....4.
C1AB2..............43....
....2.1.....AC..3.B....4.
C1AB2..............43....
....2.1.....AC..3.B....4.
C1AB2..............43....
0
1
0
1
0
1
0
1
0
1
0
1
0
1
0
1
0
1
0
1
0
1
0
1
0
1
....2.1.....AC..3DB....4.
1
....2.1.....AC..3DB....4.
1
....2.1.....AC..3DB....4.
1
....2.1.....AC..3DB....4.
1
....2.1.....AC..3DB....4.
1
....2.1.....AC..3DB....4.
1
....2.1.....AC..3DB....4.
1
....2.1.....AC..3DB....4.
1
....2.1.....AC..3DB....4.
1
....2.1.....AC..3DB....4.
1
....2.1.....AC..3DB....4.
1
....2.1.....AC..3DB....4.
1
1
1
1
1
1
1
1
1
1
1
1
1
1
1
1
1
1
1
1
1
1
1
1
1
1
C1AB2..........3...4.....
....2.1.3....C...DB....4.
C1AB2..........3...4.....
....2.1.3....C...DB....4.
C1AB2..........3...4.....
....2.1.3....C...DB....4.
C1AB2..........3...4.....
....2.1.3....C...DB....4.
C1AB2..........3...4.....
....2.1.3....C...DB....4.
C1AB2..........3...4.....
....2.1.3....C...DB....4.
C1AB2..........3...4.....
....2.1.3....C...DB....4.
C1AB2..........3...4.....
....2.1.3....C...DB....4.
C1AB2..........3...4.....
....2.1.3....C...DB....4.
C1AB2..........3...4.....
....2.1.3....C...DB....4.
C1AB2..........3...4.....
....2.1.3....C...DB....4.
C1AB2..........3...4.....
....2.1.3....C...DB....4.
C1AB2..........3...4.....
1
1
1
1
1
1
1
1
1
1
1
1
1
1
1
1
1
1
1
1
1
1
1
1
1
0
....2.1.3....CE..DB....4.
0
....2.1.3....CE..DB....4.
0
....2.1.3....CE..DB....4.
0
....2.1.3....CE..DB....4.
0
....2.1.3....CE..DB....4.
0
....2.1.3....CE..DB....4.
0
....2.1.3....CE..DB....4.
0
....2.1.3....CE..DB....4.
0
....2.1.3....CE..DB....4.
0
....2.1.3....CE..DB....4.
0
....2.1.3....CE..DB....4.
0
....2.1.3....CE..DB....4.
0
1
1
1
1
1
1
1
1
1
1
1
1
1
1
1
1
1
1
1
1
1
1
1
1
1
C1AB2..........3...4D....
....2.1..3...CE..DB....4.
C1AB2..........3...4D....
....2.1..3...CE..DB....4.
C1AB2..........3...4D....
....2.1..3...CE..DB....4.
C1AB2..........3...4D....
....2.1..3...CE..DB....4.
C1AB2..........3...4D....
....2.1..3...CE..DB....4.
C1AB2..........3...4D....
....2.1..3...CE..DB....4.
C1AB2..........3...4D....
....2.1..3...CE..DB....4.
C1AB2..........3...4D....
....2.1..3...CE..DB....4.
C1AB2..........3...4D....
....2.1..3...CE..DB....4.
C1AB2..........3...4D....
....2.1..3...CE..DB....4.
C1AB2..........3...4D....
....2.1..3...CE..DB....4.
C1AB2..........3...4D....
....2.1..3...CE..DB....4.
C1AB2..........3...4D....
0
1
0
1
0
1
0
1
0
1
0
1
0
1
0
1
0
1
0
1
0
1
0
1
0
1
....2.1..3...CE..DBF...4.
1
....2.1..3...CE..DBF...4.
1
....2.1..3...CE..DBF...4.
1
....2.1..3...CE..DBF...4.
1
....2.1..3...CE..DBF...4.
1
....2.1..3...CE..DBF...4.
1
....2.1..3...CE..DBF...4.
1
....2.1..3...CE..DBF...4.
1
....2.1..3...CE..DBF...4.
1
....2.1..3...CE..DBF...4.
1
....2.1..3...CE..DBF...4.
1
....2.1..3...CE..DBF...4.
1
1
0
1
0
1
0
1
0
1
0
1
0
1
0
1
0
1
0
1
0
1
0
1
0
1
C1AB2.....3........4D....
1
C1AB2.....3........4D....
1
C1AB2.....3........4D....
1
C1AB2.....3........4D....
1
C1AB2.....3........4D....
1
C1AB2.....3........4D....
1
C1AB2.....3........4D....
1
C1AB2.....3........4D....
1
C1AB2.....3........4D....
1
C1AB2.....3........4D....
1
C1AB2.....3........4D....
1
C1AB2.....3........4D....
1
C1AB2.....3........4D....
1
....2....3..1CE..DBF...4.
1
....2....3..1CE..DBF...4.
1
....2....3..1CE..DBF...4.
1
....2....3..1CE..DBF...4.
1
....2....3..1CE..DBF...4.
1
....2....3..1CE..DBF...4.
1
....2....3..1CE..DBF...4.
1
....2....3..1CE..DBF...4.
1
....2....3..1CE..DBF...4.
1
....2....3..1CE..DBF...4.
1
....2....3..1CE..DBF...4.
1
....2....3..1CE..DBF...4.
1
0
1
0
1
0
1
0
1
0
1
0
1
0
1
0
1
0
1
0
1
0
1
0
1
0
1
....2....3..1CE..DBF...4G
1
....2....3..1CE..DBF...4G
1
....2....3..1CE..DBF...4G
1
....2....3..1CE..DBF...4G
1
....2....3..1CE..DBF...4G
1
....2....3..1CE..DBF...4G
1
....2....3..1CE..DBF...4G
1
....2....3..1CE..DBF...4G
1
....2....3..1CE..DBF...4G
1
....2....3..1CE..DBF...4G
1
....2....3..1CE..DBF...4G
1
....2....3..1CE..DBF...4G
1
C1AB2.....3........4D...E
1
C1AB2.....3........4D...E
1
C1AB2.....3........4D...E
1
C1AB2.....3........4D...E
1
C1AB2.....3........4D...E
1
C1AB2.....3........4D...E
1
C1AB2.....3........4D...E
1
C1AB2.....3........4D...E
1
C1AB2.....3........4D...E
1
C1AB2.....3........4D...E
1
C1AB2.....3........4D...E
1
C1AB2.....3........4D...E
1
C1AB2.....3........4D...E
0
....2....3...CE...BF..14G
0
....2....3...CE...BF..14G
0
....2....3...CE...BF..14G
0
....2....3...CE...BF..14G
0
....2....3...CE...BF..14G
0
....2....3...CE...BF..14G
0
....2....3...CE...BF..14G
0
....2....3...CE...BF..14G
0
....2....3...CE...BF..14G
0
....2....3...CE...BF..14G
0
....2....3...CE...BF..14G
0
....2....3...CE...BF..14G
0
1
1
1
1
1
1
1
1
1
1
1
1
1
1
1
1
1
1
1
1
1
1
1
1
1
1
....2....3...CE...BFH.14G
1
....2....3...CE...BFH.14G
1
....2....3...CE...BFH.14G
1
....2....3...CE...BFH.14G
1
....2....3...CE...BFH.14G
1
....2....3...CE...BFH.14G
1
....2....3...CE...BFH.14G
1
....2....3...CE...BFH.14G
1
....2....3...CE...BFH.14G
1
....2....3...CE...BFH.14G
1
....2....3...CE...BFH.14G
1
....2....3...CE...BFH.14G
1
C1AB2.....3...4.....D...E
1
C1AB2.....3...4.....D...E
1
C1AB2.....3...4.....D...E
1
C1AB2.....3...4.....D...E
1
C1AB2.....3...4.....D...E
1
C1AB2.....3...4.....D...E
1
C1AB2.....3...4.....D...E
1
C1AB2.....3...4.....D...E
1
C1AB2.....3...4.....D...E
1
C1AB2.....3...4.....D...E
1
C1AB2.....3...4.....D...E
1
C1AB2.....3...4.....D...E
1
C1AB2.....3...4.....D...E
1
....2....3...CE...BFH1.4G
1
....2....3...CE...BFH1.4G
1
....2....3...CE...BFH1.4G
1
....2....3...CE...BFH1.4G
1
....2....3...CE...BFH1.4G
1
....2....3...CE...BFH1.4G
1
....2....3...CE...BFH1.4G
1
....2....3...CE...BFH1.4G
1
....2....3...CE...BFH1.4G
1
....2....3...CE...BFH1.4G
1
....2....3...CE...BFH1.4G
1
....2....3...CE...BFH1.4G
1
0
0
0
0
0
0
0
0
0
0
0
0
0
0
0
0
0
0
0
0
0
0
0
0
0
1
1
1
1
1
1
1
1
1
1
1
1
1
1
1
1
1
1
1
1
1
1
1
1
1
C1AB2.....3...4.....DF..E
....2....3...CE...BFH1I4G
C1AB2.....3...4.....DF..E
....2....3...CE...BFH1I4G
C1AB2.....3...4.....DF..E
....2....3...CE...BFH1I4G
C1AB2.....3...4.....DF..E
....2....3...CE...BFH1I4G
C1AB2.....3...4.....DF..E
....2....3...CE...BFH1I4G
C1AB2.....3...4.....DF..E
....2....3...CE...BFH1I4G
C1AB2.....3...4.....DF..E
....2....3...CE...BFH1I4G
C1AB2.....3...4.....DF..E
....2....3...CE...BFH1I4G
C1AB2.....3...4.....DF..E
....2....3...CE...BFH1I4G
C1AB2.....3...4.....DF..E
....2....3...CE...BFH1I4G
C1AB2.....3...4.....DF..E
....2....3...CE...BFH1I4G
C1AB2.....3...4.....DF..E
....2....3...CE...BFH1I4G
C1AB2.....3...4.....DF..E
0
1
0
1
0
1
0
1
0
1
0
1
0
1
0
1
0
1
0
1
0
1
0
1
0
1
........23...CE...BFH1I4G
1
........23...CE...BFH1I4G
1
........23...CE...BFH1I4G
1
........23...CE...BFH1I4G
1
........23...CE...BFH1I4G
1
........23...CE...BFH1I4G
1
........23...CE...BFH1I4G
1
........23...CE...BFH1I4G
1
........23...CE...BFH1I4G
1
........23...CE...BFH1I4G
1
........23...CE...BFH1I4G
1
........23...CE...BFH1I4G
1
1
1
1
1
1
1
1
1
1
1
1
1
1
1
1
1
1
1
1
1
1
1
1
1
1
C1AB23........4.....DF..E
........23...CEJ..BFH1I4G
C1AB23........4.....DF..E
........23...CEJ..BFH1I4G
C1AB23........4.....DF..E
........23...CEJ..BFH1I4G
C1AB23........4.....DF..E
........23...CEJ..BFH1I4G
C1AB23........4.....DF..E
........23...CEJ..BFH1I4G
C1AB23........4.....DF..E
........23...CEJ..BFH1I4G
C1AB23........4.....DF..E
........23...CEJ..BFH1I4G
C1AB23........4.....DF..E
........23...CEJ..BFH1I4G
C1AB23........4.....DF..E
........23...CEJ..BFH1I4G
C1AB23........4.....DF..E
........23...CEJ..BFH1I4G
C1AB23........4.....DF..E
........23...CEJ..BFH1I4G
C1AB23........4.....DF..E
........23...CEJ..BFH1I4G
C1AB23........4.....DF..E
1
1
1
1
1
1
1
1
1
1
1
1
1
1
1
1
1
1
1
1
1
1
1
1
1
0
.........3..2CEJ..BFH1I4G
0
.........3..2CEJ..BFH1I4G
0
.........3..2CEJ..BFH1I4G
0
.........3..2CEJ..BFH1I4G
0
.........3..2CEJ..BFH1I4G
0
.........3..2CEJ..BFH1I4G
0
.........3..2CEJ..BFH1I4G
0
.........3..2CEJ..BFH1I4G
0
.........3..2CEJ..BFH1I4G
0
.........3..2CEJ..BFH1I4G
0
.........3..2CEJ..BFH1I4G
0
.........3..2CEJ..BFH1I4G
0
1
1
1
1
1
1
1
1
1
1
1
1
1
1
1
1
1
1
1
1
1
1
1
1
1
C1AB23........4.....DF.GE
.........3K.2CEJ..BFH1I4G
C1AB23........4.....DF.GE
.........3K.2CEJ..BFH1I4G
C1AB23........4.....DF.GE
.........3K.2CEJ..BFH1I4G
C1AB23........4.....DF.GE
.........3K.2CEJ..BFH1I4G
C1AB23........4.....DF.GE
.........3K.2CEJ..BFH1I4G
C1AB23........4.....DF.GE
.........3K.2CEJ..BFH1I4G
C1AB23........4.....DF.GE
.........3K.2CEJ..BFH1I4G
C1AB23........4.....DF.GE
.........3K.2CEJ..BFH1I4G
C1AB23........4.....DF.GE
.........3K.2CEJ..BFH1I4G
C1AB23........4.....DF.GE
.........3K.2CEJ..BFH1I4G
C1AB23........4.....DF.GE
.........3K.2CEJ..BFH1I4G
C1AB23........4.....DF.GE
.........3K.2CEJ..BFH1I4G
C1AB23........4.....DF.GE
0
1
0
1
0
1
0
1
0
1
0
1
0
1
0
1
0
1
0
1
0
1
0
1
0
1
......2..3K..CEJ..BFH1I4G
1
......2..3K..CEJ..BFH1I4G
1
......2..3K..CEJ..BFH1I4G
1
......2..3K..CEJ..BFH1I4G
1
......2..3K..CEJ..BFH1I4G
1
......2..3K..CEJ..BFH1I4G
1
......2..3K..CEJ..BFH1I4G
1
......2..3K..CEJ..BFH1I4G
1
......2..3K..CEJ..BFH1I4G
1
......2..3K..CEJ..BFH1I4G
1
......2..3K..CEJ..BFH1I4G
1
......2..3K..CEJ..BFH1I4G
1
1
1
1
1
1
1
1
1
1
1
1
1
1
1
1
1
1
1
1
1
1
1
1
1
1
C1AB23...4..........DF.GE
.....L2..3K..CEJ..BFH1I4G
C1AB23...4..........DF.GE
.....L2..3K..CEJ..BFH1I4G
C1AB23...4..........DF.GE
.....L2..3K..CEJ..BFH1I4G
C1AB23...4..........DF.GE
.....L2..3K..CEJ..BFH1I4G
C1AB23...4..........DF.GE
.....L2..3K..CEJ..BFH1I4G
C1AB23...4..........DF.GE
.....L2..3K..CEJ..BFH1I4G
C1AB23...4..........DF.GE
.....L2..3K..CEJ..BFH1I4G
C1AB23...4..........DF.GE
.....L2..3K..CEJ..BFH1I4G
C1AB23...4..........DF.GE
.....L2..3K..CEJ..BFH1I4G
C1AB23...4..........DF.GE
.....L2..3K..CEJ..BFH1I4G
C1AB23...4..........DF.GE
.....L2..3K..CEJ..BFH1I4G
C1AB23...4..........DF.GE
.....L2..3K..CEJ..BFH1I4G
C1AB23...4..........DF.GE
1
1
1
1
1
1
1
1
1
1
1
1
1
1
1
1
1
1
1
1
1
1
1
1
1
0
2....L...3K..CEJ..BFH1I4G
0
2....L...3K..CEJ..BFH1I4G
0
2....L...3K..CEJ..BFH1I4G
0
2....L...3K..CEJ..BFH1I4G
0
2....L...3K..CEJ..BFH1I4G
0
2....L...3K..CEJ..BFH1I4G
0
2....L...3K..CEJ..BFH1I4G
0
2....L...3K..CEJ..BFH1I4G
0
2....L...3K..CEJ..BFH1I4G
0
2....L...3K..CEJ..BFH1I4G
0
2....L...3K..CEJ..BFH1I4G
0
2....L...3K..CEJ..BFH1I4G
0
1
1
1
1
1
1
1
1
1
1
1
1
1
1
1
1
1
1
1
1
1
1
1
1
1
C1AB23...4......H...DF.GE
2...ML...3K..CEJ..BFH1I4G
C1AB23...4......H...DF.GE
2...ML...3K..CEJ..BFH1I4G
C1AB23...4......H...DF.GE
2...ML...3K..CEJ..BFH1I4G
C1AB23...4......H...DF.GE
2...ML...3K..CEJ..BFH1I4G
C1AB23...4......H...DF.GE
2...ML...3K..CEJ..BFH1I4G
C1AB23...4......H...DF.GE
2...ML...3K..CEJ..BFH1I4G
C1AB23...4......H...DF.GE
2...ML...3K..CEJ..BFH1I4G
C1AB23...4......H...DF.GE
2...ML...3K..CEJ..BFH1I4G
C1AB23...4......H...DF.GE
2...ML...3K..CEJ..BFH1I4G
C1AB23...4......H...DF.GE
2...ML...3K..CEJ..BFH1I4G
C1AB23...4......H...DF.GE
2...ML...3K..CEJ..BFH1I4G
C1AB23...4......H...DF.GE
2...ML...3K..CEJ..BFH1I4G
C1AB23...4......H...DF.GE
0
1
0
1
0
1
0
1
0
1
0
1
0
1
0
1
0
1
0
1
0
1
0
1
0
1
2...ML...3K..CEJ1.BFH.I4G
1
2...ML...3K..CEJ1.BFH.I4G
1
2...ML...3K..CEJ1.BFH.I4G
1
2...ML...3K..CEJ1.BFH.I4G
1
2...ML...3K..CEJ1.BFH.I4G
1
2...ML...3K..CEJ1.BFH.I4G
1
2...ML...3K..CEJ1.BFH.I4G
1
2...ML...3K..CEJ1.BFH.I4G
1
2...ML...3K..CEJ1.BFH.I4G
1
2...ML...3K..CEJ1.BFH.I4G
1
2...ML...3K..CEJ1.BFH.I4G
1
2...ML...3K..CEJ1.BFH.I4G
1
1
1
1
1
1
1
1
1
1
1
1
1
1
1
1
1
1
1
1
1
1
1
1
1
1
C1AB2.3..4......H...DF.GE
2...ML...3K..CEJ1.BFHNI4G
C1AB2.3..4......H...DF.GE
2...ML...3K..CEJ1.BFHNI4G
C1AB2.3..4......H...DF.GE
2...ML...3K..CEJ1.BFHNI4G
C1AB2.3..4......H...DF.GE
2...ML...3K..CEJ1.BFHNI4G
C1AB2.3..4......H...DF.GE
2...ML...3K..CEJ1.BFHNI4G
C1AB2.3..4......H...DF.GE
2...ML...3K..CEJ1.BFHNI4G
C1AB2.3..4......H...DF.GE
2...ML...3K..CEJ1.BFHNI4G
C1AB2.3..4......H...DF.GE
2...ML...3K..CEJ1.BFHNI4G
C1AB2.3..4......H...DF.GE
2...ML...3K..CEJ1.BFHNI4G
C1AB2.3..4......H...DF.GE
2...ML...3K..CEJ1.BFHNI4G
C1AB2.3..4......H...DF.GE
2...ML...3K..CEJ1.BFHNI4G
C1AB2.3..4......H...DF.GE
2...ML...3K..CEJ1.BFHNI4G
C1AB2.3..4......H...DF.GE
1
1
1
1
1
1
1
1
1
1
1
1
1
1
1
1
1
1
1
1
1
1
1
1
1
0
2...ML..3.K..CEJ1.BFHNI4G
0
2...ML..3.K..CEJ1.BFHNI4G
0
2...ML..3.K..CEJ1.BFHNI4G
0
2...ML..3.K..CEJ1.BFHNI4G
0
2...ML..3.K..CEJ1.BFHNI4G
0
2...ML..3.K..CEJ1.BFHNI4G
0
2...ML..3.K..CEJ1.BFHNI4G
0
2...ML..3.K..CEJ1.BFHNI4G
0
2...ML..3.K..CEJ1.BFHNI4G
0
2...ML..3.K..CEJ1.BFHNI4G
0
2...ML..3.K..CEJ1.BFHNI4G
0
2...ML..3.K..CEJ1.BFHNI4G
0
1
1
1
1
1
1
1
1
1
1
1
1
1
1
1
1
1
1
1
1
1
1
1
1
1
C1AB2.3..4......H.I.DF.GE
2...ML..3OK..CEJ1.BFHNI4G
C1AB2.3..4......H.I.DF.GE
2...ML..3OK..CEJ1.BFHNI4G
C1AB2.3..4......H.I.DF.GE
2...ML..3OK..CEJ1.BFHNI4G
C1AB2.3..4......H.I.DF.GE
2...ML..3OK..CEJ1.BFHNI4G
C1AB2.3..4......H.I.DF.GE
2...ML..3OK..CEJ1.BFHNI4G
C1AB2.3..4......H.I.DF.GE
2...ML..3OK..CEJ1.BFHNI4G
C1AB2.3..4......H.I.DF.GE
2...ML..3OK..CEJ1.BFHNI4G
C1AB2.3..4......H.I.DF.GE
2...ML..3OK..CEJ1.BFHNI4G
C1AB2.3..4......H.I.DF.GE
2...ML..3OK..CEJ1.BFHNI4G
C1AB2.3..4......H.I.DF.GE
2...ML..3OK..CEJ1.BFHNI4G
C1AB2.3..4......H.I.DF.GE
2...ML..3OK..CEJ1.BFHNI4G
C1AB2.3..4......H.I.DF.GE
2...ML..3OK..CEJ1.BFHNI4G
C1AB2.3..4......H.I.DF.GE
0
0
0
0
0
0
0
0
0
0
0
0
0
0
0
0
0
0
0
0
0
0
0
0
0
1
0
1
0
1
0
1
0
1
0
1
0
1
0
1
0
1
0
1
0
1
0
1
0
1
1
0
1
0
1
0
1
0
1
0
1
0
1
0
1
0
1
0
1
0
1
0
1
0
1
C1AB2.3.4.......H.I.DF.GE
0
C1AB2.3.4.......H.I.DF.GE
0
C1AB2.3.4.......H.I.DF.GE
0
C1AB2.3.4.......H.I.DF.GE
0
C1AB2.3.4.......H.I.DF.GE
0
C1AB2.3.4.......H.I.DF.GE
0
C1AB2.3.4.......H.I.DF.GE
0
C1AB2.3.4.......H.I.DF.GE
0
C1AB2.3.4.......H.I.DF.GE
0
C1AB2.3.4.......H.I.DF.GE
0
C1AB2.3.4.......H.I.DF.GE
0
C1AB2.3.4.......H.I.DF.GE
0
C1AB2.3.4.......H.I.DF.GE
1
0
1
0
1
0
1
0
1
0
1
0
1
0
1
0
1
0
1
0
1
0
1
0
1
0
0
0
0
0
0
0
0
0
0
0
0
0
0
0
0
0
0
0
0
0
0
0
0
0
1
0
1
0
1
0
1
0
1
0
1
0
1
0
1
0
1
0
1
0
1
0
1
0
1
C1AB2.3.4......JH.I.DF.GE
1
C1AB2.3.4......JH.I.DF.GE
1
C1AB2.3.4......JH.I.DF.GE
1
C1AB2.3.4......JH.I.DF.GE
1
C1AB2.3.4......JH.I.DF.GE
1
C1AB2.3.4......JH.I.DF.GE
1
C1AB2.3.4......JH.I.DF.GE
1
C1AB2.3.4......JH.I.DF.GE
1
C1AB2.3.4......JH.I.DF.GE
1
C1AB2.3.4......JH.I.DF.GE
1
C1AB2.3.4......JH.I.DF.GE
1
C1AB2.3.4......JH.I.DF.GE
1
C1AB2.3.4......JH.I.DF.GE
0
....ML2.3OK..CEJ1.BFHNI4G
0
....ML2.3OK..CEJ1.BFHNI4G
0
....ML2.3OK..CEJ1.BFHNI4G
0
....ML2.3OK..CEJ1.BFHNI4G
0
....ML2.3OK..CEJ1.BFHNI4G
0
....ML2.3OK..CEJ1.BFHNI4G
0
....ML2.3OK..CEJ1.BFHNI4G
0
....ML2.3OK..CEJ1.BFHNI4G
0
....ML2.3OK..CEJ1.BFHNI4G
0
....ML2.3OK..CEJ1.BFHNI4G
0
....ML2.3OK..CEJ1.BFHNI4G
0
....ML2.3OK..CEJ1.BFHNI4G
0
1
1
1
1
1
1
1
1
1
1
1
1
1
1
1
1
1
1
1
1
1
1
1
1
1
1
P...ML2.3OK..CEJ1.BFHNI4G
1
P...ML2.3OK..CEJ1.BFHNI4G
1
P...ML2.3OK..CEJ1.BFHNI4G
1
P...ML2.3OK..CEJ1.BFHNI4G
1
P...ML2.3OK..CEJ1.BFHNI4G
1
P...ML2.3OK..CEJ1.BFHNI4G
1
P...ML2.3OK..CEJ1.BFHNI4G
1
P...ML2.3OK..CEJ1.BFHNI4G
1
P...ML2.3OK..CEJ1.BFHNI4G
1
P...ML2.3OK..CEJ1.BFHNI4G
1
P...ML2.3OK..CEJ1.BFHNI4G
1
P...ML2.3OK..CEJ1.BFHNI4G
1
C1AB2...4..3...JH.I.DF.GE
1
C1AB2...4..3...JH.I.DF.GE
1
C1AB2...4..3...JH.I.DF.GE
1
C1AB2...4..3...JH.I.DF.GE
1
C1AB2...4..3...JH.I.DF.GE
1
C1AB2...4..3...JH.I.DF.GE
1
C1AB2...4..3...JH.I.DF.GE
1
C1AB2...4..3...JH.I.DF.GE
1
C1AB2...4..3...JH.I.DF.GE
1
C1AB2...4..3...JH.I.DF.GE
1
C1AB2...4..3...JH.I.DF.GE
1
C1AB2...4..3...JH.I.DF.GE
1
C1AB2...4..3...JH.I.DF.GE
1
P2..ML..3OK..CEJ1.BFHNI4G
1
P2..ML..3OK..CEJ1.BFHNI4G
1
P2..ML..3OK..CEJ1.BFHNI4G
1
P2..ML..3OK..CEJ1.BFHNI4G
1
P2..ML..3OK..CEJ1.BFHNI4G
1
P2..ML..3OK..CEJ1.BFHNI4G
1
P2..ML..3OK..CEJ1.BFHNI4G
1
P2..ML..3OK..CEJ1.BFHNI4G
1
P2..ML..3OK..CEJ1.BFHNI4G
1
P2..ML..3OK..CEJ1.BFHNI4G
1
P2..ML..3OK..CEJ1.BFHNI4G
1
P2..ML..3OK..CEJ1.BFHNI4G
1
0
1
0
1
0
1
0
1
0
1
0
1
0
1
0
1
0
1
0
1
0
1
0
1
0
1
P2.QML..3OK..CEJ1.BFHNI4G
1
P2.QML..3OK..CEJ1.BFHNI4G
1
P2.QML..3OK..CEJ1.BFHNI4G
1
P2.QML..3OK..CEJ1.BFHNI4G
1
P2.QML..3OK..CEJ1.BFHNI4G
1
P2.QML..3OK..CEJ1.BFHNI4G
1
P2.QML..3OK..CEJ1.BFHNI4G
1
P2.QML..3OK..CEJ1.BFHNI4G
1
P2.QML..3OK..CEJ1.BFHNI4G
1
P2.QML..3OK..CEJ1.BFHNI4G
1
P2.QML..3OK..CEJ1.BFHNI4G
1
P2.QML..3OK..CEJ1.BFHNI4G
1
C1AB2...4..3...JH.IKDF.GE
1
C1AB2...4..3...JH.IKDF.GE
1
C1AB2...4..3...JH.IKDF.GE
1
C1AB2...4..3...JH.IKDF.GE
1
C1AB2...4..3...JH.IKDF.GE
1
C1AB2...4..3...JH.IKDF.GE
1
C1AB2...4..3...JH.IKDF.GE
1
C1AB2...4..3...JH.IKDF.GE
1
C1AB2...4..3...JH.IKDF.GE
1
C1AB2...4..3...JH.IKDF.GE
1
C1AB2...4..3...JH.IKDF.GE
1
C1AB2...4..3...JH.IKDF.GE
1
C1AB2...4..3...JH.IKDF.GE
0
P.2QML..3OK..CEJ1.BFHNI4G
0
P.2QML..3OK..CEJ1.BFHNI4G
0
P.2QML..3OK..CEJ1.BFHNI4G
0
P.2QML..3OK..CEJ1.BFHNI4G
0
P.2QML..3OK..CEJ1.BFHNI4G
0
P.2QML..3OK..CEJ1.BFHNI4G
0
P.2QML..3OK..CEJ1.BFHNI4G
0
P.2QML..3OK..CEJ1.BFHNI4G
0
P.2QML..3OK..CEJ1.BFHNI4G
0
P.2QML..3OK..CEJ1.BFHNI4G
0
P.2QML..3OK..CEJ1.BFHNI4G
0
P.2QML..3OK..CEJ1.BFHNI4G
0
1
1
1
1
1
1
1
1
1
1
1
1
1
1
1
1
1
1
1
1
1
1
1
1
1
1
PR2QML..3OK..CEJ1.BFHNI4G
1
PR2QML..3OK..CEJ1.BFHNI4G
1
PR2QML..3OK..CEJ1.BFHNI4G
1
PR2QML..3OK..CEJ1.BFHNI4G
1
PR2QML..3OK..CEJ1.BFHNI4G
1
PR2QML..3OK..CEJ1.BFHNI4G
1
PR2QML..3OK..CEJ1.BFHNI4G
1
PR2QML..3OK..CEJ1.BFHNI4G
1
PR2QML..3OK..CEJ1.BFHNI4G
1
PR2QML..3OK..CEJ1.BFHNI4G
1
PR2QML..3OK..CEJ1.BFHNI4G
1
PR2QML..3OK..CEJ1.BFHNI4G
1
C1AB2......3.4.JH.IKDF.GE
1
C1AB2......3.4.JH.IKDF.GE
1
C1AB2......3.4.JH.IKDF.GE
1
C1AB2......3.4.JH.IKDF.GE
1
C1AB2......3.4.JH.IKDF.GE
1
C1AB2......3.4.JH.IKDF.GE
1
C1AB2......3.4.JH.IKDF.GE
1
C1AB2......3.4.JH.IKDF.GE
1
C1AB2......3.4.JH.IKDF.GE
1
C1AB2......3.4.JH.IKDF.GE
1
C1AB2......3.4.JH.IKDF.GE
1
C1AB2......3.4.JH.IKDF.GE
1
C1AB2......3.4.JH.IKDF.GE
1
PR2QML.3.OK..CEJ1.BFHNI4G
1
PR2QML.3.OK..CEJ1.BFHNI4G
1
PR2QML.3.OK..CEJ1.BFHNI4G
1
PR2QML.3.OK..CEJ1.BFHNI4G
1
PR2QML.3.OK..CEJ1.BFHNI4G
1
PR2QML.3.OK..CEJ1.BFHNI4G
1
PR2QML.3.OK..CEJ1.BFHNI4G
1
PR2QML.3.OK..CEJ1.BFHNI4G
1
PR2QML.3.OK..CEJ1.BFHNI4G
1
PR2QML.3.OK..CEJ1.BFHNI4G
1
PR2QML.3.OK..CEJ1.BFHNI4G
1
PR2QML.3.OK..CEJ1.BFHNI4G
1
C1AB2L.....3.4.JH.IKDF.GE
1
C1AB2L.....3.4.JH.IKDF.GE
1
C1AB2L.....3.4.JH.IKDF.GE
1
C1AB2L.....3.4.JH.IKDF.GE
1
C1AB2L.....3.4.JH.IKDF.GE
1
C1AB2L.....3.4.JH.IKDF.GE
1
C1AB2L.....3.4.JH.IKDF.GE
1
C1AB2L.....3.4.JH.IKDF.GE
1
C1AB2L.....3.4.JH.IKDF.GE
1
C1AB2L.....3.4.JH.IKDF.GE
1
C1AB2L.....3.4.JH.IKDF.GE
1
C1AB2L.....3.4.JH.IKDF.GE
1
C1AB2L.....3.4.JH.IKDF.GE
1
PR2QML.3SOK..CEJ1.BFHNI4G
1
PR2QML.3SOK..CEJ1.BFHNI4G
1
PR2QML.3SOK..CEJ1.BFHNI4G
1
PR2QML.3SOK..CEJ1.BFHNI4G
1
PR2QML.3SOK..CEJ1.BFHNI4G
1
PR2QML.3SOK..CEJ1.BFHNI4G
1
PR2QML.3SOK..CEJ1.BFHNI4G
1
PR2QML.3SOK..CEJ1.BFHNI4G
1
PR2QML.3SOK..CEJ1.BFHNI4G
1
PR2QML.3SOK..CEJ1.BFHNI4G
1
PR2QML.3SOK..CEJ1.BFHNI4G
1
PR2QML.3SOK..CEJ1.BFHNI4G
1
C1AB2L....3..4.JH.IKDF.GE
1
C1AB2L....3..4.JH.IKDF.GE
1
C1AB2L....3..4.JH.IKDF.GE
1
C1AB2L....3..4.JH.IKDF.GE
1
C1AB2L....3..4.JH.IKDF.GE
1
C1AB2L....3..4.JH.IKDF.GE
1
C1AB2L....3..4.JH.IKDF.GE
1
C1AB2L....3..4.JH.IKDF.GE
1
C1AB2L....3..4.JH.IKDF.GE
1
C1AB2L....3..4.JH.IKDF.GE
1
C1AB2L....3..4.JH.IKDF.GE
1
C1AB2L....3..4.JH.IKDF.GE
1
C1AB2L....3..4.JH.IKDF.GE
1
PR2QML3.SOK..CEJ1.BFHNI4G
1
PR2QML3.SOK..CEJ1.BFHNI4G
1
PR2QML3.SOK..CEJ1.BFHNI4G
1
PR2QML3.SOK..CEJ1.BFHNI4G
1
PR2QML3.SOK..CEJ1.BFHNI4G
1
PR2QML3.SOK..CEJ1.BFHNI4G
1
PR2QML3.SOK..CEJ1.BFHNI4G
1
PR2QML3.SOK..CEJ1.BFHNI4G
1
PR2QML3.SOK..CEJ1.BFHNI4G
1
PR2QML3.SOK..CEJ1.BFHNI4G
1
PR2QML3.SOK..CEJ1.BFHNI4G
1
PR2QML3.SOK..CEJ1.BFHNI4G
1
C1AB2L....3..4.JH.IKDFMGE
1
C1AB2L....3..4.JH.IKDFMGE
1
C1AB2L....3..4.JH.IKDFMGE
1
C1AB2L....3..4.JH.IKDFMGE
1
C1AB2L....3..4.JH.IKDFMGE
1
C1AB2L....3..4.JH.IKDFMGE
1
C1AB2L....3..4.JH.IKDFMGE
1
C1AB2L....3..4.JH.IKDFMGE
1
C1AB2L....3..4.JH.IKDFMGE
1
C1AB2L....3..4.JH.IKDFMGE
1
C1AB2L....3..4.JH.IKDFMGE
1
C1AB2L....3..4.JH.IKDFMGE
1
C1AB2L....3..4.JH.IKDFMGE
1
PR2QML3.SOKT.CEJ1.BFHNI4G
1
PR2QML3.SOKT.CEJ1.BFHNI4G
1
PR2QML3.SOKT.CEJ1.BFHNI4G
1
PR2QML3.SOKT.CEJ1.BFHNI4G
1
PR2QML3.SOKT.CEJ1.BFHNI4G
1
PR2QML3.SOKT.CEJ1.BFHNI4G
1
PR2QML3.SOKT.CEJ1.BFHNI4G
1
PR2QML3.SOKT.CEJ1.BFHNI4G
1
PR2QML3.SOKT.CEJ1.BFHNI4G
1
PR2QML3.SOKT.CEJ1.BFHNI4G
1
PR2QML3.SOKT.CEJ1.BFHNI4G
1
PR2QML3.SOKT.CEJ1.BFHNI4G
1
C1AB2L....3...4JH.IKDFMGE
1
C1AB2L....3...4JH.IKDFMGE
1
C1AB2L....3...4JH.IKDFMGE
1
C1AB2L....3...4JH.IKDFMGE
1
C1AB2L....3...4JH.IKDFMGE
1
C1AB2L....3...4JH.IKDFMGE
1
C1AB2L....3...4JH.IKDFMGE
1
C1AB2L....3...4JH.IKDFMGE
1
C1AB2L....3...4JH.IKDFMGE
1
C1AB2L....3...4JH.IKDFMGE
1
C1AB2L....3...4JH.IKDFMGE
1
C1AB2L....3...4JH.IKDFMGE
1
C1AB2L....3...4JH.IKDFMGE
1
PR2QML.3SOKT.CEJ1.BFHNI4G
1
PR2QML.3SOKT.CEJ1.BFHNI4G
1
PR2QML.3SOKT.CEJ1.BFHNI4G
1
PR2QML.3SOKT.CEJ1.BFHNI4G
1
PR2QML.3SOKT.CEJ1.BFHNI4G
1
PR2QML.3SOKT.CEJ1.BFHNI4G
1
PR2QML.3SOKT.CEJ1.BFHNI4G
1
PR2QML.3SOKT.CEJ1.BFHNI4G
1
PR2QML.3SOKT.CEJ1.BFHNI4G
1
PR2QML.3SOKT.CEJ1.BFHNI4G
1
PR2QML.3SOKT.CEJ1.BFHNI4G
1
PR2QML.3SOKT.CEJ1.BFHNI4G
1
C1AB2L...N3...4JH.IKDFMGE
-5
C1AB2L...N3...4JH.IKDFMGE
-5
C1AB2L...N3...4JH.IKDFMGE
-5
C1AB2L...N3...4JH.IKDFMGE
-5
C1AB2L...N3...4JH.IKDFMGE
-5
C1AB2L...N3...4JH.IKDFMGE
-5
C1AB2L...N3...4JH.IKDFMGE
-5
C1AB2L...N3...4JH.IKDFMGE
-5
C1AB2L...N3...4JH.IKDFMGE
-5
C1AB2L...N3...4JH.IKDFMGE
-5
C1AB2L...N3...4JH.IKDFMGE
-5
C1AB2L...N3...4JH.IKDFMGE
-5
C1AB2L...N3...4JH.IKDFMGE
1
0
1
0
1
0
1
0
1
0
1
0
1
0
1
0
1
0
1
0
1
0
1
0
1
C.AB2L1..N3...4JH.IKDFMGE
0
C.AB2L1..N3...4JH.IKDFMGE
0
C.AB2L1..N3...4JH.IKDFMGE
0
C.AB2L1..N3...4JH.IKDFMGE
0
C.AB2L1..N3...4JH.IKDFMGE
0
C.AB2L1..N3...4JH.IKDFMGE
0
C.AB2L1..N3...4JH.IKDFMGE
0
C.AB2L1..N3...4JH.IKDFMGE
0
C.AB2L1..N3...4JH.IKDFMGE
0
C.AB2L1..N3...4JH.IKDFMGE
0
C.AB2L1..N3...4JH.IKDFMGE
0
C.AB2L1..N3...4JH.IKDFMGE
0
C.AB2L1..N3...4JH.IKDFMGE
1
0
1
0
1
0
1
0
1
0
1
0
1
0
1
0
1
0
1
0
1
0
1
0
1
COAB2L1..N3...4JH.IKDFMGE
0
COAB2L1..N3...4JH.IKDFMGE
0
COAB2L1..N3...4JH.IKDFMGE
0
COAB2L1..N3...4JH.IKDFMGE
0
COAB2L1..N3...4JH.IKDFMGE
0
COAB2L1..N3...4JH.IKDFMGE
0
COAB2L1..N3...4JH.IKDFMGE
0
COAB2L1..N3...4JH.IKDFMGE
0
COAB2L1..N3...4JH.IKDFMGE
0
COAB2L1..N3...4JH.IKDFMGE
0
COAB2L1..N3...4JH.IKDFMGE
0
COAB2L1..N3...4JH.IKDFMGE
0
COAB2L1..N3...4JH.IKDFMGE
1
0
1
0
1
0
1
0
1
0
1
0
1
0
1
0
1
0
1
0
1
0
1
0
1
COAB.L1.2N3...4JH.IKDFMGE
0
COAB.L1.2N3...4JH.IKDFMGE
0
COAB.L1.2N3...4JH.IKDFMGE
0
COAB.L1.2N3...4JH.IKDFMGE
0
COAB.L1.2N3...4JH.IKDFMGE
0
COAB.L1.2N3...4JH.IKDFMGE
0
COAB.L1.2N3...4JH.IKDFMGE
0
COAB.L1.2N3...4JH.IKDFMGE
0
COAB.L1.2N3...4JH.IKDFMGE
0
COAB.L1.2N3...4JH.IKDFMGE
0
COAB.L1.2N3...4JH.IKDFMGE
0
COAB.L1.2N3...4JH.IKDFMGE
0
COAB.L1.2N3...4JH.IKDFMGE
1
0
1
0
1
0
1
0
1
0
1
0
1
0
1
0
1
0
1
0
1
0
1
0
1
COABPL1.2N3...4JH.IKDFMGE
1
COABPL1.2N3...4JH.IKDFMGE
1
COABPL1.2N3...4JH.IKDFMGE
1
COABPL1.2N3...4JH.IKDFMGE
1
COABPL1.2N3...4JH.IKDFMGE
1
COABPL1.2N3...4JH.IKDFMGE
1
COABPL1.2N3...4JH.IKDFMGE
1
COABPL1.2N3...4JH.IKDFMGE
1
COABPL1.2N3...4JH.IKDFMGE
1
COABPL1.2N3...4JH.IKDFMGE
1
COABPL1.2N3...4JH.IKDFMGE
1
COABPL1.2N3...4JH.IKDFMGE
1
COABPL1.2N3...4JH.IKDFMGE
1
PR2QML.3SOKT.CEJ1IBFHN.4G
1
PR2QML.3SOKT.CEJ1IBFHN.4G
1
PR2QML.3SOKT.CEJ1IBFHN.4G
1
PR2QML.3SOKT.CEJ1IBFHN.4G
1
PR2QML.3SOKT.CEJ1IBFHN.4G
1
PR2QML.3SOKT.CEJ1IBFHN.4G
1
PR2QML.3SOKT.CEJ1IBFHN.4G
1
PR2QML.3SOKT.CEJ1IBFHN.4G
1
PR2QML.3SOKT.CEJ1IBFHN.4G
1
PR2QML.3SOKT.CEJ1IBFHN.4G
1
PR2QML.3SOKT.CEJ1IBFHN.4G
1
PR2QML.3SOKT.CEJ1IBFHN.4G
1
COABPL.12N3...4JH.IKDFMGE
1
COABPL.12N3...4JH.IKDFMGE
1
COABPL.12N3...4JH.IKDFMGE
1
COABPL.12N3...4JH.IKDFMGE
1
COABPL.12N3...4JH.IKDFMGE
1
COABPL.12N3...4JH.IKDFMGE
1
COABPL.12N3...4JH.IKDFMGE
1
COABPL.12N3...4JH.IKDFMGE
1
COABPL.12N3...4JH.IKDFMGE
1
COABPL.12N3...4JH.IKDFMGE
1
COABPL.12N3...4JH.IKDFMGE
1
COABPL.12N3...4JH.IKDFMGE
1
COABPL.12N3...4JH.IKDFMGE
1
PR2QML13SOK..CEJ.IBFHN.4G
1
PR2QML13SOK..CEJ.IBFHN.4G
1
PR2QML13SOK..CEJ.IBFHN.4G
1
PR2QML13SOK..CEJ.IBFHN.4G
1
PR2QML13SOK..CEJ.IBFHN.4G
1
PR2QML13SOK..CEJ.IBFHN.4G
1
PR2QML13SOK..CEJ.IBFHN.4G
1
PR2QML13SOK..CEJ.IBFHN.4G
1
PR2QML13SOK..CEJ.IBFHN.4G
1
PR2QML13SOK..CEJ.IBFHN.4G
1
PR2QML13SOK..CEJ.IBFHN.4G
1
PR2QML13SOK..CEJ.IBFHN.4G
1
COABPL.12N3...4JHQIKDFMGE
1
COABPL.12N3...4JHQIKDFMGE
1
COABPL.12N3...4JHQIKDFMGE
1
COABPL.12N3...4JHQIKDFMGE
1
COABPL.12N3...4JHQIKDFMGE
1
COABPL.12N3...4JHQIKDFMGE
1
COABPL.12N3...4JHQIKDFMGE
1
COABPL.12N3...4JHQIKDFMGE
1
COABPL.12N3...4JHQIKDFMGE
1
COABPL.12N3...4JHQIKDFMGE
1
COABPL.12N3...4JHQIKDFMGE
1
COABPL.12N3...4JHQIKDFMGE
1
COABPL.12N3...4JHQIKDFMGE
1
PR2QML13SOK..CEJNIBFH..4G
1
PR2QML13SOK..CEJNIBFH..4G
1
PR2QML13SOK..CEJNIBFH..4G
1
PR2QML13SOK..CEJNIBFH..4G
1
PR2QML13SOK..CEJNIBFH..4G
1
PR2QML13SOK..CEJNIBFH..4G
1
PR2QML13SOK..CEJNIBFH..4G
1
PR2QML13SOK..CEJNIBFH..4G
1
PR2QML13SOK..CEJNIBFH..4G
1
PR2QML13SOK..CEJNIBFH..4G
1
PR2QML13SOK..CEJNIBFH..4G
1
PR2QML13SOK..CEJNIBFH..4G
1
COABPL.1.N3..24JHQIKDFMGE
1
COABPL.1.N3..24JHQIKDFMGE
1
COABPL.1.N3..24JHQIKDFMGE
1
COABPL.1.N3..24JHQIKDFMGE
1
COABPL.1.N3..24JHQIKDFMGE
1
COABPL.1.N3..24JHQIKDFMGE
1
COABPL.1.N3..24JHQIKDFMGE
1
COABPL.1.N3..24JHQIKDFMGE
1
COABPL.1.N3..24JHQIKDFMGE
1
COABPL.1.N3..24JHQIKDFMGE
1
COABPL.1.N3..24JHQIKDFMGE
1
COABPL.1.N3..24JHQIKDFMGE
1
COABPL.1.N3..24JHQIKDFMGE
1
PR2QML13SOK..CEJNIBFH.4.G
1
PR2QML13SOK..CEJNIBFH.4.G
1
PR2QML13SOK..CEJNIBFH.4.G
1
PR2QML13SOK..CEJNIBFH.4.G
1
PR2QML13SOK..CEJNIBFH.4.G
1
PR2QML13SOK..CEJNIBFH.4.G
1
PR2QML13SOK..CEJNIBFH.4.G
1
PR2QML13SOK..CEJNIBFH.4.G
1
PR2QML13SOK..CEJNIBFH.4.G
1
PR2QML13SOK..CEJNIBFH.4.G
1
PR2QML13SOK..CEJNIBFH.4.G
1
PR2QML13SOK..CEJNIBFH.4.G
1
COABPLR1.N3..24JHQIKDFMGE
1
COABPLR1.N3..24JHQIKDFMGE
1
COABPLR1.N3..24JHQIKDFMGE
1
COABPLR1.N3..24JHQIKDFMGE
1
COABPLR1.N3..24JHQIKDFMGE
1
COABPLR1.N3..24JHQIKDFMGE
1
COABPLR1.N3..24JHQIKDFMGE
1
COABPLR1.N3..24JHQIKDFMGE
1
COABPLR1.N3..24JHQIKDFMGE
1
COABPLR1.N3..24JHQIKDFMGE
1
COABPLR1.N3..24JHQIKDFMGE
1
COABPLR1.N3..24JHQIKDFMGE
1
COABPLR1.N3..24JHQIKDFMGE
1
PR2QML13SOKN.CEJ.IBFH.4.G
1
PR2QML13SOKN.CEJ.IBFH.4.G
1
PR2QML13SOKN.CEJ.IBFH.4.G
1
PR2QML13SOKN.CEJ.IBFH.4.G
1
PR2QML13SOKN.CEJ.IBFH.4.G
1
PR2QML13SOKN.CEJ.IBFH.4.G
1
PR2QML13SOKN.CEJ.IBFH.4.G
1
PR2QML13SOKN.CEJ.IBFH.4.G
1
PR2QML13SOKN.CEJ.IBFH.4.G
1
PR2QML13SOKN.CEJ.IBFH.4.G
1
PR2QML13SOKN.CEJ.IBFH.4.G
1
PR2QML13SOKN.CEJ.IBFH.4.G
1
COABPLR..N3.124JHQIKDFMGE
1
COABPLR..N3.124JHQIKDFMGE
1
COABPLR..N3.124JHQIKDFMGE
1
COABPLR..N3.124JHQIKDFMGE
1
COABPLR..N3.124JHQIKDFMGE
1
COABPLR..N3.124JHQIKDFMGE
1
COABPLR..N3.124JHQIKDFMGE
1
COABPLR..N3.124JHQIKDFMGE
1
COABPLR..N3.124JHQIKDFMGE
1
COABPLR..N3.124JHQIKDFMGE
1
COABPLR..N3.124JHQIKDFMGE
1
COABPLR..N3.124JHQIKDFMGE
1
COABPLR..N3.124JHQIKDFMGE
1
PR2QML13SOKN4CEJ..BFH...G
1
PR2QML13SOKN4CEJ..BFH...G
1
PR2QML13SOKN4CEJ..BFH...G
1
PR2QML13SOKN4CEJ..BFH...G
1
PR2QML13SOKN4CEJ..BFH...G
1
PR2QML13SOKN4CEJ..BFH...G
1
PR2QML13SOKN4CEJ..BFH...G
1
PR2QML13SOKN4CEJ..BFH...G
1
PR2QML13SOKN4CEJ..BFH...G
1
PR2QML13SOKN4CEJ..BFH...G
1
PR2QML13SOKN4CEJ..BFH...G
1
PR2QML13SOKN4CEJ..BFH...G
1
COABPLR.SN3.124JHQIKDFMGE
1
COABPLR.SN3.124JHQIKDFMGE
1
COABPLR.SN3.124JHQIKDFMGE
1
COABPLR.SN3.124JHQIKDFMGE
1
COABPLR.SN3.124JHQIKDFMGE
1
COABPLR.SN3.124JHQIKDFMGE
1
COABPLR.SN3.124JHQIKDFMGE
1
COABPLR.SN3.124JHQIKDFMGE
1
COABPLR.SN3.124JHQIKDFMGE
1
COABPLR.SN3.124JHQIKDFMGE
1
COABPLR.SN3.124JHQIKDFMGE
1
COABPLR.SN3.124JHQIKDFMGE
1
COABPLR.SN3.124JHQIKDFMGE
1
PR2QML13SOKN4CEJ..BFH..G.
1
PR2QML13SOKN4CEJ..BFH..G.
1
PR2QML13SOKN4CEJ..BFH..G.
1
PR2QML13SOKN4CEJ..BFH..G.
1
PR2QML13SOKN4CEJ..BFH..G.
1
PR2QML13SOKN4CEJ..BFH..G.
1
PR2QML13SOKN4CEJ..BFH..G.
1
PR2QML13SOKN4CEJ..BFH..G.
1
PR2QML13SOKN4CEJ..BFH..G.
1
PR2QML13SOKN4CEJ..BFH..G.
1
PR2QML13SOKN4CEJ..BFH..G.
1
PR2QML13SOKN4CEJ..BFH..G.
1
COABPLR.SN31.24JHQIKDFMGE
1
COABPLR.SN31.24JHQIKDFMGE
1
COABPLR.SN31.24JHQIKDFMGE
1
COABPLR.SN31.24JHQIKDFMGE
1
COABPLR.SN31.24JHQIKDFMGE
1
COABPLR.SN31.24JHQIKDFMGE
1
COABPLR.SN31.24JHQIKDFMGE
1
COABPLR.SN31.24JHQIKDFMGE
1
COABPLR.SN31.24JHQIKDFMGE
1
COABPLR.SN31.24JHQIKDFMGE
1
COABPLR.SN31.24JHQIKDFMGE
1
COABPLR.SN31.24JHQIKDFMGE
1
COABPLR.SN31.24JHQIKDFMGE
1
PR2QML.3SOK.4CEJ1.BFH..G.
1
PR2QML.3SOK.4CEJ1.BFH..G.
1
PR2QML.3SOK.4CEJ1.BFH..G.
1
PR2QML.3SOK.4CEJ1.BFH..G.
1
PR2QML.3SOK.4CEJ1.BFH..G.
1
PR2QML.3SOK.4CEJ1.BFH..G.
1
PR2QML.3SOK.4CEJ1.BFH..G.
1
PR2QML.3SOK.4CEJ1.BFH..G.
1
PR2QML.3SOK.4CEJ1.BFH..G.
1
PR2QML.3SOK.4CEJ1.BFH..G.
1
PR2QML.3SOK.4CEJ1.BFH..G.
1
PR2QML.3SOK.4CEJ1.BFH..G.
1
COABPLR.SN31T24JHQIKDFMGE
PR2QML.3SOK.4CEJ1.BFH..G.
COABPLR.SN31T24JHQIKDFMGE
PR2QML.3SOK.4CEJ1.BFH..G.
COABPLR.SN31T24JHQIKDFMGE
PR2QML.3SOK.4CEJ1.BFH..G.
COABPLR.SN31T24JHQIKDFMGE
PR2QML.3SOK.4CEJ1.BFH..G.
COABPLR.SN31T24JHQIKDFMGE
PR2QML.3SOK.4CEJ1.BFH..G.
COABPLR.SN31T24JHQIKDFMGE
PR2QML.3SOK.4CEJ1.BFH..G.
COABPLR.SN31T24JHQIKDFMGE
PR2QML.3SOK.4CEJ1.BFH..G.
COABPLR.SN31T24JHQIKDFMGE
PR2QML.3SOK.4CEJ1.BFH..G.
COABPLR.SN31T24JHQIKDFMGE
PR2QML.3SOK.4CEJ1.BFH..G.
COABPLR.SN31T24JHQIKDFMGE
PR2QML.3SOK.4CEJ1.BFH..G.
COABPLR.SN31T24JHQIKDFMGE
PR2QML.3SOK.4CEJ1.BFH..G.
COABPLR.SN31T24JHQIKDFMGE
PR2QML.3SOK.4CEJ1.BFH..G.
COABPLR.SN31T24JHQIKDFMGE
2
3
2
3
2
3
2
3
2
3
2
3
2
3
2
3
2
3
2
3
2
3
2
3
2
3
2
3
2
3
2
3
2
3
2
3
2
3
2
3
2
3
2
3
2
3
2
3
2
3
0
0
0
0
0
0
0
0
0
0
0
0
0
0
0
0
0
0
0
0
0
0
0
0
0
0
0
0
0
0
0
0
0
0
0
0
0
0
0
0
0
0
0
0
0
0
0
0
0
0
