0
50
0
60
1
2
J6
J5
1
0
1...2...............3...4
1...2...............3...4
1
1.A.2...............3...4
0
1
1
.1A.2...............3...4
1
0
1
.1AB2...............3...4
0
1
1
.1AB2..............43....
1
0
1
C1AB2..............43....
0
1
1
C1AB2..........3...4.....
1
0
1
C1AB2..........3...4D....
0
1
1
C1AB2.....3........4D....
1
0
1
C1AB2.....3........4D...E
0
1
1
C1AB2.....3...4.....D...E
1
0
1
C1AB2.....3...4.....DF..E
0
1
1
C1AB23........4.....DF..E
1
0
1
C1AB23........4.....DF.GE
0
1
1
C1AB23...4..........DF.GE
1
0
1
C1AB23...4......H...DF.GE
0
1
1
C1AB2.3..4......H...DF.GE
1
0
1
C1AB2.3..4......H.I.DF.GE
0
1
1
C1AB2.3.4.......H.I.DF.GE
1
0
1
C1AB2.3.4......JH.I.DF.GE
0
1
1
C1AB2...4..3...JH.I.DF.GE
1
0
1
C1AB2...4..3...JH.IKDF.GE
0
1
1
C1AB2......3.4.JH.IKDF.GE
1
C1AB2L.....3.4.JH.IKDF.GE
1
C1AB2L....3..4.JH.IKDF.GE
1
C1AB2L....3..4.JH.IKDFMGE
1
C1AB2L....3...4JH.IKDFMGE
1
C1AB2L...N3...4JH.IKDFMGE
1
C.AB2L1..N3...4JH.IKDFMGE
1
COAB2L1..N3...4JH.IKDFMGE
1
COAB.L1.2N3...4JH.IKDFMGE
1
COABPL1.2N3...4JH.IKDFMGE
1
COABPL.12N3...4JH.IKDFMGE
1
COABPL.12N3...4JHQIKDFMGE
1
COABPL.1.N3..24JHQIKDFMGE
1
COABPLR1.N3..24JHQIKDFMGE
1
COABPLR..N3.124JHQIKDFMGE
1
COABPLR.SN3.124JHQIKDFMGE
1
COABPLR.SN31.24JHQIKDFMGE
1
COABPLR.SN31T24JHQIKDFMGE
2
3
0
0
