0
200
0
201
1
2
J201
J200
1
0
1...2...............3...4
1...2...............3...4
-4
-3
-3
0
1
0
1
1...2.......A.......3...4
1
....2.1.....A.......3...4
1
....2.1.....A.....B.3...4
1
....2.1.....A.....B.3..4.
1
....2.1.....AC....B.3..4.
1
....2.1.....AC..3.B....4.
1
....2.1.....AC..3DB....4.
1
....2.1.3....C...DB....4.
1
....2.1.3....CE..DB....4.
1
....2.1..3...CE..DB....4.
1
....2.1..3...CE..DBF...4.
0
1
....2....3..1CE..DBF...4.
1
....2....3..1CE..DBF...4G
1
....2....3...CE...BF..14G
1
....2....3...CE...BFH.14G
1
....2....3...CE...BFH1.4G
0
1
....2....3...CE...BFH1I4G
1
........23...CE...BFH1I4G
1
........23...CEJ..BFH1I4G
1
.........3..2CEJ..BFH1I4G
1
.........3K.2CEJ..BFH1I4G
1
......2..3K..CEJ..BFH1I4G
1
.....L2..3K..CEJ..BFH1I4G
1
2....L...3K..CEJ..BFH1I4G
1
2...ML...3K..CEJ..BFH1I4G
1
2...ML...3K..CEJ1.BFH.I4G
1
2...ML...3K..CEJ1.BFHNI4G
1
2...ML..3.K..CEJ1.BFHNI4G
1
2...ML..3OK..CEJ1.BFHNI4G
0
0
0
0
0
0
0
1
....ML2.3OK..CEJ1.BFHNI4G
1
P...ML2.3OK..CEJ1.BFHNI4G
1
P2..ML..3OK..CEJ1.BFHNI4G
1
P2.QML..3OK..CEJ1.BFHNI4G
1
P.2QML..3OK..CEJ1.BFHNI4G
1
PR2QML..3OK..CEJ1.BFHNI4G
1
PR2QML.3.OK..CEJ1.BFHNI4G
1
PR2QML.3SOK..CEJ1.BFHNI4G
1
PR2QML3.SOK..CEJ1.BFHNI4G
1
PR2QML3.SOKT.CEJ1.BFHNI4G
1
PR2QML.3SOKT.CEJ1.BFHNI4G
-5
0
0
0
0
0
0
0
1
PR2QML.3SOKT.CEJ1IBFHN.4G
1
PR2QML13SOK..CEJ.IBFHN.4G
1
PR2QML13SOK..CEJNIBFH..4G
1
PR2QML13SOK..CEJNIBFH.4.G
1
PR2QML13SOKN.CEJ.IBFH.4.G
1
PR2QML13SOKN4CEJ..BFH...G
1
PR2QML13SOKN4CEJ..BFH..G.
1
PR2QML.3SOK.4CEJ1.BFH..G.
PR2QML.3SOK.4CEJ1.BFH..G.
3
2
0
0
0
202
0
203
1
2
J203
J202
1
0
1...2...............3...4
1...2...............3...4
1
1.A.2...............3...4
0
1
1
.1A.2...............3...4
1
0
1
.1AB2...............3...4
0
1
1
.1AB2..............43....
1
0
1
C1AB2..............43....
0
1
1
C1AB2..........3...4.....
1
0
1
C1AB2..........3...4D....
0
1
1
C1AB2.....3........4D....
1
0
1
C1AB2.....3........4D...E
0
1
1
C1AB2.....3...4.....D...E
1
0
1
C1AB2.....3...4.....DF..E
0
1
1
C1AB23........4.....DF..E
1
0
1
C1AB23........4.....DF.GE
0
1
1
C1AB23...4..........DF.GE
1
0
1
C1AB23...4......H...DF.GE
0
1
1
C1AB2.3..4......H...DF.GE
1
0
1
C1AB2.3..4......H.I.DF.GE
0
1
1
C1AB2.3.4.......H.I.DF.GE
1
0
1
C1AB2.3.4......JH.I.DF.GE
0
1
1
C1AB2...4..3...JH.I.DF.GE
1
0
1
C1AB2...4..3...JH.IKDF.GE
0
1
1
C1AB2......3.4.JH.IKDF.GE
1
C1AB2L.....3.4.JH.IKDF.GE
1
C1AB2L....3..4.JH.IKDF.GE
1
C1AB2L....3..4.JH.IKDFMGE
1
C1AB2L....3...4JH.IKDFMGE
1
C1AB2L...N3...4JH.IKDFMGE
1
C.AB2L1..N3...4JH.IKDFMGE
1
COAB2L1..N3...4JH.IKDFMGE
1
COAB.L1.2N3...4JH.IKDFMGE
1
COABPL1.2N3...4JH.IKDFMGE
1
COABPL.12N3...4JH.IKDFMGE
1
COABPL.12N3...4JHQIKDFMGE
1
COABPL.1.N3..24JHQIKDFMGE
1
COABPLR1.N3..24JHQIKDFMGE
1
COABPLR..N3.124JHQIKDFMGE
1
COABPLR.SN3.124JHQIKDFMGE
1
COABPLR.SN31.24JHQIKDFMGE
1
COABPLR.SN31T24JHQIKDFMGE
2
3
0
0
0
204
0
205
1
2
J205
J204
1
0
1...2...............3...4
1...2...............3...4
-4
-3
-3
0
1
0
1
1...2.......A.......3...4
1
....2.1.....A.......3...4
1
....2.1.....A.....B.3...4
1
....2.1.....A.....B.3..4.
1
....2.1.....AC....B.3..4.
1
....2.1.....AC..3.B....4.
1
....2.1.....AC..3DB....4.
1
....2.1.3....C...DB....4.
1
....2.1.3....CE..DB....4.
1
....2.1..3...CE..DB....4.
1
....2.1..3...CE..DBF...4.
0
1
....2....3..1CE..DBF...4.
1
....2....3..1CE..DBF...4G
1
....2....3...CE...BF..14G
1
....2....3...CE...BFH.14G
1
....2....3...CE...BFH1.4G
0
1
....2....3...CE...BFH1I4G
1
........23...CE...BFH1I4G
1
........23...CEJ..BFH1I4G
1
.........3..2CEJ..BFH1I4G
1
.........3K.2CEJ..BFH1I4G
1
......2..3K..CEJ..BFH1I4G
1
.....L2..3K..CEJ..BFH1I4G
1
2....L...3K..CEJ..BFH1I4G
1
2...ML...3K..CEJ..BFH1I4G
1
2...ML...3K..CEJ1.BFH.I4G
1
2...ML...3K..CEJ1.BFHNI4G
1
2...ML..3.K..CEJ1.BFHNI4G
1
2...ML..3OK..CEJ1.BFHNI4G
0
0
0
0
0
0
0
1
....ML2.3OK..CEJ1.BFHNI4G
1
P...ML2.3OK..CEJ1.BFHNI4G
1
P2..ML..3OK..CEJ1.BFHNI4G
1
P2.QML..3OK..CEJ1.BFHNI4G
1
P.2QML..3OK..CEJ1.BFHNI4G
1
PR2QML..3OK..CEJ1.BFHNI4G
1
PR2QML.3.OK..CEJ1.BFHNI4G
1
PR2QML.3SOK..CEJ1.BFHNI4G
1
PR2QML3.SOK..CEJ1.BFHNI4G
1
PR2QML3.SOKT.CEJ1.BFHNI4G
1
PR2QML.3SOKT.CEJ1.BFHNI4G
-5
0
0
0
0
0
0
0
1
PR2QML.3SOKT.CEJ1IBFHN.4G
1
PR2QML13SOK..CEJ.IBFHN.4G
1
PR2QML13SOK..CEJNIBFH..4G
1
PR2QML13SOK..CEJNIBFH.4.G
1
PR2QML13SOKN.CEJ.IBFH.4.G
1
PR2QML13SOKN4CEJ..BFH...G
1
PR2QML13SOKN4CEJ..BFH..G.
1
PR2QML.3SOK.4CEJ1.BFH..G.
PR2QML.3SOK.4CEJ1.BFH..G.
3
2
0
0
0
206
0
207
1
2
J207
J206
1
0
1...2...............3...4
1...2...............3...4
1
1.A.2...............3...4
0
1
1
.1A.2...............3...4
1
0
1
.1AB2...............3...4
0
1
1
.1AB2..............43....
1
0
1
C1AB2..............43....
0
1
1
C1AB2..........3...4.....
1
0
1
C1AB2..........3...4D....
0
1
1
C1AB2.....3........4D....
1
0
1
C1AB2.....3........4D...E
0
1
1
C1AB2.....3...4.....D...E
1
0
1
C1AB2.....3...4.....DF..E
0
1
1
C1AB23........4.....DF..E
1
0
1
C1AB23........4.....DF.GE
0
1
1
C1AB23...4..........DF.GE
1
0
1
C1AB23...4......H...DF.GE
0
1
1
C1AB2.3..4......H...DF.GE
1
0
1
C1AB2.3..4......H.I.DF.GE
0
1
1
C1AB2.3.4.......H.I.DF.GE
1
0
1
C1AB2.3.4......JH.I.DF.GE
0
1
1
C1AB2...4..3...JH.I.DF.GE
1
0
1
C1AB2...4..3...JH.IKDF.GE
0
1
1
C1AB2......3.4.JH.IKDF.GE
1
C1AB2L.....3.4.JH.IKDF.GE
1
C1AB2L....3..4.JH.IKDF.GE
1
C1AB2L....3..4.JH.IKDFMGE
1
C1AB2L....3...4JH.IKDFMGE
1
C1AB2L...N3...4JH.IKDFMGE
1
C.AB2L1..N3...4JH.IKDFMGE
1
COAB2L1..N3...4JH.IKDFMGE
1
COAB.L1.2N3...4JH.IKDFMGE
1
COABPL1.2N3...4JH.IKDFMGE
1
COABPL.12N3...4JH.IKDFMGE
1
COABPL.12N3...4JHQIKDFMGE
1
COABPL.1.N3..24JHQIKDFMGE
1
COABPLR1.N3..24JHQIKDFMGE
1
COABPLR..N3.124JHQIKDFMGE
1
COABPLR.SN3.124JHQIKDFMGE
1
COABPLR.SN31.24JHQIKDFMGE
1
COABPLR.SN31T24JHQIKDFMGE
2
3
0
0
0
208
0
209
1
2
J209
J208
1
0
1...2...............3...4
1...2...............3...4
-4
-3
-3
0
1
0
1
1...2.......A.......3...4
1
....2.1.....A.......3...4
1
....2.1.....A.....B.3...4
1
....2.1.....A.....B.3..4.
1
....2.1.....AC....B.3..4.
1
....2.1.....AC..3.B....4.
1
....2.1.....AC..3DB....4.
1
....2.1.3....C...DB....4.
1
....2.1.3....CE..DB....4.
1
....2.1..3...CE..DB....4.
1
....2.1..3...CE..DBF...4.
0
1
....2....3..1CE..DBF...4.
1
....2....3..1CE..DBF...4G
1
....2....3...CE...BF..14G
1
....2....3...CE...BFH.14G
1
....2....3...CE...BFH1.4G
0
1
....2....3...CE...BFH1I4G
1
........23...CE...BFH1I4G
1
........23...CEJ..BFH1I4G
1
.........3..2CEJ..BFH1I4G
1
.........3K.2CEJ..BFH1I4G
1
......2..3K..CEJ..BFH1I4G
1
.....L2..3K..CEJ..BFH1I4G
1
2....L...3K..CEJ..BFH1I4G
1
2...ML...3K..CEJ..BFH1I4G
1
2...ML...3K..CEJ1.BFH.I4G
1
2...ML...3K..CEJ1.BFHNI4G
1
2...ML..3.K..CEJ1.BFHNI4G
1
2...ML..3OK..CEJ1.BFHNI4G
0
0
0
0
0
0
0
1
....ML2.3OK..CEJ1.BFHNI4G
1
P...ML2.3OK..CEJ1.BFHNI4G
1
P2..ML..3OK..CEJ1.BFHNI4G
1
P2.QML..3OK..CEJ1.BFHNI4G
1
P.2QML..3OK..CEJ1.BFHNI4G
1
PR2QML..3OK..CEJ1.BFHNI4G
1
PR2QML.3.OK..CEJ1.BFHNI4G
1
PR2QML.3SOK..CEJ1.BFHNI4G
1
PR2QML3.SOK..CEJ1.BFHNI4G
1
PR2QML3.SOKT.CEJ1.BFHNI4G
1
PR2QML.3SOKT.CEJ1.BFHNI4G
-5
0
0
0
0
0
0
0
1
PR2QML.3SOKT.CEJ1IBFHN.4G
1
PR2QML13SOK..CEJ.IBFHN.4G
1
PR2QML13SOK..CEJNIBFH..4G
1
PR2QML13SOK..CEJNIBFH.4.G
1
PR2QML13SOKN.CEJ.IBFH.4.G
1
PR2QML13SOKN4CEJ..BFH...G
1
PR2QML13SOKN4CEJ..BFH..G.
1
PR2QML.3SOK.4CEJ1.BFH..G.
PR2QML.3SOK.4CEJ1.BFH..G.
3
2
0
0
0
210
0
211
1
2
J211
J210
1
0
1...2...............3...4
1...2...............3...4
1
1.A.2...............3...4
0
1
1
.1A.2...............3...4
1
0
1
.1AB2...............3...4
0
1
1
.1AB2..............43....
1
0
1
C1AB2..............43....
0
1
1
C1AB2..........3...4.....
1
0
1
C1AB2..........3...4D....
0
1
1
C1AB2.....3........4D....
1
0
1
C1AB2.....3........4D...E
0
1
1
C1AB2.....3...4.....D...E
1
0
1
C1AB2.....3...4.....DF..E
0
1
1
C1AB23........4.....DF..E
1
0
1
C1AB23........4.....DF.GE
0
1
1
C1AB23...4..........DF.GE
1
0
1
C1AB23...4......H...DF.GE
0
1
1
C1AB2.3..4......H...DF.GE
1
0
1
C1AB2.3..4......H.I.DF.GE
0
1
1
C1AB2.3.4.......H.I.DF.GE
1
0
1
C1AB2.3.4......JH.I.DF.GE
0
1
1
C1AB2...4..3...JH.I.DF.GE
1
0
1
C1AB2...4..3...JH.IKDF.GE
0
1
1
C1AB2......3.4.JH.IKDF.GE
1
C1AB2L.....3.4.JH.IKDF.GE
1
C1AB2L....3..4.JH.IKDF.GE
1
C1AB2L....3..4.JH.IKDFMGE
1
C1AB2L....3...4JH.IKDFMGE
1
C1AB2L...N3...4JH.IKDFMGE
1
C.AB2L1..N3...4JH.IKDFMGE
1
COAB2L1..N3...4JH.IKDFMGE
1
COAB.L1.2N3...4JH.IKDFMGE
1
COABPL1.2N3...4JH.IKDFMGE
1
COABPL.12N3...4JH.IKDFMGE
1
COABPL.12N3...4JHQIKDFMGE
1
COABPL.1.N3..24JHQIKDFMGE
1
COABPLR1.N3..24JHQIKDFMGE
1
COABPLR..N3.124JHQIKDFMGE
1
COABPLR.SN3.124JHQIKDFMGE
1
COABPLR.SN31.24JHQIKDFMGE
1
COABPLR.SN31T24JHQIKDFMGE
2
3
0
0
0
212
0
213
1
2
J213
J212
1
0
1...2...............3...4
1...2...............3...4
-4
-3
-3
0
1
0
1
1...2.......A.......3...4
1
....2.1.....A.......3...4
1
....2.1.....A.....B.3...4
1
....2.1.....A.....B.3..4.
1
....2.1.....AC....B.3..4.
1
....2.1.....AC..3.B....4.
1
....2.1.....AC..3DB....4.
1
....2.1.3....C...DB....4.
1
....2.1.3....CE..DB....4.
1
....2.1..3...CE..DB....4.
1
....2.1..3...CE..DBF...4.
0
1
....2....3..1CE..DBF...4.
1
....2....3..1CE..DBF...4G
1
....2....3...CE...BF..14G
1
....2....3...CE...BFH.14G
1
....2....3...CE...BFH1.4G
0
1
....2....3...CE...BFH1I4G
1
........23...CE...BFH1I4G
1
........23...CEJ..BFH1I4G
1
.........3..2CEJ..BFH1I4G
1
.........3K.2CEJ..BFH1I4G
1
......2..3K..CEJ..BFH1I4G
1
.....L2..3K..CEJ..BFH1I4G
1
2....L...3K..CEJ..BFH1I4G
1
2...ML...3K..CEJ..BFH1I4G
1
2...ML...3K..CEJ1.BFH.I4G
1
2...ML...3K..CEJ1.BFHNI4G
1
2...ML..3.K..CEJ1.BFHNI4G
1
2...ML..3OK..CEJ1.BFHNI4G
0
0
0
0
0
0
0
1
....ML2.3OK..CEJ1.BFHNI4G
1
P...ML2.3OK..CEJ1.BFHNI4G
1
P2..ML..3OK..CEJ1.BFHNI4G
1
P2.QML..3OK..CEJ1.BFHNI4G
1
P.2QML..3OK..CEJ1.BFHNI4G
1
PR2QML..3OK..CEJ1.BFHNI4G
1
PR2QML.3.OK..CEJ1.BFHNI4G
1
PR2QML.3SOK..CEJ1.BFHNI4G
1
PR2QML3.SOK..CEJ1.BFHNI4G
1
PR2QML3.SOKT.CEJ1.BFHNI4G
1
PR2QML.3SOKT.CEJ1.BFHNI4G
-5
0
0
0
0
0
0
0
1
PR2QML.3SOKT.CEJ1IBFHN.4G
1
PR2QML13SOK..CEJ.IBFHN.4G
1
PR2QML13SOK..CEJNIBFH..4G
1
PR2QML13SOK..CEJNIBFH.4.G
1
PR2QML13SOKN.CEJ.IBFH.4.G
1
PR2QML13SOKN4CEJ..BFH...G
1
PR2QML13SOKN4CEJ..BFH..G.
1
PR2QML.3SOK.4CEJ1.BFH..G.
PR2QML.3SOK.4CEJ1.BFH..G.
3
2
0
0
0
214
0
215
1
2
J215
J214
1
0
1...2...............3...4
1...2...............3...4
1
1.A.2...............3...4
0
1
1
.1A.2...............3...4
1
0
1
.1AB2...............3...4
0
1
1
.1AB2..............43....
1
0
1
C1AB2..............43....
0
1
1
C1AB2..........3...4.....
1
0
1
C1AB2..........3...4D....
0
1
1
C1AB2.....3........4D....
1
0
1
C1AB2.....3........4D...E
0
1
1
C1AB2.....3...4.....D...E
1
0
1
C1AB2.....3...4.....DF..E
0
1
1
C1AB23........4.....DF..E
1
0
1
C1AB23........4.....DF.GE
0
1
1
C1AB23...4..........DF.GE
1
0
1
C1AB23...4......H...DF.GE
0
1
1
C1AB2.3..4......H...DF.GE
1
0
1
C1AB2.3..4......H.I.DF.GE
0
1
1
C1AB2.3.4.......H.I.DF.GE
1
0
1
C1AB2.3.4......JH.I.DF.GE
0
1
1
C1AB2...4..3...JH.I.DF.GE
1
0
1
C1AB2...4..3...JH.IKDF.GE
0
1
1
C1AB2......3.4.JH.IKDF.GE
1
C1AB2L.....3.4.JH.IKDF.GE
1
C1AB2L....3..4.JH.IKDF.GE
1
C1AB2L....3..4.JH.IKDFMGE
1
C1AB2L....3...4JH.IKDFMGE
1
C1AB2L...N3...4JH.IKDFMGE
1
C.AB2L1..N3...4JH.IKDFMGE
1
COAB2L1..N3...4JH.IKDFMGE
1
COAB.L1.2N3...4JH.IKDFMGE
1
COABPL1.2N3...4JH.IKDFMGE
1
COABPL.12N3...4JH.IKDFMGE
1
COABPL.12N3...4JHQIKDFMGE
1
COABPL.1.N3..24JHQIKDFMGE
1
COABPLR1.N3..24JHQIKDFMGE
1
COABPLR..N3.124JHQIKDFMGE
1
COABPLR.SN3.124JHQIKDFMGE
1
COABPLR.SN31.24JHQIKDFMGE
1
COABPLR.SN31T24JHQIKDFMGE
2
3
0
0
0
216
0
217
1
2
J217
J216
1
0
1...2...............3...4
1...2...............3...4
-4
-3
-3
0
1
0
1
1...2.......A.......3...4
1
....2.1.....A.......3...4
1
....2.1.....A.....B.3...4
1
....2.1.....A.....B.3..4.
1
....2.1.....AC....B.3..4.
1
....2.1.....AC..3.B....4.
1
....2.1.....AC..3DB....4.
1
....2.1.3....C...DB....4.
1
....2.1.3....CE..DB....4.
1
....2.1..3...CE..DB....4.
1
....2.1..3...CE..DBF...4.
0
1
....2....3..1CE..DBF...4.
1
....2....3..1CE..DBF...4G
1
....2....3...CE...BF..14G
1
....2....3...CE...BFH.14G
1
....2....3...CE...BFH1.4G
0
1
....2....3...CE...BFH1I4G
1
........23...CE...BFH1I4G
1
........23...CEJ..BFH1I4G
1
.........3..2CEJ..BFH1I4G
1
.........3K.2CEJ..BFH1I4G
1
......2..3K..CEJ..BFH1I4G
1
.....L2..3K..CEJ..BFH1I4G
1
2....L...3K..CEJ..BFH1I4G
1
2...ML...3K..CEJ..BFH1I4G
1
2...ML...3K..CEJ1.BFH.I4G
1
2...ML...3K..CEJ1.BFHNI4G
1
2...ML..3.K..CEJ1.BFHNI4G
1
2...ML..3OK..CEJ1.BFHNI4G
0
0
0
0
0
0
0
1
....ML2.3OK..CEJ1.BFHNI4G
1
P...ML2.3OK..CEJ1.BFHNI4G
1
P2..ML..3OK..CEJ1.BFHNI4G
1
P2.QML..3OK..CEJ1.BFHNI4G
1
P.2QML..3OK..CEJ1.BFHNI4G
1
PR2QML..3OK..CEJ1.BFHNI4G
1
PR2QML.3.OK..CEJ1.BFHNI4G
1
PR2QML.3SOK..CEJ1.BFHNI4G
1
PR2QML3.SOK..CEJ1.BFHNI4G
1
PR2QML3.SOKT.CEJ1.BFHNI4G
1
PR2QML.3SOKT.CEJ1.BFHNI4G
-5
0
0
0
0
0
0
0
1
PR2QML.3SOKT.CEJ1IBFHN.4G
1
PR2QML13SOK..CEJ.IBFHN.4G
1
PR2QML13SOK..CEJNIBFH..4G
1
PR2QML13SOK..CEJNIBFH.4.G
1
PR2QML13SOKN.CEJ.IBFH.4.G
1
PR2QML13SOKN4CEJ..BFH...G
1
PR2QML13SOKN4CEJ..BFH..G.
1
PR2QML.3SOK.4CEJ1.BFH..G.
PR2QML.3SOK.4CEJ1.BFH..G.
3
2
0
0
0
218
0
219
1
2
J219
J218
1
0
1...2...............3...4
1...2...............3...4
1
1.A.2...............3...4
0
1
1
.1A.2...............3...4
1
0
1
.1AB2...............3...4
0
1
1
.1AB2..............43....
1
0
1
C1AB2..............43....
0
1
1
C1AB2..........3...4.....
1
0
1
C1AB2..........3...4D....
0
1
1
C1AB2.....3........4D....
1
0
1
C1AB2.....3........4D...E
0
1
1
C1AB2.....3...4.....D...E
1
0
1
C1AB2.....3...4.....DF..E
0
1
1
C1AB23........4.....DF..E
1
0
1
C1AB23........4.....DF.GE
0
1
1
C1AB23...4..........DF.GE
1
0
1
C1AB23...4......H...DF.GE
0
1
1
C1AB2.3..4......H...DF.GE
1
0
1
C1AB2.3..4......H.I.DF.GE
0
1
1
C1AB2.3.4.......H.I.DF.GE
1
0
1
C1AB2.3.4......JH.I.DF.GE
0
1
1
C1AB2...4..3...JH.I.DF.GE
1
0
1
C1AB2...4..3...JH.IKDF.GE
0
1
1
C1AB2......3.4.JH.IKDF.GE
1
C1AB2L.....3.4.JH.IKDF.GE
1
C1AB2L....3..4.JH.IKDF.GE
1
C1AB2L....3..4.JH.IKDFMGE
1
C1AB2L....3...4JH.IKDFMGE
1
C1AB2L...N3...4JH.IKDFMGE
1
C.AB2L1..N3...4JH.IKDFMGE
1
COAB2L1..N3...4JH.IKDFMGE
1
COAB.L1.2N3...4JH.IKDFMGE
1
COABPL1.2N3...4JH.IKDFMGE
1
COABPL.12N3...4JH.IKDFMGE
1
COABPL.12N3...4JHQIKDFMGE
1
COABPL.1.N3..24JHQIKDFMGE
1
COABPLR1.N3..24JHQIKDFMGE
1
COABPLR..N3.124JHQIKDFMGE
1
COABPLR.SN3.124JHQIKDFMGE
1
COABPLR.SN31.24JHQIKDFMGE
1
COABPLR.SN31T24JHQIKDFMGE
2
3
0
0
0
220
0
221
1
2
J221
J220
1
0
1...2...............3...4
1...2...............3...4
-4
-3
-3
0
1
0
1
1...2.......A.......3...4
1
....2.1.....A.......3...4
1
....2.1.....A.....B.3...4
1
....2.1.....A.....B.3..4.
1
....2.1.....AC....B.3..4.
1
....2.1.....AC..3.B....4.
1
....2.1.....AC..3DB....4.
1
....2.1.3....C...DB....4.
1
....2.1.3....CE..DB....4.
1
....2.1..3...CE..DB....4.
1
....2.1..3...CE..DBF...4.
0
1
....2....3..1CE..DBF...4.
1
....2....3..1CE..DBF...4G
1
....2....3...CE...BF..14G
1
....2....3...CE...BFH.14G
1
....2....3...CE...BFH1.4G
0
1
....2....3...CE...BFH1I4G
1
........23...CE...BFH1I4G
1
........23...CEJ..BFH1I4G
1
.........3..2CEJ..BFH1I4G
1
.........3K.2CEJ..BFH1I4G
1
......2..3K..CEJ..BFH1I4G
1
.....L2..3K..CEJ..BFH1I4G
1
2....L...3K..CEJ..BFH1I4G
1
2...ML...3K..CEJ..BFH1I4G
1
2...ML...3K..CEJ1.BFH.I4G
1
2...ML...3K..CEJ1.BFHNI4G
1
2...ML..3.K..CEJ1.BFHNI4G
1
2...ML..3OK..CEJ1.BFHNI4G
0
0
0
0
0
0
0
1
....ML2.3OK..CEJ1.BFHNI4G
1
P...ML2.3OK..CEJ1.BFHNI4G
1
P2..ML..3OK..CEJ1.BFHNI4G
1
P2.QML..3OK..CEJ1.BFHNI4G
1
P.2QML..3OK..CEJ1.BFHNI4G
1
PR2QML..3OK..CEJ1.BFHNI4G
1
PR2QML.3.OK..CEJ1.BFHNI4G
1
PR2QML.3SOK..CEJ1.BFHNI4G
1
PR2QML3.SOK..CEJ1.BFHNI4G
1
PR2QML3.SOKT.CEJ1.BFHNI4G
1
PR2QML.3SOKT.CEJ1.BFHNI4G
-5
0
0
0
0
0
0
0
1
PR2QML.3SOKT.CEJ1IBFHN.4G
1
PR2QML13SOK..CEJ.IBFHN.4G
1
PR2QML13SOK..CEJNIBFH..4G
1
PR2QML13SOK..CEJNIBFH.4.G
1
PR2QML13SOKN.CEJ.IBFH.4.G
1
PR2QML13SOKN4CEJ..BFH...G
1
PR2QML13SOKN4CEJ..BFH..G.
1
PR2QML.3SOK.4CEJ1.BFH..G.
PR2QML.3SOK.4CEJ1.BFH..G.
3
2
0
0
0
222
0
223
1
2
J223
J222
1
0
1...2...............3...4
1...2...............3...4
1
1.A.2...............3...4
0
1
1
.1A.2...............3...4
1
0
1
.1AB2...............3...4
0
1
1
.1AB2..............43....
1
0
1
C1AB2..............43....
0
1
1
C1AB2..........3...4.....
1
0
1
C1AB2..........3...4D....
0
1
1
C1AB2.....3........4D....
1
0
1
C1AB2.....3........4D...E
0
1
1
C1AB2.....3...4.....D...E
1
0
1
C1AB2.....3...4.....DF..E
0
1
1
C1AB23........4.....DF..E
1
0
1
C1AB23........4.....DF.GE
0
1
1
C1AB23...4..........DF.GE
1
0
1
C1AB23...4......H...DF.GE
0
1
1
C1AB2.3..4......H...DF.GE
1
0
1
C1AB2.3..4......H.I.DF.GE
0
1
1
C1AB2.3.4.......H.I.DF.GE
1
0
1
C1AB2.3.4......JH.I.DF.GE
0
1
1
C1AB2...4..3...JH.I.DF.GE
1
0
1
C1AB2...4..3...JH.IKDF.GE
0
1
1
C1AB2......3.4.JH.IKDF.GE
1
C1AB2L.....3.4.JH.IKDF.GE
1
C1AB2L....3..4.JH.IKDF.GE
1
C1AB2L....3..4.JH.IKDFMGE
1
C1AB2L....3...4JH.IKDFMGE
1
C1AB2L...N3...4JH.IKDFMGE
1
C.AB2L1..N3...4JH.IKDFMGE
1
COAB2L1..N3...4JH.IKDFMGE
1
COAB.L1.2N3...4JH.IKDFMGE
1
COABPL1.2N3...4JH.IKDFMGE
1
COABPL.12N3...4JH.IKDFMGE
1
COABPL.12N3...4JHQIKDFMGE
1
COABPL.1.N3..24JHQIKDFMGE
1
COABPLR1.N3..24JHQIKDFMGE
1
COABPLR..N3.124JHQIKDFMGE
1
COABPLR.SN3.124JHQIKDFMGE
1
COABPLR.SN31.24JHQIKDFMGE
1
COABPLR.SN31T24JHQIKDFMGE
2
3
0
0
0
224
0
225
1
2
J225
J224
1
0
1...2...............3...4
1...2...............3...4
-4
-3
-3
0
1
0
1
1...2.......A.......3...4
1
....2.1.....A.......3...4
1
....2.1.....A.....B.3...4
1
....2.1.....A.....B.3..4.
1
....2.1.....AC....B.3..4.
1
....2.1.....AC..3.B....4.
1
....2.1.....AC..3DB....4.
1
....2.1.3....C...DB....4.
1
....2.1.3....CE..DB....4.
1
....2.1..3...CE..DB....4.
1
....2.1..3...CE..DBF...4.
0
1
....2....3..1CE..DBF...4.
1
....2....3..1CE..DBF...4G
1
....2....3...CE...BF..14G
1
....2....3...CE...BFH.14G
1
....2....3...CE...BFH1.4G
0
1
....2....3...CE...BFH1I4G
1
........23...CE...BFH1I4G
1
........23...CEJ..BFH1I4G
1
.........3..2CEJ..BFH1I4G
1
.........3K.2CEJ..BFH1I4G
1
......2..3K..CEJ..BFH1I4G
1
.....L2..3K..CEJ..BFH1I4G
1
2....L...3K..CEJ..BFH1I4G
1
2...ML...3K..CEJ..BFH1I4G
1
2...ML...3K..CEJ1.BFH.I4G
1
2...ML...3K..CEJ1.BFHNI4G
1
2...ML..3.K..CEJ1.BFHNI4G
1
2...ML..3OK..CEJ1.BFHNI4G
0
0
0
0
0
0
0
1
....ML2.3OK..CEJ1.BFHNI4G
1
P...ML2.3OK..CEJ1.BFHNI4G
1
P2..ML..3OK..CEJ1.BFHNI4G
1
P2.QML..3OK..CEJ1.BFHNI4G
1
P.2QML..3OK..CEJ1.BFHNI4G
1
PR2QML..3OK..CEJ1.BFHNI4G
1
PR2QML.3.OK..CEJ1.BFHNI4G
1
PR2QML.3SOK..CEJ1.BFHNI4G
1
PR2QML3.SOK..CEJ1.BFHNI4G
1
PR2QML3.SOKT.CEJ1.BFHNI4G
1
PR2QML.3SOKT.CEJ1.BFHNI4G
-5
0
0
0
0
0
0
0
1
PR2QML.3SOKT.CEJ1IBFHN.4G
1
PR2QML13SOK..CEJ.IBFHN.4G
1
PR2QML13SOK..CEJNIBFH..4G
1
PR2QML13SOK..CEJNIBFH.4.G
1
PR2QML13SOKN.CEJ.IBFH.4.G
1
PR2QML13SOKN4CEJ..BFH...G
1
PR2QML13SOKN4CEJ..BFH..G.
1
PR2QML.3SOK.4CEJ1.BFH..G.
PR2QML.3SOK.4CEJ1.BFH..G.
3
2
0
0
0
226
0
227
1
2
J227
J226
1
0
1...2...............3...4
1...2...............3...4
1
1.A.2...............3...4
0
1
1
.1A.2...............3...4
1
0
1
.1AB2...............3...4
0
1
1
.1AB2..............43....
1
0
1
C1AB2..............43....
0
1
1
C1AB2..........3...4.....
1
0
1
C1AB2..........3...4D....
0
1
1
C1AB2.....3........4D....
1
0
1
C1AB2.....3........4D...E
0
1
1
C1AB2.....3...4.....D...E
1
0
1
C1AB2.....3...4.....DF..E
0
1
1
C1AB23........4.....DF..E
1
0
1
C1AB23........4.....DF.GE
0
1
1
C1AB23...4..........DF.GE
1
0
1
C1AB23...4......H...DF.GE
0
1
1
C1AB2.3..4......H...DF.GE
1
0
1
C1AB2.3..4......H.I.DF.GE
0
1
1
C1AB2.3.4.......H.I.DF.GE
1
0
1
C1AB2.3.4......JH.I.DF.GE
0
1
1
C1AB2...4..3...JH.I.DF.GE
1
0
1
C1AB2...4..3...JH.IKDF.GE
0
1
1
C1AB2......3.4.JH.IKDF.GE
1
C1AB2L.....3.4.JH.IKDF.GE
1
C1AB2L....3..4.JH.IKDF.GE
1
C1AB2L....3..4.JH.IKDFMGE
1
C1AB2L....3...4JH.IKDFMGE
1
C1AB2L...N3...4JH.IKDFMGE
1
C.AB2L1..N3...4JH.IKDFMGE
1
COAB2L1..N3...4JH.IKDFMGE
1
COAB.L1.2N3...4JH.IKDFMGE
1
COABPL1.2N3...4JH.IKDFMGE
1
COABPL.12N3...4JH.IKDFMGE
1
COABPL.12N3...4JHQIKDFMGE
1
COABPL.1.N3..24JHQIKDFMGE
1
COABPLR1.N3..24JHQIKDFMGE
1
COABPLR..N3.124JHQIKDFMGE
1
COABPLR.SN3.124JHQIKDFMGE
1
COABPLR.SN31.24JHQIKDFMGE
1
COABPLR.SN31T24JHQIKDFMGE
2
3
0
0
0
228
0
229
1
2
J229
J228
1
0
1...2...............3...4
1...2...............3...4
-4
-3
-3
0
1
0
1
1...2.......A.......3...4
1
....2.1.....A.......3...4
1
....2.1.....A.....B.3...4
1
....2.1.....A.....B.3..4.
1
....2.1.....AC....B.3..4.
1
....2.1.....AC..3.B....4.
1
....2.1.....AC..3DB....4.
1
....2.1.3....C...DB....4.
1
....2.1.3....CE..DB....4.
1
....2.1..3...CE..DB....4.
1
....2.1..3...CE..DBF...4.
0
1
....2....3..1CE..DBF...4.
1
....2....3..1CE..DBF...4G
1
....2....3...CE...BF..14G
1
....2....3...CE...BFH.14G
1
....2....3...CE...BFH1.4G
0
1
....2....3...CE...BFH1I4G
1
........23...CE...BFH1I4G
1
........23...CEJ..BFH1I4G
1
.........3..2CEJ..BFH1I4G
1
.........3K.2CEJ..BFH1I4G
1
......2..3K..CEJ..BFH1I4G
1
.....L2..3K..CEJ..BFH1I4G
1
2....L...3K..CEJ..BFH1I4G
1
2...ML...3K..CEJ..BFH1I4G
1
2...ML...3K..CEJ1.BFH.I4G
1
2...ML...3K..CEJ1.BFHNI4G
1
2...ML..3.K..CEJ1.BFHNI4G
1
2...ML..3OK..CEJ1.BFHNI4G
0
0
0
0
0
0
0
1
....ML2.3OK..CEJ1.BFHNI4G
1
P...ML2.3OK..CEJ1.BFHNI4G
1
P2..ML..3OK..CEJ1.BFHNI4G
1
P2.QML..3OK..CEJ1.BFHNI4G
1
P.2QML..3OK..CEJ1.BFHNI4G
1
PR2QML..3OK..CEJ1.BFHNI4G
1
PR2QML.3.OK..CEJ1.BFHNI4G
1
PR2QML.3SOK..CEJ1.BFHNI4G
1
PR2QML3.SOK..CEJ1.BFHNI4G
1
PR2QML3.SOKT.CEJ1.BFHNI4G
1
PR2QML.3SOKT.CEJ1.BFHNI4G
-5
0
0
0
0
0
0
0
1
PR2QML.3SOKT.CEJ1IBFHN.4G
1
PR2QML13SOK..CEJ.IBFHN.4G
1
PR2QML13SOK..CEJNIBFH..4G
1
PR2QML13SOK..CEJNIBFH.4.G
1
PR2QML13SOKN.CEJ.IBFH.4.G
1
PR2QML13SOKN4CEJ..BFH...G
1
PR2QML13SOKN4CEJ..BFH..G.
1
PR2QML.3SOK.4CEJ1.BFH..G.
PR2QML.3SOK.4CEJ1.BFH..G.
3
2
0
0
0
230
0
231
1
2
J231
J230
1
0
1...2...............3...4
1...2...............3...4
1
1.A.2...............3...4
0
1
1
.1A.2...............3...4
1
0
1
.1AB2...............3...4
0
1
1
.1AB2..............43....
1
0
1
C1AB2..............43....
0
1
1
C1AB2..........3...4.....
1
0
1
C1AB2..........3...4D....
0
1
1
C1AB2.....3........4D....
1
0
1
C1AB2.....3........4D...E
0
1
1
C1AB2.....3...4.....D...E
1
0
1
C1AB2.....3...4.....DF..E
0
1
1
C1AB23........4.....DF..E
1
0
1
C1AB23........4.....DF.GE
0
1
1
C1AB23...4..........DF.GE
1
0
1
C1AB23...4......H...DF.GE
0
1
1
C1AB2.3..4......H...DF.GE
1
0
1
C1AB2.3..4......H.I.DF.GE
0
1
1
C1AB2.3.4.......H.I.DF.GE
1
0
1
C1AB2.3.4......JH.I.DF.GE
0
1
1
C1AB2...4..3...JH.I.DF.GE
1
0
1
C1AB2...4..3...JH.IKDF.GE
0
1
1
C1AB2......3.4.JH.IKDF.GE
1
C1AB2L.....3.4.JH.IKDF.GE
1
C1AB2L....3..4.JH.IKDF.GE
1
C1AB2L....3..4.JH.IKDFMGE
1
C1AB2L....3...4JH.IKDFMGE
1
C1AB2L...N3...4JH.IKDFMGE
1
C.AB2L1..N3...4JH.IKDFMGE
1
COAB2L1..N3...4JH.IKDFMGE
1
COAB.L1.2N3...4JH.IKDFMGE
1
COABPL1.2N3...4JH.IKDFMGE
1
COABPL.12N3...4JH.IKDFMGE
1
COABPL.12N3...4JHQIKDFMGE
1
COABPL.1.N3..24JHQIKDFMGE
1
COABPLR1.N3..24JHQIKDFMGE
1
COABPLR..N3.124JHQIKDFMGE
1
COABPLR.SN3.124JHQIKDFMGE
1
COABPLR.SN31.24JHQIKDFMGE
1
COABPLR.SN31T24JHQIKDFMGE
2
3
0
0
0
232
0
233
1
2
J233
J232
1
0
1...2...............3...4
1...2...............3...4
-4
-3
-3
0
1
0
1
1...2.......A.......3...4
1
....2.1.....A.......3...4
1
....2.1.....A.....B.3...4
1
....2.1.....A.....B.3..4.
1
....2.1.....AC....B.3..4.
1
....2.1.....AC..3.B....4.
1
....2.1.....AC..3DB....4.
1
....2.1.3....C...DB....4.
1
....2.1.3....CE..DB....4.
1
....2.1..3...CE..DB....4.
1
....2.1..3...CE..DBF...4.
0
1
....2....3..1CE..DBF...4.
1
....2....3..1CE..DBF...4G
1
....2....3...CE...BF..14G
1
....2....3...CE...BFH.14G
1
....2....3...CE...BFH1.4G
0
1
....2....3...CE...BFH1I4G
1
........23...CE...BFH1I4G
1
........23...CEJ..BFH1I4G
1
.........3..2CEJ..BFH1I4G
1
.........3K.2CEJ..BFH1I4G
1
......2..3K..CEJ..BFH1I4G
1
.....L2..3K..CEJ..BFH1I4G
1
2....L...3K..CEJ..BFH1I4G
1
2...ML...3K..CEJ..BFH1I4G
1
2...ML...3K..CEJ1.BFH.I4G
1
2...ML...3K..CEJ1.BFHNI4G
1
2...ML..3.K..CEJ1.BFHNI4G
1
2...ML..3OK..CEJ1.BFHNI4G
0
0
0
0
0
0
0
1
....ML2.3OK..CEJ1.BFHNI4G
1
P...ML2.3OK..CEJ1.BFHNI4G
1
P2..ML..3OK..CEJ1.BFHNI4G
1
P2.QML..3OK..CEJ1.BFHNI4G
1
P.2QML..3OK..CEJ1.BFHNI4G
1
PR2QML..3OK..CEJ1.BFHNI4G
1
PR2QML.3.OK..CEJ1.BFHNI4G
1
PR2QML.3SOK..CEJ1.BFHNI4G
1
PR2QML3.SOK..CEJ1.BFHNI4G
1
PR2QML3.SOKT.CEJ1.BFHNI4G
1
PR2QML.3SOKT.CEJ1.BFHNI4G
-5
0
0
0
0
0
0
0
1
PR2QML.3SOKT.CEJ1IBFHN.4G
1
PR2QML13SOK..CEJ.IBFHN.4G
1
PR2QML13SOK..CEJNIBFH..4G
1
PR2QML13SOK..CEJNIBFH.4.G
1
PR2QML13SOKN.CEJ.IBFH.4.G
1
PR2QML13SOKN4CEJ..BFH...G
1
PR2QML13SOKN4CEJ..BFH..G.
1
PR2QML.3SOK.4CEJ1.BFH..G.
PR2QML.3SOK.4CEJ1.BFH..G.
3
2
0
0
0
234
0
235
1
2
J235
J234
1
0
1...2...............3...4
1...2...............3...4
1
1.A.2...............3...4
0
1
1
.1A.2...............3...4
1
0
1
.1AB2...............3...4
0
1
1
.1AB2..............43....
1
0
1
C1AB2..............43....
0
1
1
C1AB2..........3...4.....
1
0
1
C1AB2..........3...4D....
0
1
1
C1AB2.....3........4D....
1
0
1
C1AB2.....3........4D...E
0
1
1
C1AB2.....3...4.....D...E
1
0
1
C1AB2.....3...4.....DF..E
0
1
1
C1AB23........4.....DF..E
1
0
1
C1AB23........4.....DF.GE
0
1
1
C1AB23...4..........DF.GE
1
0
1
C1AB23...4......H...DF.GE
0
1
1
C1AB2.3..4......H...DF.GE
1
0
1
C1AB2.3..4......H.I.DF.GE
0
1
1
C1AB2.3.4.......H.I.DF.GE
1
0
1
C1AB2.3.4......JH.I.DF.GE
0
1
1
C1AB2...4..3...JH.I.DF.GE
1
0
1
C1AB2...4..3...JH.IKDF.GE
0
1
1
C1AB2......3.4.JH.IKDF.GE
1
C1AB2L.....3.4.JH.IKDF.GE
1
C1AB2L....3..4.JH.IKDF.GE
1
C1AB2L....3..4.JH.IKDFMGE
1
C1AB2L....3...4JH.IKDFMGE
1
C1AB2L...N3...4JH.IKDFMGE
1
C.AB2L1..N3...4JH.IKDFMGE
1
COAB2L1..N3...4JH.IKDFMGE
1
COAB.L1.2N3...4JH.IKDFMGE
1
COABPL1.2N3...4JH.IKDFMGE
1
COABPL.12N3...4JH.IKDFMGE
1
COABPL.12N3...4JHQIKDFMGE
1
COABPL.1.N3..24JHQIKDFMGE
1
COABPLR1.N3..24JHQIKDFMGE
1
COABPLR..N3.124JHQIKDFMGE
1
COABPLR.SN3.124JHQIKDFMGE
1
COABPLR.SN31.24JHQIKDFMGE
1
COABPLR.SN31T24JHQIKDFMGE
2
3
0
0
0
236
0
237
1
2
J237
J236
1
0
1...2...............3...4
1...2...............3...4
-4
-3
-3
0
1
0
1
1...2.......A.......3...4
1
....2.1.....A.......3...4
1
....2.1.....A.....B.3...4
1
....2.1.....A.....B.3..4.
1
....2.1.....AC....B.3..4.
1
....2.1.....AC..3.B....4.
1
....2.1.....AC..3DB....4.
1
....2.1.3....C...DB....4.
1
....2.1.3....CE..DB....4.
1
....2.1..3...CE..DB....4.
1
....2.1..3...CE..DBF...4.
0
1
....2....3..1CE..DBF...4.
1
....2....3..1CE..DBF...4G
1
....2....3...CE...BF..14G
1
....2....3...CE...BFH.14G
1
....2....3...CE...BFH1.4G
0
1
....2....3...CE...BFH1I4G
1
........23...CE...BFH1I4G
1
........23...CEJ..BFH1I4G
1
.........3..2CEJ..BFH1I4G
1
.........3K.2CEJ..BFH1I4G
1
......2..3K..CEJ..BFH1I4G
1
.....L2..3K..CEJ..BFH1I4G
1
2....L...3K..CEJ..BFH1I4G
1
2...ML...3K..CEJ..BFH1I4G
1
2...ML...3K..CEJ1.BFH.I4G
1
2...ML...3K..CEJ1.BFHNI4G
1
2...ML..3.K..CEJ1.BFHNI4G
1
2...ML..3OK..CEJ1.BFHNI4G
0
0
0
0
0
0
0
1
....ML2.3OK..CEJ1.BFHNI4G
1
P...ML2.3OK..CEJ1.BFHNI4G
1
P2..ML..3OK..CEJ1.BFHNI4G
1
P2.QML..3OK..CEJ1.BFHNI4G
1
P.2QML..3OK..CEJ1.BFHNI4G
1
PR2QML..3OK..CEJ1.BFHNI4G
1
PR2QML.3.OK..CEJ1.BFHNI4G
1
PR2QML.3SOK..CEJ1.BFHNI4G
1
PR2QML3.SOK..CEJ1.BFHNI4G
1
PR2QML3.SOKT.CEJ1.BFHNI4G
1
PR2QML.3SOKT.CEJ1.BFHNI4G
-5
0
0
0
0
0
0
0
1
PR2QML.3SOKT.CEJ1IBFHN.4G
1
PR2QML13SOK..CEJ.IBFHN.4G
1
PR2QML13SOK..CEJNIBFH..4G
1
PR2QML13SOK..CEJNIBFH.4.G
1
PR2QML13SOKN.CEJ.IBFH.4.G
1
PR2QML13SOKN4CEJ..BFH...G
1
PR2QML13SOKN4CEJ..BFH..G.
1
PR2QML.3SOK.4CEJ1.BFH..G.
PR2QML.3SOK.4CEJ1.BFH..G.
3
2
0
0
0
238
0
239
1
2
J239
J238
1
0
1...2...............3...4
1...2...............3...4
1
1.A.2...............3...4
0
1
1
.1A.2...............3...4
1
0
1
.1AB2...............3...4
0
1
1
.1AB2..............43....
1
0
1
C1AB2..............43....
0
1
1
C1AB2..........3...4.....
1
0
1
C1AB2..........3...4D....
0
1
1
C1AB2.....3........4D....
1
0
1
C1AB2.....3........4D...E
0
1
1
C1AB2.....3...4.....D...E
1
0
1
C1AB2.....3...4.....DF..E
0
1
1
C1AB23........4.....DF..E
1
0
1
C1AB23........4.....DF.GE
0
1
1
C1AB23...4..........DF.GE
1
0
1
C1AB23...4......H...DF.GE
0
1
1
C1AB2.3..4......H...DF.GE
1
0
1
C1AB2.3..4......H.I.DF.GE
0
1
1
C1AB2.3.4.......H.I.DF.GE
1
0
1
C1AB2.3.4......JH.I.DF.GE
0
1
1
C1AB2...4..3...JH.I.DF.GE
1
0
1
C1AB2...4..3...JH.IKDF.GE
0
1
1
C1AB2......3.4.JH.IKDF.GE
1
C1AB2L.....3.4.JH.IKDF.GE
1
C1AB2L....3..4.JH.IKDF.GE
1
C1AB2L....3..4.JH.IKDFMGE
1
C1AB2L....3...4JH.IKDFMGE
1
C1AB2L...N3...4JH.IKDFMGE
1
C.AB2L1..N3...4JH.IKDFMGE
1
COAB2L1..N3...4JH.IKDFMGE
1
COAB.L1.2N3...4JH.IKDFMGE
1
COABPL1.2N3...4JH.IKDFMGE
1
COABPL.12N3...4JH.IKDFMGE
1
COABPL.12N3...4JHQIKDFMGE
1
COABPL.1.N3..24JHQIKDFMGE
1
COABPLR1.N3..24JHQIKDFMGE
1
COABPLR..N3.124JHQIKDFMGE
1
COABPLR.SN3.124JHQIKDFMGE
1
COABPLR.SN31.24JHQIKDFMGE
1
COABPLR.SN31T24JHQIKDFMGE
2
3
0
0
0
240
0
241
1
2
J241
J240
1
0
1...2...............3...4
1...2...............3...4
-4
-3
-3
0
1
0
1
1...2.......A.......3...4
1
....2.1.....A.......3...4
1
....2.1.....A.....B.3...4
1
....2.1.....A.....B.3..4.
1
....2.1.....AC....B.3..4.
1
....2.1.....AC..3.B....4.
1
....2.1.....AC..3DB....4.
1
....2.1.3....C...DB....4.
1
....2.1.3....CE..DB....4.
1
....2.1..3...CE..DB....4.
1
....2.1..3...CE..DBF...4.
0
1
....2....3..1CE..DBF...4.
1
....2....3..1CE..DBF...4G
1
....2....3...CE...BF..14G
1
....2....3...CE...BFH.14G
1
....2....3...CE...BFH1.4G
0
1
....2....3...CE...BFH1I4G
1
........23...CE...BFH1I4G
1
........23...CEJ..BFH1I4G
1
.........3..2CEJ..BFH1I4G
1
.........3K.2CEJ..BFH1I4G
1
......2..3K..CEJ..BFH1I4G
1
.....L2..3K..CEJ..BFH1I4G
1
2....L...3K..CEJ..BFH1I4G
1
2...ML...3K..CEJ..BFH1I4G
1
2...ML...3K..CEJ1.BFH.I4G
1
2...ML...3K..CEJ1.BFHNI4G
1
2...ML..3.K..CEJ1.BFHNI4G
1
2...ML..3OK..CEJ1.BFHNI4G
0
0
0
0
0
0
0
1
....ML2.3OK..CEJ1.BFHNI4G
1
P...ML2.3OK..CEJ1.BFHNI4G
1
P2..ML..3OK..CEJ1.BFHNI4G
1
P2.QML..3OK..CEJ1.BFHNI4G
1
P.2QML..3OK..CEJ1.BFHNI4G
1
PR2QML..3OK..CEJ1.BFHNI4G
1
PR2QML.3.OK..CEJ1.BFHNI4G
1
PR2QML.3SOK..CEJ1.BFHNI4G
1
PR2QML3.SOK..CEJ1.BFHNI4G
1
PR2QML3.SOKT.CEJ1.BFHNI4G
1
PR2QML.3SOKT.CEJ1.BFHNI4G
-5
0
0
0
0
0
0
0
1
PR2QML.3SOKT.CEJ1IBFHN.4G
1
PR2QML13SOK..CEJ.IBFHN.4G
1
PR2QML13SOK..CEJNIBFH..4G
1
PR2QML13SOK..CEJNIBFH.4.G
1
PR2QML13SOKN.CEJ.IBFH.4.G
1
PR2QML13SOKN4CEJ..BFH...G
1
PR2QML13SOKN4CEJ..BFH..G.
1
PR2QML.3SOK.4CEJ1.BFH..G.
PR2QML.3SOK.4CEJ1.BFH..G.
3
2
0
0
0
242
0
243
1
2
J243
J242
1
0
1...2...............3...4
1...2...............3...4
1
1.A.2...............3...4
0
1
1
.1A.2...............3...4
1
0
1
.1AB2...............3...4
0
1
1
.1AB2..............43....
1
0
1
C1AB2..............43....
0
1
1
C1AB2..........3...4.....
1
0
1
C1AB2..........3...4D....
0
1
1
C1AB2.....3........4D....
1
0
1
C1AB2.....3........4D...E
0
1
1
C1AB2.....3...4.....D...E
1
0
1
C1AB2.....3...4.....DF..E
0
1
1
C1AB23........4.....DF..E
1
0
1
C1AB23........4.....DF.GE
0
1
1
C1AB23...4..........DF.GE
1
0
1
C1AB23...4......H...DF.GE
0
1
1
C1AB2.3..4......H...DF.GE
1
0
1
C1AB2.3..4......H.I.DF.GE
0
1
1
C1AB2.3.4.......H.I.DF.GE
1
0
1
C1AB2.3.4......JH.I.DF.GE
0
1
1
C1AB2...4..3...JH.I.DF.GE
1
0
1
C1AB2...4..3...JH.IKDF.GE
0
1
1
C1AB2......3.4.JH.IKDF.GE
1
C1AB2L.....3.4.JH.IKDF.GE
1
C1AB2L....3..4.JH.IKDF.GE
1
C1AB2L....3..4.JH.IKDFMGE
1
C1AB2L....3...4JH.IKDFMGE
1
C1AB2L...N3...4JH.IKDFMGE
1
C.AB2L1..N3...4JH.IKDFMGE
1
COAB2L1..N3...4JH.IKDFMGE
1
COAB.L1.2N3...4JH.IKDFMGE
1
COABPL1.2N3...4JH.IKDFMGE
1
COABPL.12N3...4JH.IKDFMGE
1
COABPL.12N3...4JHQIKDFMGE
1
COABPL.1.N3..24JHQIKDFMGE
1
COABPLR1.N3..24JHQIKDFMGE
1
COABPLR..N3.124JHQIKDFMGE
1
COABPLR.SN3.124JHQIKDFMGE
1
COABPLR.SN31.24JHQIKDFMGE
1
COABPLR.SN31T24JHQIKDFMGE
2
3
0
0
0
244
0
245
1
2
J245
J244
1
0
1...2...............3...4
1...2...............3...4
-4
-3
-3
0
1
0
1
1...2.......A.......3...4
1
....2.1.....A.......3...4
1
....2.1.....A.....B.3...4
1
....2.1.....A.....B.3..4.
1
....2.1.....AC....B.3..4.
1
....2.1.....AC..3.B....4.
1
....2.1.....AC..3DB....4.
1
....2.1.3....C...DB....4.
1
....2.1.3....CE..DB....4.
1
....2.1..3...CE..DB....4.
1
....2.1..3...CE..DBF...4.
0
1
....2....3..1CE..DBF...4.
1
....2....3..1CE..DBF...4G
1
....2....3...CE...BF..14G
1
....2....3...CE...BFH.14G
1
....2....3...CE...BFH1.4G
0
1
....2....3...CE...BFH1I4G
1
........23...CE...BFH1I4G
1
........23...CEJ..BFH1I4G
1
.........3..2CEJ..BFH1I4G
1
.........3K.2CEJ..BFH1I4G
1
......2..3K..CEJ..BFH1I4G
1
.....L2..3K..CEJ..BFH1I4G
1
2....L...3K..CEJ..BFH1I4G
1
2...ML...3K..CEJ..BFH1I4G
1
2...ML...3K..CEJ1.BFH.I4G
1
2...ML...3K..CEJ1.BFHNI4G
1
2...ML..3.K..CEJ1.BFHNI4G
1
2...ML..3OK..CEJ1.BFHNI4G
0
0
0
0
0
0
0
1
....ML2.3OK..CEJ1.BFHNI4G
1
P...ML2.3OK..CEJ1.BFHNI4G
1
P2..ML..3OK..CEJ1.BFHNI4G
1
P2.QML..3OK..CEJ1.BFHNI4G
1
P.2QML..3OK..CEJ1.BFHNI4G
1
PR2QML..3OK..CEJ1.BFHNI4G
1
PR2QML.3.OK..CEJ1.BFHNI4G
1
PR2QML.3SOK..CEJ1.BFHNI4G
1
PR2QML3.SOK..CEJ1.BFHNI4G
1
PR2QML3.SOKT.CEJ1.BFHNI4G
1
PR2QML.3SOKT.CEJ1.BFHNI4G
-5
0
0
0
0
0
0
0
1
PR2QML.3SOKT.CEJ1IBFHN.4G
1
PR2QML13SOK..CEJ.IBFHN.4G
1
PR2QML13SOK..CEJNIBFH..4G
1
PR2QML13SOK..CEJNIBFH.4.G
1
PR2QML13SOKN.CEJ.IBFH.4.G
1
PR2QML13SOKN4CEJ..BFH...G
1
PR2QML13SOKN4CEJ..BFH..G.
1
PR2QML.3SOK.4CEJ1.BFH..G.
PR2QML.3SOK.4CEJ1.BFH..G.
3
2
0
0
0
246
0
247
1
2
J247
J246
1
0
1...2...............3...4
1...2...............3...4
1
1.A.2...............3...4
0
1
1
.1A.2...............3...4
1
0
1
.1AB2...............3...4
0
1
1
.1AB2..............43....
1
0
1
C1AB2..............43....
0
1
1
C1AB2..........3...4.....
1
0
1
C1AB2..........3...4D....
0
1
1
C1AB2.....3........4D....
1
0
1
C1AB2.....3........4D...E
0
1
1
C1AB2.....3...4.....D...E
1
0
1
C1AB2.....3...4.....DF..E
0
1
1
C1AB23........4.....DF..E
1
0
1
C1AB23........4.....DF.GE
0
1
1
C1AB23...4..........DF.GE
1
0
1
C1AB23...4......H...DF.GE
0
1
1
C1AB2.3..4......H...DF.GE
1
0
1
C1AB2.3..4......H.I.DF.GE
0
1
1
C1AB2.3.4.......H.I.DF.GE
1
0
1
C1AB2.3.4......JH.I.DF.GE
0
1
1
C1AB2...4..3...JH.I.DF.GE
1
0
1
C1AB2...4..3...JH.IKDF.GE
0
1
1
C1AB2......3.4.JH.IKDF.GE
1
C1AB2L.....3.4.JH.IKDF.GE
1
C1AB2L....3..4.JH.IKDF.GE
1
C1AB2L....3..4.JH.IKDFMGE
1
C1AB2L....3...4JH.IKDFMGE
1
C1AB2L...N3...4JH.IKDFMGE
1
C.AB2L1..N3...4JH.IKDFMGE
1
COAB2L1..N3...4JH.IKDFMGE
1
COAB.L1.2N3...4JH.IKDFMGE
1
COABPL1.2N3...4JH.IKDFMGE
1
COABPL.12N3...4JH.IKDFMGE
1
COABPL.12N3...4JHQIKDFMGE
1
COABPL.1.N3..24JHQIKDFMGE
1
COABPLR1.N3..24JHQIKDFMGE
1
COABPLR..N3.124JHQIKDFMGE
1
COABPLR.SN3.124JHQIKDFMGE
1
COABPLR.SN31.24JHQIKDFMGE
1
COABPLR.SN31T24JHQIKDFMGE
2
3
0
0
0
248
0
249
1
2
J249
J248
1
0
1...2...............3...4
1...2...............3...4
-4
-3
-3
0
1
0
1
1...2.......A.......3...4
1
....2.1.....A.......3...4
1
....2.1.....A.....B.3...4
1
....2.1.....A.....B.3..4.
1
....2.1.....AC....B.3..4.
1
....2.1.....AC..3.B....4.
1
....2.1.....AC..3DB....4.
1
....2.1.3....C...DB....4.
1
....2.1.3....CE..DB....4.
1
....2.1..3...CE..DB....4.
1
....2.1..3...CE..DBF...4.
0
1
....2....3..1CE..DBF...4.
1
....2....3..1CE..DBF...4G
1
....2....3...CE...BF..14G
1
....2....3...CE...BFH.14G
1
....2....3...CE...BFH1.4G
0
1
....2....3...CE...BFH1I4G
1
........23...CE...BFH1I4G
1
........23...CEJ..BFH1I4G
1
.........3..2CEJ..BFH1I4G
1
.........3K.2CEJ..BFH1I4G
1
......2..3K..CEJ..BFH1I4G
1
.....L2..3K..CEJ..BFH1I4G
1
2....L...3K..CEJ..BFH1I4G
1
2...ML...3K..CEJ..BFH1I4G
1
2...ML...3K..CEJ1.BFH.I4G
1
2...ML...3K..CEJ1.BFHNI4G
1
2...ML..3.K..CEJ1.BFHNI4G
1
2...ML..3OK..CEJ1.BFHNI4G
0
0
0
0
0
0
0
1
....ML2.3OK..CEJ1.BFHNI4G
1
P...ML2.3OK..CEJ1.BFHNI4G
1
P2..ML..3OK..CEJ1.BFHNI4G
1
P2.QML..3OK..CEJ1.BFHNI4G
1
P.2QML..3OK..CEJ1.BFHNI4G
1
PR2QML..3OK..CEJ1.BFHNI4G
1
PR2QML.3.OK..CEJ1.BFHNI4G
1
PR2QML.3SOK..CEJ1.BFHNI4G
1
PR2QML3.SOK..CEJ1.BFHNI4G
1
PR2QML3.SOKT.CEJ1.BFHNI4G
1
PR2QML.3SOKT.CEJ1.BFHNI4G
-5
0
0
0
0
0
0
0
1
PR2QML.3SOKT.CEJ1IBFHN.4G
1
PR2QML13SOK..CEJ.IBFHN.4G
1
PR2QML13SOK..CEJNIBFH..4G
1
PR2QML13SOK..CEJNIBFH.4.G
1
PR2QML13SOKN.CEJ.IBFH.4.G
1
PR2QML13SOKN4CEJ..BFH...G
1
PR2QML13SOKN4CEJ..BFH..G.
1
PR2QML.3SOK.4CEJ1.BFH..G.
PR2QML.3SOK.4CEJ1.BFH..G.
3
2
0
0
