0
0
0
0
0
0
0
0
0
0
0
0
0
0
0
0
0
0
0
0
0
0
0
0
0
400
402
404
406
408
410
412
414
416
418
420
422
424
426
428
430
432
434
436
438
440
442
444
446
448
0
0
0
0
0
0
0
0
0
0
0
0
0
0
0
0
0
0
0
0
0
0
0
0
0
401
403
405
407
409
411
413
415
417
419
421
423
425
427
429
431
433
435
437
439
441
443
445
447
449
1
1
1
1
1
1
1
1
1
1
1
1
1
1
1
1
1
1
1
1
1
1
1
1
1
2
2
2
2
2
2
2
2
2
2
2
2
2
2
2
2
2
2
2
2
2
2
2
2
2
J401
J403
J405
J407
J409
J411
J413
J415
J417
J419
J421
J423
J425
J427
J429
J431
J433
J435
J437
J439
J441
J443
J445
J447
J449
J400
J402
J404
J406
J408
J410
J412
J414
J416
J418
J420
J422
J424
J426
J428
J430
J432
J434
J436
J438
J440
J442
J444
J446
J448
1
1
1
1
1
1
1
1
1
1
1
1
1
1
1
1
1
1
1
1
1
1
1
1
1
0
0
0
0
0
0
0
0
0
0
0
0
0
0
0
0
0
0
0
0
0
0
0
0
0
1...2...............3...4
1...2...............3...4
1...2...............3...4
1...2...............3...4
1...2...............3...4
1...2...............3...4
1...2...............3...4
1...2...............3...4
1...2...............3...4
1...2...............3...4
1...2...............3...4
1...2...............3...4
1...2...............3...4
1...2...............3...4
1...2...............3...4
1...2...............3...4
1...2...............3...4
1...2...............3...4
1...2...............3...4
1...2...............3...4
1...2...............3...4
1...2...............3...4
1...2...............3...4
1...2...............3...4
1...2...............3...4
1...2...............3...4
1...2...............3...4
1...2...............3...4
1...2...............3...4
1...2...............3...4
1...2...............3...4
1...2...............3...4
1...2...............3...4
1...2...............3...4
1...2...............3...4
1...2...............3...4
1...2...............3...4
1...2...............3...4
1...2...............3...4
1...2...............3...4
1...2...............3...4
1...2...............3...4
1...2...............3...4
1...2...............3...4
1...2...............3...4
1...2...............3...4
1...2...............3...4
1...2...............3...4
1...2...............3...4
1...2...............3...4
-4
1
-4
1
-4
1
-4
1
-4
1
-4
1
-4
1
-4
1
-4
1
-4
1
-4
1
-4
1
-4
-3
1.A.2...............3...4
-3
1.A.2...............3...4
-3
1.A.2...............3...4
-3
1.A.2...............3...4
-3
1.A.2...............3...4
-3
1.A.2...............3...4
-3
1.A.2...............3...4
-3
1.A.2...............3...4
-3
1.A.2...............3...4
-3
1.A.2...............3...4
-3
1.A.2...............3...4
-3
1.A.2...............3...4
-3
-3
0
-3
0
-3
0
-3
0
-3
0
-3
0
-3
0
-3
0
-3
0
-3
0
-3
0
-3
0
-3
0
1
0
1
0
1
0
1
0
1
0
1
0
1
0
1
0
1
0
1
0
1
0
1
0
1
1
1
1
1
1
1
1
1
1
1
1
1
1
1
1
1
1
1
1
1
1
1
1
1
0
.1A.2...............3...4
0
.1A.2...............3...4
0
.1A.2...............3...4
0
.1A.2...............3...4
0
.1A.2...............3...4
0
.1A.2...............3...4
0
.1A.2...............3...4
0
.1A.2...............3...4
0
.1A.2...............3...4
0
.1A.2...............3...4
0
.1A.2...............3...4
0
.1A.2...............3...4
0
1
1
1
1
1
1
1
1
1
1
1
1
1
1
1
1
1
1
1
1
1
1
1
1
1
1...2.......A.......3...4
0
1...2.......A.......3...4
0
1...2.......A.......3...4
0
1...2.......A.......3...4
0
1...2.......A.......3...4
0
1...2.......A.......3...4
0
1...2.......A.......3...4
0
1...2.......A.......3...4
0
1...2.......A.......3...4
0
1...2.......A.......3...4
0
1...2.......A.......3...4
0
1...2.......A.......3...4
0
1...2.......A.......3...4
1
1
1
1
1
1
1
1
1
1
1
1
1
1
1
1
1
1
1
1
1
1
1
1
1
....2.1.....A.......3...4
.1AB2...............3...4
....2.1.....A.......3...4
.1AB2...............3...4
....2.1.....A.......3...4
.1AB2...............3...4
....2.1.....A.......3...4
.1AB2...............3...4
....2.1.....A.......3...4
.1AB2...............3...4
....2.1.....A.......3...4
.1AB2...............3...4
....2.1.....A.......3...4
.1AB2...............3...4
....2.1.....A.......3...4
.1AB2...............3...4
....2.1.....A.......3...4
.1AB2...............3...4
....2.1.....A.......3...4
.1AB2...............3...4
....2.1.....A.......3...4
.1AB2...............3...4
....2.1.....A.......3...4
.1AB2...............3...4
....2.1.....A.......3...4
1
0
1
0
1
0
1
0
1
0
1
0
1
0
1
0
1
0
1
0
1
0
1
0
1
....2.1.....A.....B.3...4
1
....2.1.....A.....B.3...4
1
....2.1.....A.....B.3...4
1
....2.1.....A.....B.3...4
1
....2.1.....A.....B.3...4
1
....2.1.....A.....B.3...4
1
....2.1.....A.....B.3...4
1
....2.1.....A.....B.3...4
1
....2.1.....A.....B.3...4
1
....2.1.....A.....B.3...4
1
....2.1.....A.....B.3...4
1
....2.1.....A.....B.3...4
1
....2.1.....A.....B.3...4
1
1
1
1
1
1
1
1
1
1
1
1
1
1
1
1
1
1
1
1
1
1
1
1
1
....2.1.....A.....B.3..4.
.1AB2..............43....
....2.1.....A.....B.3..4.
.1AB2..............43....
....2.1.....A.....B.3..4.
.1AB2..............43....
....2.1.....A.....B.3..4.
.1AB2..............43....
....2.1.....A.....B.3..4.
.1AB2..............43....
....2.1.....A.....B.3..4.
.1AB2..............43....
....2.1.....A.....B.3..4.
.1AB2..............43....
....2.1.....A.....B.3..4.
.1AB2..............43....
....2.1.....A.....B.3..4.
.1AB2..............43....
....2.1.....A.....B.3..4.
.1AB2..............43....
....2.1.....A.....B.3..4.
.1AB2..............43....
....2.1.....A.....B.3..4.
.1AB2..............43....
....2.1.....A.....B.3..4.
1
1
1
1
1
1
1
1
1
1
1
1
1
1
1
1
1
1
1
1
1
1
1
1
1
....2.1.....AC....B.3..4.
0
....2.1.....AC....B.3..4.
0
....2.1.....AC....B.3..4.
0
....2.1.....AC....B.3..4.
0
....2.1.....AC....B.3..4.
0
....2.1.....AC....B.3..4.
0
....2.1.....AC....B.3..4.
0
....2.1.....AC....B.3..4.
0
....2.1.....AC....B.3..4.
0
....2.1.....AC....B.3..4.
0
....2.1.....AC....B.3..4.
0
....2.1.....AC....B.3..4.
0
....2.1.....AC....B.3..4.
1
1
1
1
1
1
1
1
1
1
1
1
1
1
1
1
1
1
1
1
1
1
1
1
1
....2.1.....AC..3.B....4.
C1AB2..............43....
....2.1.....AC..3.B....4.
C1AB2..............43....
....2.1.....AC..3.B....4.
C1AB2..............43....
....2.1.....AC..3.B....4.
C1AB2..............43....
....2.1.....AC..3.B....4.
C1AB2..............43....
....2.1.....AC..3.B....4.
C1AB2..............43....
....2.1.....AC..3.B....4.
C1AB2..............43....
....2.1.....AC..3.B....4.
C1AB2..............43....
....2.1.....AC..3.B....4.
C1AB2..............43....
....2.1.....AC..3.B....4.
C1AB2..............43....
....2.1.....AC..3.B....4.
C1AB2..............43....
....2.1.....AC..3.B....4.
C1AB2..............43....
....2.1.....AC..3.B....4.
1
0
1
0
1
0
1
0
1
0
1
0
1
0
1
0
1
0
1
0
1
0
1
0
1
....2.1.....AC..3DB....4.
1
....2.1.....AC..3DB....4.
1
....2.1.....AC..3DB....4.
1
....2.1.....AC..3DB....4.
1
....2.1.....AC..3DB....4.
1
....2.1.....AC..3DB....4.
1
....2.1.....AC..3DB....4.
1
....2.1.....AC..3DB....4.
1
....2.1.....AC..3DB....4.
1
....2.1.....AC..3DB....4.
1
....2.1.....AC..3DB....4.
1
....2.1.....AC..3DB....4.
1
....2.1.....AC..3DB....4.
1
1
1
1
1
1
1
1
1
1
1
1
1
1
1
1
1
1
1
1
1
1
1
1
1
....2.1.3....C...DB....4.
C1AB2..........3...4.....
....2.1.3....C...DB....4.
C1AB2..........3...4.....
....2.1.3....C...DB....4.
C1AB2..........3...4.....
....2.1.3....C...DB....4.
C1AB2..........3...4.....
....2.1.3....C...DB....4.
C1AB2..........3...4.....
....2.1.3....C...DB....4.
C1AB2..........3...4.....
....2.1.3....C...DB....4.
C1AB2..........3...4.....
....2.1.3....C...DB....4.
C1AB2..........3...4.....
....2.1.3....C...DB....4.
C1AB2..........3...4.....
....2.1.3....C...DB....4.
C1AB2..........3...4.....
....2.1.3....C...DB....4.
C1AB2..........3...4.....
....2.1.3....C...DB....4.
C1AB2..........3...4.....
....2.1.3....C...DB....4.
1
1
1
1
1
1
1
1
1
1
1
1
1
1
1
1
1
1
1
1
1
1
1
1
1
....2.1.3....CE..DB....4.
0
....2.1.3....CE..DB....4.
0
....2.1.3....CE..DB....4.
0
....2.1.3....CE..DB....4.
0
....2.1.3....CE..DB....4.
0
....2.1.3....CE..DB....4.
0
....2.1.3....CE..DB....4.
0
....2.1.3....CE..DB....4.
0
....2.1.3....CE..DB....4.
0
....2.1.3....CE..DB....4.
0
....2.1.3....CE..DB....4.
0
....2.1.3....CE..DB....4.
0
....2.1.3....CE..DB....4.
1
1
1
1
1
1
1
1
1
1
1
1
1
1
1
1
1
1
1
1
1
1
1
1
1
....2.1..3...CE..DB....4.
C1AB2..........3...4D....
....2.1..3...CE..DB....4.
C1AB2..........3...4D....
....2.1..3...CE..DB....4.
C1AB2..........3...4D....
....2.1..3...CE..DB....4.
C1AB2..........3...4D....
....2.1..3...CE..DB....4.
C1AB2..........3...4D....
....2.1..3...CE..DB....4.
C1AB2..........3...4D....
....2.1..3...CE..DB....4.
C1AB2..........3...4D....
....2.1..3...CE..DB....4.
C1AB2..........3...4D....
....2.1..3...CE..DB....4.
C1AB2..........3...4D....
....2.1..3...CE..DB....4.
C1AB2..........3...4D....
....2.1..3...CE..DB....4.
C1AB2..........3...4D....
....2.1..3...CE..DB....4.
C1AB2..........3...4D....
....2.1..3...CE..DB....4.
1
0
1
0
1
0
1
0
1
0
1
0
1
0
1
0
1
0
1
0
1
0
1
0
1
....2.1..3...CE..DBF...4.
1
....2.1..3...CE..DBF...4.
1
....2.1..3...CE..DBF...4.
1
....2.1..3...CE..DBF...4.
1
....2.1..3...CE..DBF...4.
1
....2.1..3...CE..DBF...4.
1
....2.1..3...CE..DBF...4.
1
....2.1..3...CE..DBF...4.
1
....2.1..3...CE..DBF...4.
1
....2.1..3...CE..DBF...4.
1
....2.1..3...CE..DBF...4.
1
....2.1..3...CE..DBF...4.
1
....2.1..3...CE..DBF...4.
0
1
0
1
0
1
0
1
0
1
0
1
0
1
0
1
0
1
0
1
0
1
0
1
0
1
C1AB2.....3........4D....
1
C1AB2.....3........4D....
1
C1AB2.....3........4D....
1
C1AB2.....3........4D....
1
C1AB2.....3........4D....
1
C1AB2.....3........4D....
1
C1AB2.....3........4D....
1
C1AB2.....3........4D....
1
C1AB2.....3........4D....
1
C1AB2.....3........4D....
1
C1AB2.....3........4D....
1
C1AB2.....3........4D....
1
....2....3..1CE..DBF...4.
1
....2....3..1CE..DBF...4.
1
....2....3..1CE..DBF...4.
1
....2....3..1CE..DBF...4.
1
....2....3..1CE..DBF...4.
1
....2....3..1CE..DBF...4.
1
....2....3..1CE..DBF...4.
1
....2....3..1CE..DBF...4.
1
....2....3..1CE..DBF...4.
1
....2....3..1CE..DBF...4.
1
....2....3..1CE..DBF...4.
1
....2....3..1CE..DBF...4.
1
....2....3..1CE..DBF...4.
1
0
1
0
1
0
1
0
1
0
1
0
1
0
1
0
1
0
1
0
1
0
1
0
1
....2....3..1CE..DBF...4G
1
....2....3..1CE..DBF...4G
1
....2....3..1CE..DBF...4G
1
....2....3..1CE..DBF...4G
1
....2....3..1CE..DBF...4G
1
....2....3..1CE..DBF...4G
1
....2....3..1CE..DBF...4G
1
....2....3..1CE..DBF...4G
1
....2....3..1CE..DBF...4G
1
....2....3..1CE..DBF...4G
1
....2....3..1CE..DBF...4G
1
....2....3..1CE..DBF...4G
1
....2....3..1CE..DBF...4G
1
C1AB2.....3........4D...E
1
C1AB2.....3........4D...E
1
C1AB2.....3........4D...E
1
C1AB2.....3........4D...E
1
C1AB2.....3........4D...E
1
C1AB2.....3........4D...E
1
C1AB2.....3........4D...E
1
C1AB2.....3........4D...E
1
C1AB2.....3........4D...E
1
C1AB2.....3........4D...E
1
C1AB2.....3........4D...E
1
C1AB2.....3........4D...E
1
....2....3...CE...BF..14G
0
....2....3...CE...BF..14G
0
....2....3...CE...BF..14G
0
....2....3...CE...BF..14G
0
....2....3...CE...BF..14G
0
....2....3...CE...BF..14G
0
....2....3...CE...BF..14G
0
....2....3...CE...BF..14G
0
....2....3...CE...BF..14G
0
....2....3...CE...BF..14G
0
....2....3...CE...BF..14G
0
....2....3...CE...BF..14G
0
....2....3...CE...BF..14G
1
1
1
1
1
1
1
1
1
1
1
1
1
1
1
1
1
1
1
1
1
1
1
1
1
....2....3...CE...BFH.14G
1
....2....3...CE...BFH.14G
1
....2....3...CE...BFH.14G
1
....2....3...CE...BFH.14G
1
....2....3...CE...BFH.14G
1
....2....3...CE...BFH.14G
1
....2....3...CE...BFH.14G
1
....2....3...CE...BFH.14G
1
....2....3...CE...BFH.14G
1
....2....3...CE...BFH.14G
1
....2....3...CE...BFH.14G
1
....2....3...CE...BFH.14G
1
....2....3...CE...BFH.14G
1
C1AB2.....3...4.....D...E
1
C1AB2.....3...4.....D...E
1
C1AB2.....3...4.....D...E
1
C1AB2.....3...4.....D...E
1
C1AB2.....3...4.....D...E
1
C1AB2.....3...4.....D...E
1
C1AB2.....3...4.....D...E
1
C1AB2.....3...4.....D...E
1
C1AB2.....3...4.....D...E
1
C1AB2.....3...4.....D...E
1
C1AB2.....3...4.....D...E
1
C1AB2.....3...4.....D...E
1
....2....3...CE...BFH1.4G
1
....2....3...CE...BFH1.4G
1
....2....3...CE...BFH1.4G
1
....2....3...CE...BFH1.4G
1
....2....3...CE...BFH1.4G
1
....2....3...CE...BFH1.4G
1
....2....3...CE...BFH1.4G
1
....2....3...CE...BFH1.4G
1
....2....3...CE...BFH1.4G
1
....2....3...CE...BFH1.4G
1
....2....3...CE...BFH1.4G
1
....2....3...CE...BFH1.4G
1
....2....3...CE...BFH1.4G
0
0
0
0
0
0
0
0
0
0
0
0
0
0
0
0
0
0
0
0
0
0
0
0
0
1
1
1
1
1
1
1
1
1
1
1
1
1
1
1
1
1
1
1
1
1
1
1
1
1
....2....3...CE...BFH1I4G
C1AB2.....3...4.....DF..E
....2....3...CE...BFH1I4G
C1AB2.....3...4.....DF..E
....2....3...CE...BFH1I4G
C1AB2.....3...4.....DF..E
....2....3...CE...BFH1I4G
C1AB2.....3...4.....DF..E
....2....3...CE...BFH1I4G
C1AB2.....3...4.....DF..E
....2....3...CE...BFH1I4G
C1AB2.....3...4.....DF..E
....2....3...CE...BFH1I4G
C1AB2.....3...4.....DF..E
....2....3...CE...BFH1I4G
C1AB2.....3...4.....DF..E
....2....3...CE...BFH1I4G
C1AB2.....3...4.....DF..E
....2....3...CE...BFH1I4G
C1AB2.....3...4.....DF..E
....2....3...CE...BFH1I4G
C1AB2.....3...4.....DF..E
....2....3...CE...BFH1I4G
C1AB2.....3...4.....DF..E
....2....3...CE...BFH1I4G
1
0
1
0
1
0
1
0
1
0
1
0
1
0
1
0
1
0
1
0
1
0
1
0
1
........23...CE...BFH1I4G
1
........23...CE...BFH1I4G
1
........23...CE...BFH1I4G
1
........23...CE...BFH1I4G
1
........23...CE...BFH1I4G
1
........23...CE...BFH1I4G
1
........23...CE...BFH1I4G
1
........23...CE...BFH1I4G
1
........23...CE...BFH1I4G
1
........23...CE...BFH1I4G
1
........23...CE...BFH1I4G
1
........23...CE...BFH1I4G
1
........23...CE...BFH1I4G
1
1
1
1
1
1
1
1
1
1
1
1
1
1
1
1
1
1
1
1
1
1
1
1
1
........23...CEJ..BFH1I4G
C1AB23........4.....DF..E
........23...CEJ..BFH1I4G
C1AB23........4.....DF..E
........23...CEJ..BFH1I4G
C1AB23........4.....DF..E
........23...CEJ..BFH1I4G
C1AB23........4.....DF..E
........23...CEJ..BFH1I4G
C1AB23........4.....DF..E
........23...CEJ..BFH1I4G
C1AB23........4.....DF..E
........23...CEJ..BFH1I4G
C1AB23........4.....DF..E
........23...CEJ..BFH1I4G
C1AB23........4.....DF..E
........23...CEJ..BFH1I4G
C1AB23........4.....DF..E
........23...CEJ..BFH1I4G
C1AB23........4.....DF..E
........23...CEJ..BFH1I4G
C1AB23........4.....DF..E
........23...CEJ..BFH1I4G
C1AB23........4.....DF..E
........23...CEJ..BFH1I4G
1
1
1
1
1
1
1
1
1
1
1
1
1
1
1
1
1
1
1
1
1
1
1
1
1
.........3..2CEJ..BFH1I4G
0
.........3..2CEJ..BFH1I4G
0
.........3..2CEJ..BFH1I4G
0
.........3..2CEJ..BFH1I4G
0
.........3..2CEJ..BFH1I4G
0
.........3..2CEJ..BFH1I4G
0
.........3..2CEJ..BFH1I4G
0
.........3..2CEJ..BFH1I4G
0
.........3..2CEJ..BFH1I4G
0
.........3..2CEJ..BFH1I4G
0
.........3..2CEJ..BFH1I4G
0
.........3..2CEJ..BFH1I4G
0
.........3..2CEJ..BFH1I4G
1
1
1
1
1
1
1
1
1
1
1
1
1
1
1
1
1
1
1
1
1
1
1
1
1
.........3K.2CEJ..BFH1I4G
C1AB23........4.....DF.GE
.........3K.2CEJ..BFH1I4G
C1AB23........4.....DF.GE
.........3K.2CEJ..BFH1I4G
C1AB23........4.....DF.GE
.........3K.2CEJ..BFH1I4G
C1AB23........4.....DF.GE
.........3K.2CEJ..BFH1I4G
C1AB23........4.....DF.GE
.........3K.2CEJ..BFH1I4G
C1AB23........4.....DF.GE
.........3K.2CEJ..BFH1I4G
C1AB23........4.....DF.GE
.........3K.2CEJ..BFH1I4G
C1AB23........4.....DF.GE
.........3K.2CEJ..BFH1I4G
C1AB23........4.....DF.GE
.........3K.2CEJ..BFH1I4G
C1AB23........4.....DF.GE
.........3K.2CEJ..BFH1I4G
C1AB23........4.....DF.GE
.........3K.2CEJ..BFH1I4G
C1AB23........4.....DF.GE
.........3K.2CEJ..BFH1I4G
1
0
1
0
1
0
1
0
1
0
1
0
1
0
1
0
1
0
1
0
1
0
1
0
1
......2..3K..CEJ..BFH1I4G
1
......2..3K..CEJ..BFH1I4G
1
......2..3K..CEJ..BFH1I4G
1
......2..3K..CEJ..BFH1I4G
1
......2..3K..CEJ..BFH1I4G
1
......2..3K..CEJ..BFH1I4G
1
......2..3K..CEJ..BFH1I4G
1
......2..3K..CEJ..BFH1I4G
1
......2..3K..CEJ..BFH1I4G
1
......2..3K..CEJ..BFH1I4G
1
......2..3K..CEJ..BFH1I4G
1
......2..3K..CEJ..BFH1I4G
1
......2..3K..CEJ..BFH1I4G
1
1
1
1
1
1
1
1
1
1
1
1
1
1
1
1
1
1
1
1
1
1
1
1
1
.....L2..3K..CEJ..BFH1I4G
C1AB23...4..........DF.GE
.....L2..3K..CEJ..BFH1I4G
C1AB23...4..........DF.GE
.....L2..3K..CEJ..BFH1I4G
C1AB23...4..........DF.GE
.....L2..3K..CEJ..BFH1I4G
C1AB23...4..........DF.GE
.....L2..3K..CEJ..BFH1I4G
C1AB23...4..........DF.GE
.....L2..3K..CEJ..BFH1I4G
C1AB23...4..........DF.GE
.....L2..3K..CEJ..BFH1I4G
C1AB23...4..........DF.GE
.....L2..3K..CEJ..BFH1I4G
C1AB23...4..........DF.GE
.....L2..3K..CEJ..BFH1I4G
C1AB23...4..........DF.GE
.....L2..3K..CEJ..BFH1I4G
C1AB23...4..........DF.GE
.....L2..3K..CEJ..BFH1I4G
C1AB23...4..........DF.GE
.....L2..3K..CEJ..BFH1I4G
C1AB23...4..........DF.GE
.....L2..3K..CEJ..BFH1I4G
1
1
1
1
1
1
1
1
1
1
1
1
1
1
1
1
1
1
1
1
1
1
1
1
1
2....L...3K..CEJ..BFH1I4G
0
2....L...3K..CEJ..BFH1I4G
0
2....L...3K..CEJ..BFH1I4G
0
2....L...3K..CEJ..BFH1I4G
0
2....L...3K..CEJ..BFH1I4G
0
2....L...3K..CEJ..BFH1I4G
0
2....L...3K..CEJ..BFH1I4G
0
2....L...3K..CEJ..BFH1I4G
0
2....L...3K..CEJ..BFH1I4G
0
2....L...3K..CEJ..BFH1I4G
0
2....L...3K..CEJ..BFH1I4G
0
2....L...3K..CEJ..BFH1I4G
0
2....L...3K..CEJ..BFH1I4G
1
1
1
1
1
1
1
1
1
1
1
1
1
1
1
1
1
1
1
1
1
1
1
1
1
2...ML...3K..CEJ..BFH1I4G
C1AB23...4......H...DF.GE
2...ML...3K..CEJ..BFH1I4G
C1AB23...4......H...DF.GE
2...ML...3K..CEJ..BFH1I4G
C1AB23...4......H...DF.GE
2...ML...3K..CEJ..BFH1I4G
C1AB23...4......H...DF.GE
2...ML...3K..CEJ..BFH1I4G
C1AB23...4......H...DF.GE
2...ML...3K..CEJ..BFH1I4G
C1AB23...4......H...DF.GE
2...ML...3K..CEJ..BFH1I4G
C1AB23...4......H...DF.GE
2...ML...3K..CEJ..BFH1I4G
C1AB23...4......H...DF.GE
2...ML...3K..CEJ..BFH1I4G
C1AB23...4......H...DF.GE
2...ML...3K..CEJ..BFH1I4G
C1AB23...4......H...DF.GE
2...ML...3K..CEJ..BFH1I4G
C1AB23...4......H...DF.GE
2...ML...3K..CEJ..BFH1I4G
C1AB23...4......H...DF.GE
2...ML...3K..CEJ..BFH1I4G
1
0
1
0
1
0
1
0
1
0
1
0
1
0
1
0
1
0
1
0
1
0
1
0
1
2...ML...3K..CEJ1.BFH.I4G
1
2...ML...3K..CEJ1.BFH.I4G
1
2...ML...3K..CEJ1.BFH.I4G
1
2...ML...3K..CEJ1.BFH.I4G
1
2...ML...3K..CEJ1.BFH.I4G
1
2...ML...3K..CEJ1.BFH.I4G
1
2...ML...3K..CEJ1.BFH.I4G
1
2...ML...3K..CEJ1.BFH.I4G
1
2...ML...3K..CEJ1.BFH.I4G
1
2...ML...3K..CEJ1.BFH.I4G
1
2...ML...3K..CEJ1.BFH.I4G
1
2...ML...3K..CEJ1.BFH.I4G
1
2...ML...3K..CEJ1.BFH.I4G
1
1
1
1
1
1
1
1
1
1
1
1
1
1
1
1
1
1
1
1
1
1
1
1
1
2...ML...3K..CEJ1.BFHNI4G
C1AB2.3..4......H...DF.GE
2...ML...3K..CEJ1.BFHNI4G
C1AB2.3..4......H...DF.GE
2...ML...3K..CEJ1.BFHNI4G
C1AB2.3..4......H...DF.GE
2...ML...3K..CEJ1.BFHNI4G
C1AB2.3..4......H...DF.GE
2...ML...3K..CEJ1.BFHNI4G
C1AB2.3..4......H...DF.GE
2...ML...3K..CEJ1.BFHNI4G
C1AB2.3..4......H...DF.GE
2...ML...3K..CEJ1.BFHNI4G
C1AB2.3..4......H...DF.GE
2...ML...3K..CEJ1.BFHNI4G
C1AB2.3..4......H...DF.GE
2...ML...3K..CEJ1.BFHNI4G
C1AB2.3..4......H...DF.GE
2...ML...3K..CEJ1.BFHNI4G
C1AB2.3..4......H...DF.GE
2...ML...3K..CEJ1.BFHNI4G
C1AB2.3..4......H...DF.GE
2...ML...3K..CEJ1.BFHNI4G
C1AB2.3..4......H...DF.GE
2...ML...3K..CEJ1.BFHNI4G
1
1
1
1
1
1
1
1
1
1
1
1
1
1
1
1
1
1
1
1
1
1
1
1
1
2...ML..3.K..CEJ1.BFHNI4G
0
2...ML..3.K..CEJ1.BFHNI4G
0
2...ML..3.K..CEJ1.BFHNI4G
0
2...ML..3.K..CEJ1.BFHNI4G
0
2...ML..3.K..CEJ1.BFHNI4G
0
2...ML..3.K..CEJ1.BFHNI4G
0
2...ML..3.K..CEJ1.BFHNI4G
0
2...ML..3.K..CEJ1.BFHNI4G
0
2...ML..3.K..CEJ1.BFHNI4G
0
2...ML..3.K..CEJ1.BFHNI4G
0
2...ML..3.K..CEJ1.BFHNI4G
0
2...ML..3.K..CEJ1.BFHNI4G
0
2...ML..3.K..CEJ1.BFHNI4G
1
1
1
1
1
1
1
1
1
1
1
1
1
1
1
1
1
1
1
1
1
1
1
1
1
2...ML..3OK..CEJ1.BFHNI4G
C1AB2.3..4......H.I.DF.GE
2...ML..3OK..CEJ1.BFHNI4G
C1AB2.3..4......H.I.DF.GE
2...ML..3OK..CEJ1.BFHNI4G
C1AB2.3..4......H.I.DF.GE
2...ML..3OK..CEJ1.BFHNI4G
C1AB2.3..4......H.I.DF.GE
2...ML..3OK..CEJ1.BFHNI4G
C1AB2.3..4......H.I.DF.GE
2...ML..3OK..CEJ1.BFHNI4G
C1AB2.3..4......H.I.DF.GE
2...ML..3OK..CEJ1.BFHNI4G
C1AB2.3..4......H.I.DF.GE
2...ML..3OK..CEJ1.BFHNI4G
C1AB2.3..4......H.I.DF.GE
2...ML..3OK..CEJ1.BFHNI4G
C1AB2.3..4......H.I.DF.GE
2...ML..3OK..CEJ1.BFHNI4G
C1AB2.3..4......H.I.DF.GE
2...ML..3OK..CEJ1.BFHNI4G
C1AB2.3..4......H.I.DF.GE
2...ML..3OK..CEJ1.BFHNI4G
C1AB2.3..4......H.I.DF.GE
2...ML..3OK..CEJ1.BFHNI4G
0
0
0
0
0
0
0
0
0
0
0
0
0
0
0
0
0
0
0
0
0
0
0
0
0
0
1
0
1
0
1
0
1
0
1
0
1
0
1
0
1
0
1
0
1
0
1
0
1
0
0
1
0
1
0
1
0
1
0
1
0
1
0
1
0
1
0
1
0
1
0
1
0
1
0
0
C1AB2.3.4.......H.I.DF.GE
0
C1AB2.3.4.......H.I.DF.GE
0
C1AB2.3.4.......H.I.DF.GE
0
C1AB2.3.4.......H.I.DF.GE
0
C1AB2.3.4.......H.I.DF.GE
0
C1AB2.3.4.......H.I.DF.GE
0
C1AB2.3.4.......H.I.DF.GE
0
C1AB2.3.4.......H.I.DF.GE
0
C1AB2.3.4.......H.I.DF.GE
0
C1AB2.3.4.......H.I.DF.GE
0
C1AB2.3.4.......H.I.DF.GE
0
C1AB2.3.4.......H.I.DF.GE
0
0
1
0
1
0
1
0
1
0
1
0
1
0
1
0
1
0
1
0
1
0
1
0
1
0
0
0
0
0
0
0
0
0
0
0
0
0
0
0
0
0
0
0
0
0
0
0
0
0
0
0
1
0
1
0
1
0
1
0
1
0
1
0
1
0
1
0
1
0
1
0
1
0
1
0
1
C1AB2.3.4......JH.I.DF.GE
1
C1AB2.3.4......JH.I.DF.GE
1
C1AB2.3.4......JH.I.DF.GE
1
C1AB2.3.4......JH.I.DF.GE
1
C1AB2.3.4......JH.I.DF.GE
1
C1AB2.3.4......JH.I.DF.GE
1
C1AB2.3.4......JH.I.DF.GE
1
C1AB2.3.4......JH.I.DF.GE
1
C1AB2.3.4......JH.I.DF.GE
1
C1AB2.3.4......JH.I.DF.GE
1
C1AB2.3.4......JH.I.DF.GE
1
C1AB2.3.4......JH.I.DF.GE
1
....ML2.3OK..CEJ1.BFHNI4G
0
....ML2.3OK..CEJ1.BFHNI4G
0
....ML2.3OK..CEJ1.BFHNI4G
0
....ML2.3OK..CEJ1.BFHNI4G
0
....ML2.3OK..CEJ1.BFHNI4G
0
....ML2.3OK..CEJ1.BFHNI4G
0
....ML2.3OK..CEJ1.BFHNI4G
0
....ML2.3OK..CEJ1.BFHNI4G
0
....ML2.3OK..CEJ1.BFHNI4G
0
....ML2.3OK..CEJ1.BFHNI4G
0
....ML2.3OK..CEJ1.BFHNI4G
0
....ML2.3OK..CEJ1.BFHNI4G
0
....ML2.3OK..CEJ1.BFHNI4G
1
1
1
1
1
1
1
1
1
1
1
1
1
1
1
1
1
1
1
1
1
1
1
1
1
P...ML2.3OK..CEJ1.BFHNI4G
1
P...ML2.3OK..CEJ1.BFHNI4G
1
P...ML2.3OK..CEJ1.BFHNI4G
1
P...ML2.3OK..CEJ1.BFHNI4G
1
P...ML2.3OK..CEJ1.BFHNI4G
1
P...ML2.3OK..CEJ1.BFHNI4G
1
P...ML2.3OK..CEJ1.BFHNI4G
1
P...ML2.3OK..CEJ1.BFHNI4G
1
P...ML2.3OK..CEJ1.BFHNI4G
1
P...ML2.3OK..CEJ1.BFHNI4G
1
P...ML2.3OK..CEJ1.BFHNI4G
1
P...ML2.3OK..CEJ1.BFHNI4G
1
P...ML2.3OK..CEJ1.BFHNI4G
1
C1AB2...4..3...JH.I.DF.GE
1
C1AB2...4..3...JH.I.DF.GE
1
C1AB2...4..3...JH.I.DF.GE
1
C1AB2...4..3...JH.I.DF.GE
1
C1AB2...4..3...JH.I.DF.GE
1
C1AB2...4..3...JH.I.DF.GE
1
C1AB2...4..3...JH.I.DF.GE
1
C1AB2...4..3...JH.I.DF.GE
1
C1AB2...4..3...JH.I.DF.GE
1
C1AB2...4..3...JH.I.DF.GE
1
C1AB2...4..3...JH.I.DF.GE
1
C1AB2...4..3...JH.I.DF.GE
1
P2..ML..3OK..CEJ1.BFHNI4G
1
P2..ML..3OK..CEJ1.BFHNI4G
1
P2..ML..3OK..CEJ1.BFHNI4G
1
P2..ML..3OK..CEJ1.BFHNI4G
1
P2..ML..3OK..CEJ1.BFHNI4G
1
P2..ML..3OK..CEJ1.BFHNI4G
1
P2..ML..3OK..CEJ1.BFHNI4G
1
P2..ML..3OK..CEJ1.BFHNI4G
1
P2..ML..3OK..CEJ1.BFHNI4G
1
P2..ML..3OK..CEJ1.BFHNI4G
1
P2..ML..3OK..CEJ1.BFHNI4G
1
P2..ML..3OK..CEJ1.BFHNI4G
1
P2..ML..3OK..CEJ1.BFHNI4G
1
0
1
0
1
0
1
0
1
0
1
0
1
0
1
0
1
0
1
0
1
0
1
0
1
P2.QML..3OK..CEJ1.BFHNI4G
1
P2.QML..3OK..CEJ1.BFHNI4G
1
P2.QML..3OK..CEJ1.BFHNI4G
1
P2.QML..3OK..CEJ1.BFHNI4G
1
P2.QML..3OK..CEJ1.BFHNI4G
1
P2.QML..3OK..CEJ1.BFHNI4G
1
P2.QML..3OK..CEJ1.BFHNI4G
1
P2.QML..3OK..CEJ1.BFHNI4G
1
P2.QML..3OK..CEJ1.BFHNI4G
1
P2.QML..3OK..CEJ1.BFHNI4G
1
P2.QML..3OK..CEJ1.BFHNI4G
1
P2.QML..3OK..CEJ1.BFHNI4G
1
P2.QML..3OK..CEJ1.BFHNI4G
1
C1AB2...4..3...JH.IKDF.GE
1
C1AB2...4..3...JH.IKDF.GE
1
C1AB2...4..3...JH.IKDF.GE
1
C1AB2...4..3...JH.IKDF.GE
1
C1AB2...4..3...JH.IKDF.GE
1
C1AB2...4..3...JH.IKDF.GE
1
C1AB2...4..3...JH.IKDF.GE
1
C1AB2...4..3...JH.IKDF.GE
1
C1AB2...4..3...JH.IKDF.GE
1
C1AB2...4..3...JH.IKDF.GE
1
C1AB2...4..3...JH.IKDF.GE
1
C1AB2...4..3...JH.IKDF.GE
1
P.2QML..3OK..CEJ1.BFHNI4G
0
P.2QML..3OK..CEJ1.BFHNI4G
0
P.2QML..3OK..CEJ1.BFHNI4G
0
P.2QML..3OK..CEJ1.BFHNI4G
0
P.2QML..3OK..CEJ1.BFHNI4G
0
P.2QML..3OK..CEJ1.BFHNI4G
0
P.2QML..3OK..CEJ1.BFHNI4G
0
P.2QML..3OK..CEJ1.BFHNI4G
0
P.2QML..3OK..CEJ1.BFHNI4G
0
P.2QML..3OK..CEJ1.BFHNI4G
0
P.2QML..3OK..CEJ1.BFHNI4G
0
P.2QML..3OK..CEJ1.BFHNI4G
0
P.2QML..3OK..CEJ1.BFHNI4G
1
1
1
1
1
1
1
1
1
1
1
1
1
1
1
1
1
1
1
1
1
1
1
1
1
PR2QML..3OK..CEJ1.BFHNI4G
1
PR2QML..3OK..CEJ1.BFHNI4G
1
PR2QML..3OK..CEJ1.BFHNI4G
1
PR2QML..3OK..CEJ1.BFHNI4G
1
PR2QML..3OK..CEJ1.BFHNI4G
1
PR2QML..3OK..CEJ1.BFHNI4G
1
PR2QML..3OK..CEJ1.BFHNI4G
1
PR2QML..3OK..CEJ1.BFHNI4G
1
PR2QML..3OK..CEJ1.BFHNI4G
1
PR2QML..3OK..CEJ1.BFHNI4G
1
PR2QML..3OK..CEJ1.BFHNI4G
1
PR2QML..3OK..CEJ1.BFHNI4G
1
PR2QML..3OK..CEJ1.BFHNI4G
1
C1AB2......3.4.JH.IKDF.GE
1
C1AB2......3.4.JH.IKDF.GE
1
C1AB2......3.4.JH.IKDF.GE
1
C1AB2......3.4.JH.IKDF.GE
1
C1AB2......3.4.JH.IKDF.GE
1
C1AB2......3.4.JH.IKDF.GE
1
C1AB2......3.4.JH.IKDF.GE
1
C1AB2......3.4.JH.IKDF.GE
1
C1AB2......3.4.JH.IKDF.GE
1
C1AB2......3.4.JH.IKDF.GE
1
C1AB2......3.4.JH.IKDF.GE
1
C1AB2......3.4.JH.IKDF.GE
1
PR2QML.3.OK..CEJ1.BFHNI4G
1
PR2QML.3.OK..CEJ1.BFHNI4G
1
PR2QML.3.OK..CEJ1.BFHNI4G
1
PR2QML.3.OK..CEJ1.BFHNI4G
1
PR2QML.3.OK..CEJ1.BFHNI4G
1
PR2QML.3.OK..CEJ1.BFHNI4G
1
PR2QML.3.OK..CEJ1.BFHNI4G
1
PR2QML.3.OK..CEJ1.BFHNI4G
1
PR2QML.3.OK..CEJ1.BFHNI4G
1
PR2QML.3.OK..CEJ1.BFHNI4G
1
PR2QML.3.OK..CEJ1.BFHNI4G
1
PR2QML.3.OK..CEJ1.BFHNI4G
1
PR2QML.3.OK..CEJ1.BFHNI4G
1
C1AB2L.....3.4.JH.IKDF.GE
1
C1AB2L.....3.4.JH.IKDF.GE
1
C1AB2L.....3.4.JH.IKDF.GE
1
C1AB2L.....3.4.JH.IKDF.GE
1
C1AB2L.....3.4.JH.IKDF.GE
1
C1AB2L.....3.4.JH.IKDF.GE
1
C1AB2L.....3.4.JH.IKDF.GE
1
C1AB2L.....3.4.JH.IKDF.GE
1
C1AB2L.....3.4.JH.IKDF.GE
1
C1AB2L.....3.4.JH.IKDF.GE
1
C1AB2L.....3.4.JH.IKDF.GE
1
C1AB2L.....3.4.JH.IKDF.GE
1
PR2QML.3SOK..CEJ1.BFHNI4G
1
PR2QML.3SOK..CEJ1.BFHNI4G
1
PR2QML.3SOK..CEJ1.BFHNI4G
1
PR2QML.3SOK..CEJ1.BFHNI4G
1
PR2QML.3SOK..CEJ1.BFHNI4G
1
PR2QML.3SOK..CEJ1.BFHNI4G
1
PR2QML.3SOK..CEJ1.BFHNI4G
1
PR2QML.3SOK..CEJ1.BFHNI4G
1
PR2QML.3SOK..CEJ1.BFHNI4G
1
PR2QML.3SOK..CEJ1.BFHNI4G
1
PR2QML.3SOK..CEJ1.BFHNI4G
1
PR2QML.3SOK..CEJ1.BFHNI4G
1
PR2QML.3SOK..CEJ1.BFHNI4G
1
C1AB2L....3..4.JH.IKDF.GE
1
C1AB2L....3..4.JH.IKDF.GE
1
C1AB2L....3..4.JH.IKDF.GE
1
C1AB2L....3..4.JH.IKDF.GE
1
C1AB2L....3..4.JH.IKDF.GE
1
C1AB2L....3..4.JH.IKDF.GE
1
C1AB2L....3..4.JH.IKDF.GE
1
C1AB2L....3..4.JH.IKDF.GE
1
C1AB2L....3..4.JH.IKDF.GE
1
C1AB2L....3..4.JH.IKDF.GE
1
C1AB2L....3..4.JH.IKDF.GE
1
C1AB2L....3..4.JH.IKDF.GE
1
PR2QML3.SOK..CEJ1.BFHNI4G
1
PR2QML3.SOK..CEJ1.BFHNI4G
1
PR2QML3.SOK..CEJ1.BFHNI4G
1
PR2QML3.SOK..CEJ1.BFHNI4G
1
PR2QML3.SOK..CEJ1.BFHNI4G
1
PR2QML3.SOK..CEJ1.BFHNI4G
1
PR2QML3.SOK..CEJ1.BFHNI4G
1
PR2QML3.SOK..CEJ1.BFHNI4G
1
PR2QML3.SOK..CEJ1.BFHNI4G
1
PR2QML3.SOK..CEJ1.BFHNI4G
1
PR2QML3.SOK..CEJ1.BFHNI4G
1
PR2QML3.SOK..CEJ1.BFHNI4G
1
PR2QML3.SOK..CEJ1.BFHNI4G
1
C1AB2L....3..4.JH.IKDFMGE
1
C1AB2L....3..4.JH.IKDFMGE
1
C1AB2L....3..4.JH.IKDFMGE
1
C1AB2L....3..4.JH.IKDFMGE
1
C1AB2L....3..4.JH.IKDFMGE
1
C1AB2L....3..4.JH.IKDFMGE
1
C1AB2L....3..4.JH.IKDFMGE
1
C1AB2L....3..4.JH.IKDFMGE
1
C1AB2L....3..4.JH.IKDFMGE
1
C1AB2L....3..4.JH.IKDFMGE
1
C1AB2L....3..4.JH.IKDFMGE
1
C1AB2L....3..4.JH.IKDFMGE
1
PR2QML3.SOKT.CEJ1.BFHNI4G
1
PR2QML3.SOKT.CEJ1.BFHNI4G
1
PR2QML3.SOKT.CEJ1.BFHNI4G
1
PR2QML3.SOKT.CEJ1.BFHNI4G
1
PR2QML3.SOKT.CEJ1.BFHNI4G
1
PR2QML3.SOKT.CEJ1.BFHNI4G
1
PR2QML3.SOKT.CEJ1.BFHNI4G
1
PR2QML3.SOKT.CEJ1.BFHNI4G
1
PR2QML3.SOKT.CEJ1.BFHNI4G
1
PR2QML3.SOKT.CEJ1.BFHNI4G
1
PR2QML3.SOKT.CEJ1.BFHNI4G
1
PR2QML3.SOKT.CEJ1.BFHNI4G
1
PR2QML3.SOKT.CEJ1.BFHNI4G
1
C1AB2L....3...4JH.IKDFMGE
1
C1AB2L....3...4JH.IKDFMGE
1
C1AB2L....3...4JH.IKDFMGE
1
C1AB2L....3...4JH.IKDFMGE
1
C1AB2L....3...4JH.IKDFMGE
1
C1AB2L....3...4JH.IKDFMGE
1
C1AB2L....3...4JH.IKDFMGE
1
C1AB2L....3...4JH.IKDFMGE
1
C1AB2L....3...4JH.IKDFMGE
1
C1AB2L....3...4JH.IKDFMGE
1
C1AB2L....3...4JH.IKDFMGE
1
C1AB2L....3...4JH.IKDFMGE
1
PR2QML.3SOKT.CEJ1.BFHNI4G
1
PR2QML.3SOKT.CEJ1.BFHNI4G
1
PR2QML.3SOKT.CEJ1.BFHNI4G
1
PR2QML.3SOKT.CEJ1.BFHNI4G
1
PR2QML.3SOKT.CEJ1.BFHNI4G
1
PR2QML.3SOKT.CEJ1.BFHNI4G
1
PR2QML.3SOKT.CEJ1.BFHNI4G
1
PR2QML.3SOKT.CEJ1.BFHNI4G
1
PR2QML.3SOKT.CEJ1.BFHNI4G
1
PR2QML.3SOKT.CEJ1.BFHNI4G
1
PR2QML.3SOKT.CEJ1.BFHNI4G
1
PR2QML.3SOKT.CEJ1.BFHNI4G
1
PR2QML.3SOKT.CEJ1.BFHNI4G
-5
C1AB2L...N3...4JH.IKDFMGE
-5
C1AB2L...N3...4JH.IKDFMGE
-5
C1AB2L...N3...4JH.IKDFMGE
-5
C1AB2L...N3...4JH.IKDFMGE
-5
C1AB2L...N3...4JH.IKDFMGE
-5
C1AB2L...N3...4JH.IKDFMGE
-5
C1AB2L...N3...4JH.IKDFMGE
-5
C1AB2L...N3...4JH.IKDFMGE
-5
C1AB2L...N3...4JH.IKDFMGE
-5
C1AB2L...N3...4JH.IKDFMGE
-5
C1AB2L...N3...4JH.IKDFMGE
-5
C1AB2L...N3...4JH.IKDFMGE
-5
0
1
0
1
0
1
0
1
0
1
0
1
0
1
0
1
0
1
0
1
0
1
0
1
0
0
C.AB2L1..N3...4JH.IKDFMGE
0
C.AB2L1..N3...4JH.IKDFMGE
0
C.AB2L1..N3...4JH.IKDFMGE
0
C.AB2L1..N3...4JH.IKDFMGE
0
C.AB2L1..N3...4JH.IKDFMGE
0
C.AB2L1..N3...4JH.IKDFMGE
0
C.AB2L1..N3...4JH.IKDFMGE
0
C.AB2L1..N3...4JH.IKDFMGE
0
C.AB2L1..N3...4JH.IKDFMGE
0
C.AB2L1..N3...4JH.IKDFMGE
0
C.AB2L1..N3...4JH.IKDFMGE
0
C.AB2L1..N3...4JH.IKDFMGE
0
0
1
0
1
0
1
0
1
0
1
0
1
0
1
0
1
0
1
0
1
0
1
0
1
0
0
COAB2L1..N3...4JH.IKDFMGE
0
COAB2L1..N3...4JH.IKDFMGE
0
COAB2L1..N3...4JH.IKDFMGE
0
COAB2L1..N3...4JH.IKDFMGE
0
COAB2L1..N3...4JH.IKDFMGE
0
COAB2L1..N3...4JH.IKDFMGE
0
COAB2L1..N3...4JH.IKDFMGE
0
COAB2L1..N3...4JH.IKDFMGE
0
COAB2L1..N3...4JH.IKDFMGE
0
COAB2L1..N3...4JH.IKDFMGE
0
COAB2L1..N3...4JH.IKDFMGE
0
COAB2L1..N3...4JH.IKDFMGE
0
0
1
0
1
0
1
0
1
0
1
0
1
0
1
0
1
0
1
0
1
0
1
0
1
0
0
COAB.L1.2N3...4JH.IKDFMGE
0
COAB.L1.2N3...4JH.IKDFMGE
0
COAB.L1.2N3...4JH.IKDFMGE
0
COAB.L1.2N3...4JH.IKDFMGE
0
COAB.L1.2N3...4JH.IKDFMGE
0
COAB.L1.2N3...4JH.IKDFMGE
0
COAB.L1.2N3...4JH.IKDFMGE
0
COAB.L1.2N3...4JH.IKDFMGE
0
COAB.L1.2N3...4JH.IKDFMGE
0
COAB.L1.2N3...4JH.IKDFMGE
0
COAB.L1.2N3...4JH.IKDFMGE
0
COAB.L1.2N3...4JH.IKDFMGE
0
0
1
0
1
0
1
0
1
0
1
0
1
0
1
0
1
0
1
0
1
0
1
0
1
0
1
COABPL1.2N3...4JH.IKDFMGE
1
COABPL1.2N3...4JH.IKDFMGE
1
COABPL1.2N3...4JH.IKDFMGE
1
COABPL1.2N3...4JH.IKDFMGE
1
COABPL1.2N3...4JH.IKDFMGE
1
COABPL1.2N3...4JH.IKDFMGE
1
COABPL1.2N3...4JH.IKDFMGE
1
COABPL1.2N3...4JH.IKDFMGE
1
COABPL1.2N3...4JH.IKDFMGE
1
COABPL1.2N3...4JH.IKDFMGE
1
COABPL1.2N3...4JH.IKDFMGE
1
COABPL1.2N3...4JH.IKDFMGE
1
PR2QML.3SOKT.CEJ1IBFHN.4G
1
PR2QML.3SOKT.CEJ1IBFHN.4G
1
PR2QML.3SOKT.CEJ1IBFHN.4G
1
PR2QML.3SOKT.CEJ1IBFHN.4G
1
PR2QML.3SOKT.CEJ1IBFHN.4G
1
PR2QML.3SOKT.CEJ1IBFHN.4G
1
PR2QML.3SOKT.CEJ1IBFHN.4G
1
PR2QML.3SOKT.CEJ1IBFHN.4G
1
PR2QML.3SOKT.CEJ1IBFHN.4G
1
PR2QML.3SOKT.CEJ1IBFHN.4G
1
PR2QML.3SOKT.CEJ1IBFHN.4G
1
PR2QML.3SOKT.CEJ1IBFHN.4G
1
PR2QML.3SOKT.CEJ1IBFHN.4G
1
COABPL.12N3...4JH.IKDFMGE
1
COABPL.12N3...4JH.IKDFMGE
1
COABPL.12N3...4JH.IKDFMGE
1
COABPL.12N3...4JH.IKDFMGE
1
COABPL.12N3...4JH.IKDFMGE
1
COABPL.12N3...4JH.IKDFMGE
1
COABPL.12N3...4JH.IKDFMGE
1
COABPL.12N3...4JH.IKDFMGE
1
COABPL.12N3...4JH.IKDFMGE
1
COABPL.12N3...4JH.IKDFMGE
1
COABPL.12N3...4JH.IKDFMGE
1
COABPL.12N3...4JH.IKDFMGE
1
PR2QML13SOK..CEJ.IBFHN.4G
1
PR2QML13SOK..CEJ.IBFHN.4G
1
PR2QML13SOK..CEJ.IBFHN.4G
1
PR2QML13SOK..CEJ.IBFHN.4G
1
PR2QML13SOK..CEJ.IBFHN.4G
1
PR2QML13SOK..CEJ.IBFHN.4G
1
PR2QML13SOK..CEJ.IBFHN.4G
1
PR2QML13SOK..CEJ.IBFHN.4G
1
PR2QML13SOK..CEJ.IBFHN.4G
1
PR2QML13SOK..CEJ.IBFHN.4G
1
PR2QML13SOK..CEJ.IBFHN.4G
1
PR2QML13SOK..CEJ.IBFHN.4G
1
PR2QML13SOK..CEJ.IBFHN.4G
1
COABPL.12N3...4JHQIKDFMGE
1
COABPL.12N3...4JHQIKDFMGE
1
COABPL.12N3...4JHQIKDFMGE
1
COABPL.12N3...4JHQIKDFMGE
1
COABPL.12N3...4JHQIKDFMGE
1
COABPL.12N3...4JHQIKDFMGE
1
COABPL.12N3...4JHQIKDFMGE
1
COABPL.12N3...4JHQIKDFMGE
1
COABPL.12N3...4JHQIKDFMGE
1
COABPL.12N3...4JHQIKDFMGE
1
COABPL.12N3...4JHQIKDFMGE
1
COABPL.12N3...4JHQIKDFMGE
1
PR2QML13SOK..CEJNIBFH..4G
1
PR2QML13SOK..CEJNIBFH..4G
1
PR2QML13SOK..CEJNIBFH..4G
1
PR2QML13SOK..CEJNIBFH..4G
1
PR2QML13SOK..CEJNIBFH..4G
1
PR2QML13SOK..CEJNIBFH..4G
1
PR2QML13SOK..CEJNIBFH..4G
1
PR2QML13SOK..CEJNIBFH..4G
1
PR2QML13SOK..CEJNIBFH..4G
1
PR2QML13SOK..CEJNIBFH..4G
1
PR2QML13SOK..CEJNIBFH..4G
1
PR2QML13SOK..CEJNIBFH..4G
1
PR2QML13SOK..CEJNIBFH..4G
1
COABPL.1.N3..24JHQIKDFMGE
1
COABPL.1.N3..24JHQIKDFMGE
1
COABPL.1.N3..24JHQIKDFMGE
1
COABPL.1.N3..24JHQIKDFMGE
1
COABPL.1.N3..24JHQIKDFMGE
1
COABPL.1.N3..24JHQIKDFMGE
1
COABPL.1.N3..24JHQIKDFMGE
1
COABPL.1.N3..24JHQIKDFMGE
1
COABPL.1.N3..24JHQIKDFMGE
1
COABPL.1.N3..24JHQIKDFMGE
1
COABPL.1.N3..24JHQIKDFMGE
1
COABPL.1.N3..24JHQIKDFMGE
1
PR2QML13SOK..CEJNIBFH.4.G
1
PR2QML13SOK..CEJNIBFH.4.G
1
PR2QML13SOK..CEJNIBFH.4.G
1
PR2QML13SOK..CEJNIBFH.4.G
1
PR2QML13SOK..CEJNIBFH.4.G
1
PR2QML13SOK..CEJNIBFH.4.G
1
PR2QML13SOK..CEJNIBFH.4.G
1
PR2QML13SOK..CEJNIBFH.4.G
1
PR2QML13SOK..CEJNIBFH.4.G
1
PR2QML13SOK..CEJNIBFH.4.G
1
PR2QML13SOK..CEJNIBFH.4.G
1
PR2QML13SOK..CEJNIBFH.4.G
1
PR2QML13SOK..CEJNIBFH.4.G
1
COABPLR1.N3..24JHQIKDFMGE
1
COABPLR1.N3..24JHQIKDFMGE
1
COABPLR1.N3..24JHQIKDFMGE
1
COABPLR1.N3..24JHQIKDFMGE
1
COABPLR1.N3..24JHQIKDFMGE
1
COABPLR1.N3..24JHQIKDFMGE
1
COABPLR1.N3..24JHQIKDFMGE
1
COABPLR1.N3..24JHQIKDFMGE
1
COABPLR1.N3..24JHQIKDFMGE
1
COABPLR1.N3..24JHQIKDFMGE
1
COABPLR1.N3..24JHQIKDFMGE
1
COABPLR1.N3..24JHQIKDFMGE
1
PR2QML13SOKN.CEJ.IBFH.4.G
1
PR2QML13SOKN.CEJ.IBFH.4.G
1
PR2QML13SOKN.CEJ.IBFH.4.G
1
PR2QML13SOKN.CEJ.IBFH.4.G
1
PR2QML13SOKN.CEJ.IBFH.4.G
1
PR2QML13SOKN.CEJ.IBFH.4.G
1
PR2QML13SOKN.CEJ.IBFH.4.G
1
PR2QML13SOKN.CEJ.IBFH.4.G
1
PR2QML13SOKN.CEJ.IBFH.4.G
1
PR2QML13SOKN.CEJ.IBFH.4.G
1
PR2QML13SOKN.CEJ.IBFH.4.G
1
PR2QML13SOKN.CEJ.IBFH.4.G
1
PR2QML13SOKN.CEJ.IBFH.4.G
1
COABPLR..N3.124JHQIKDFMGE
1
COABPLR..N3.124JHQIKDFMGE
1
COABPLR..N3.124JHQIKDFMGE
1
COABPLR..N3.124JHQIKDFMGE
1
COABPLR..N3.124JHQIKDFMGE
1
COABPLR..N3.124JHQIKDFMGE
1
COABPLR..N3.124JHQIKDFMGE
1
COABPLR..N3.124JHQIKDFMGE
1
COABPLR..N3.124JHQIKDFMGE
1
COABPLR..N3.124JHQIKDFMGE
1
COABPLR..N3.124JHQIKDFMGE
1
COABPLR..N3.124JHQIKDFMGE
1
PR2QML13SOKN4CEJ..BFH...G
1
PR2QML13SOKN4CEJ..BFH...G
1
PR2QML13SOKN4CEJ..BFH...G
1
PR2QML13SOKN4CEJ..BFH...G
1
PR2QML13SOKN4CEJ..BFH...G
1
PR2QML13SOKN4CEJ..BFH...G
1
PR2QML13SOKN4CEJ..BFH...G
1
PR2QML13SOKN4CEJ..BFH...G
1
PR2QML13SOKN4CEJ..BFH...G
1
PR2QML13SOKN4CEJ..BFH...G
1
PR2QML13SOKN4CEJ..BFH...G
1
PR2QML13SOKN4CEJ..BFH...G
1
PR2QML13SOKN4CEJ..BFH...G
1
COABPLR.SN3.124JHQIKDFMGE
1
COABPLR.SN3.124JHQIKDFMGE
1
COABPLR.SN3.124JHQIKDFMGE
1
COABPLR.SN3.124JHQIKDFMGE
1
COABPLR.SN3.124JHQIKDFMGE
1
COABPLR.SN3.124JHQIKDFMGE
1
COABPLR.SN3.124JHQIKDFMGE
1
COABPLR.SN3.124JHQIKDFMGE
1
COABPLR.SN3.124JHQIKDFMGE
1
COABPLR.SN3.124JHQIKDFMGE
1
COABPLR.SN3.124JHQIKDFMGE
1
COABPLR.SN3.124JHQIKDFMGE
1
PR2QML13SOKN4CEJ..BFH..G.
1
PR2QML13SOKN4CEJ..BFH..G.
1
PR2QML13SOKN4CEJ..BFH..G.
1
PR2QML13SOKN4CEJ..BFH..G.
1
PR2QML13SOKN4CEJ..BFH..G.
1
PR2QML13SOKN4CEJ..BFH..G.
1
PR2QML13SOKN4CEJ..BFH..G.
1
PR2QML13SOKN4CEJ..BFH..G.
1
PR2QML13SOKN4CEJ..BFH..G.
1
PR2QML13SOKN4CEJ..BFH..G.
1
PR2QML13SOKN4CEJ..BFH..G.
1
PR2QML13SOKN4CEJ..BFH..G.
1
PR2QML13SOKN4CEJ..BFH..G.
1
COABPLR.SN31.24JHQIKDFMGE
1
COABPLR.SN31.24JHQIKDFMGE
1
COABPLR.SN31.24JHQIKDFMGE
1
COABPLR.SN31.24JHQIKDFMGE
1
COABPLR.SN31.24JHQIKDFMGE
1
COABPLR.SN31.24JHQIKDFMGE
1
COABPLR.SN31.24JHQIKDFMGE
1
COABPLR.SN31.24JHQIKDFMGE
1
COABPLR.SN31.24JHQIKDFMGE
1
COABPLR.SN31.24JHQIKDFMGE
1
COABPLR.SN31.24JHQIKDFMGE
1
COABPLR.SN31.24JHQIKDFMGE
1
PR2QML.3SOK.4CEJ1.BFH..G.
1
PR2QML.3SOK.4CEJ1.BFH..G.
1
PR2QML.3SOK.4CEJ1.BFH..G.
1
PR2QML.3SOK.4CEJ1.BFH..G.
1
PR2QML.3SOK.4CEJ1.BFH..G.
1
PR2QML.3SOK.4CEJ1.BFH..G.
1
PR2QML.3SOK.4CEJ1.BFH..G.
1
PR2QML.3SOK.4CEJ1.BFH..G.
1
PR2QML.3SOK.4CEJ1.BFH..G.
1
PR2QML.3SOK.4CEJ1.BFH..G.
1
PR2QML.3SOK.4CEJ1.BFH..G.
1
PR2QML.3SOK.4CEJ1.BFH..G.
1
PR2QML.3SOK.4CEJ1.BFH..G.
PR2QML.3SOK.4CEJ1.BFH..G.
COABPLR.SN31T24JHQIKDFMGE
PR2QML.3SOK.4CEJ1.BFH..G.
COABPLR.SN31T24JHQIKDFMGE
PR2QML.3SOK.4CEJ1.BFH..G.
COABPLR.SN31T24JHQIKDFMGE
PR2QML.3SOK.4CEJ1.BFH..G.
COABPLR.SN31T24JHQIKDFMGE
PR2QML.3SOK.4CEJ1.BFH..G.
COABPLR.SN31T24JHQIKDFMGE
PR2QML.3SOK.4CEJ1.BFH..G.
COABPLR.SN31T24JHQIKDFMGE
PR2QML.3SOK.4CEJ1.BFH..G.
COABPLR.SN31T24JHQIKDFMGE
PR2QML.3SOK.4CEJ1.BFH..G.
COABPLR.SN31T24JHQIKDFMGE
PR2QML.3SOK.4CEJ1.BFH..G.
COABPLR.SN31T24JHQIKDFMGE
PR2QML.3SOK.4CEJ1.BFH..G.
COABPLR.SN31T24JHQIKDFMGE
PR2QML.3SOK.4CEJ1.BFH..G.
COABPLR.SN31T24JHQIKDFMGE
PR2QML.3SOK.4CEJ1.BFH..G.
COABPLR.SN31T24JHQIKDFMGE
PR2QML.3SOK.4CEJ1.BFH..G.
3
2
3
2
3
2
3
2
3
2
3
2
3
2
3
2
3
2
3
2
3
2
3
2
3
2
3
2
3
2
3
2
3
2
3
2
3
2
3
2
3
2
3
2
3
2
3
2
3
2
0
0
0
0
0
0
0
0
0
0
0
0
0
0
0
0
0
0
0
0
0
0
0
0
0
0
0
0
0
0
0
0
0
0
0
0
0
0
0
0
0
0
0
0
0
0
0
0
0
0
