0
30
0
40
1
2
J4
J3
1
0
1...2...............3...4
1...2...............3...4
-4
-3
-3
0
1
0
1
1...2.......A.......3...4
1
....2.1.....A.......3...4
1
....2.1.....A.....B.3...4
1
....2.1.....A.....B.3..4.
1
....2.1.....AC....B.3..4.
1
....2.1.....AC..3.B....4.
1
....2.1.D...AC..3.B....4.
1
....2.1.D...AC...3B....4.
1
....2.1ED...AC...3B....4.
1
....2.1ED...AC.....3...4.
1
....2.1ED...AC....F3...4.
1
....2.1ED...AC...3.....4.
1
..G.2.1ED...AC...3.....4.
0
1
..G.2..ED....C...31....4.
1
..GH2..ED....C...31....4.
0
0
0
0
0
0
1
..GH...E....2C...31....4.
0
1
..GH...E....2CI..31....4.
1
..GH...E1...2.I..3.....4.
3
2
0
0
